#
# A fatal error has been detected by the Java Runtime Environment:
#
#  EXCEPTION_ACCESS_VIOLATION (0xc0000005) at pc=0x00007ff9ce55a7a5, pid=9640, tid=4764
#
# JRE version: OpenJDK Runtime Environment AdoptOpenJDK (11.0.10+9) (build 11.0.10+9)
# Java VM: OpenJDK 64-Bit Server VM AdoptOpenJDK (11.0.10+9, mixed mode, tiered, compressed oops, g1 gc, windows-amd64)
# Problematic frame:
# V  [jvm.dll+0x2da7a5]
#
# No core dump will be written. Minidumps are not enabled by default on client versions of Windows
#
# If you would like to submit a bug report, please visit:
#   https://github.com/AdoptOpenJDK/openjdk-support/issues
#

---------------  S U M M A R Y ------------

Command Line: -Djavax.net.ssl.trustStoreType=WINDOWS-ROOT com.st.microxplorer.maingui.STM32CubeMX C:\Users\MYDELL\Documents\code\cayvailol\cayvailol.ioc

Host: Intel(R) Core(TM) i5-4590 CPU @ 3.30GHz, 4 cores, 15G,  Windows 10 , 64 bit Build 19041 (10.0.19041.1645)
Time: Wed May 11 10:30:24 2022 SE Asia Standard Time elapsed time: 1.602952 seconds (0d 0h 0m 1s)

---------------  T H R E A D  ---------------

Current thread (0x000001df671cd000):  ConcurrentGCThread "G1 Conc#0" [stack: 0x00000003ebd00000,0x00000003ebe00000] [id=4764]

Stack: [0x00000003ebd00000,0x00000003ebe00000],  sp=0x00000003ebdff600,  free space=1021k
Native frames: (J=compiled Java code, j=interpreted, Vv=VM code, C=native code)
V  [jvm.dll+0x2da7a5]
V  [jvm.dll+0x2def6a]
V  [jvm.dll+0x2e62b4]
V  [jvm.dll+0x7a9490]
V  [jvm.dll+0x739ba4]
V  [jvm.dll+0x5f2466]
C  [ucrtbase.dll+0x21bb2]
C  [KERNEL32.DLL+0x17034]
C  [ntdll.dll+0x52651]


siginfo: EXCEPTION_ACCESS_VIOLATION (0xc0000005), reading address 0xffffffffffffffff


Register to memory mapping:

RIP=0x00007ff9ce55a7a5 jvm.dll
RAX=0x000001df6715b1e0 points into unknown readable memory: 0x4f464e4952455355 | 55 53 45 52 49 4e 46 4f
RBX=0x000000070e75146c is pointing into object: java.lang.String 
{0x000000070e751460} - klass: 'java/lang/String'
RCX=0x0000000000000014 is an unknown value
RDX=0x0 is NULL
RSP=0x00000003ebdff600 points into unknown readable memory: 0x000001df671ba278 | 78 a2 1b 67 df 01 00 00
RBP=0x0 is NULL
RSI=0x0000000800001a68 is pointing into metadata
RDI=0x00000001706d6f40 is an unknown value
R8 =0x00000001706d6f40 is an unknown value
R9 =0x0 is NULL
R10=0x6b636f6c5f525300 is an unknown value
R11=0x0000000000000246 is an unknown value
R12=0x0 is NULL
R13=0x00007ff9cec871d0 jvm.dll
R14=0x0000000800001a70 is a pointer to class: 
java.lang.reflect.AnnotatedElement {0x0000000800001a78}
R15=0x000001df671ba1d0 points into unknown readable memory: 0x000001df671cb000 | 00 b0 1c 67 df 01 00 00


Registers:
RAX=0x000001df6715b1e0, RBX=0x000000070e75146c, RCX=0x0000000000000014, RDX=0x0000000000000000
RSP=0x00000003ebdff600, RBP=0x0000000000000000, RSI=0x0000000800001a68, RDI=0x00000001706d6f40
R8 =0x00000001706d6f40, R9 =0x0000000000000000, R10=0x6b636f6c5f525300, R11=0x0000000000000246
R12=0x0000000000000000, R13=0x00007ff9cec871d0, R14=0x0000000800001a70, R15=0x000001df671ba1d0
RIP=0x00007ff9ce55a7a5, EFLAGS=0x0000000000010207

Top of Stack: (sp=0x00000003ebdff600)
0x00000003ebdff600:   000001df671ba278 00007ff9ce453503
0x00000003ebdff610:   00000008000060b8 000000070e800000
0x00000003ebdff620:   000000070e751460 0000000000000000
0x00000003ebdff630:   000000070e751470 00007ff9ce55ef6a
0x00000003ebdff640:   0000000800001808 000000070e751460
0x00000003ebdff650:   00000008000e5400 00000003ebdff6a0
0x00000003ebdff660:   00000003ebcff930 000001df671ba278
0x00000003ebdff670:   0000000000000003 00007ff9ce5662b4
0x00000003ebdff680:   0000000800001808 000000070e800000
0x00000003ebdff690:   000000070e751460 0000000000000000
0x00000003ebdff6a0:   00007ff9ceaff498 0000000000000000
0x00000003ebdff6b0:   000001df67160870 000001df671ba1d0
0x00000003ebdff6c0:   0000000000000000 00007ff9cea299ab
0x00000003ebdff6d0:   0000000000000000 00000000000075a3
0x00000003ebdff6e0:   0000000000000000 000001df671cd000
0x00000003ebdff6f0:   0000000000000000 00007ff9cea29490 

Instructions: (pc=0x00007ff9ce55a7a5)
0x00007ff9ce55a6a5:   c0 74 12 48 3b f8 72 16 48 3b bb a0 00 00 00 0f
0x00007ff9ce55a6b5:   82 9b 00 00 00 48 3b f9 0f 83 92 00 00 00 80 3d
0x00007ff9ce55a6c5:   97 4a 79 00 00 74 15 8b 47 08 8b 0d 43 9d 74 00
0x00007ff9ce55a6d5:   48 d3 e0 48 03 05 31 9d 74 00 eb 04 48 8b 47 08
0x00007ff9ce55a6e5:   81 78 08 00 00 00 c0 72 35 48 8b 83 b0 00 00 00
0x00007ff9ce55a6f5:   48 39 83 a8 00 00 00 73 10 48 8b 83 c8 00 00 00
0x00007ff9ce55a705:   48 39 83 c0 00 00 00 72 47 48 8b cb e8 5a 9d 00
0x00007ff9ce55a715:   00 b0 01 48 8b 5c 24 38 48 83 c4 20 5f c3 48 8b
0x00007ff9ce55a725:   4b 30 48 8d 54 24 30 48 89 7c 24 30 e8 8a 17 00
0x00007ff9ce55a735:   00 84 c0 75 1b 48 8b cb e8 9e 8f 00 00 48 8b 4b
0x00007ff9ce55a745:   30 48 8d 54 24 40 48 89 7c 24 40 e8 6b 17 00 00
0x00007ff9ce55a755:   48 8b 5c 24 38 b0 01 48 83 c4 20 5f c3 cc cc cc
0x00007ff9ce55a765:   cc cc cc cc cc cc cc cc cc cc cc 48 89 6c 24 20
0x00007ff9ce55a775:   57 41 54 41 57 48 83 ec 20 48 8b 41 08 4c 8b f9
0x00007ff9ce55a785:   4d 8b d0 44 8b e2 49 8b e9 49 8b f8 8b 88 c0 02
0x00007ff9ce55a795:   00 00 48 8b 80 b0 02 00 00 49 d3 ea 4e 8b 14 d0
0x00007ff9ce55a7a5:   4d 3b 82 60 01 00 00 72 11 32 c0 48 8b 6c 24 58
0x00007ff9ce55a7b5:   48 83 c4 20 41 5f 41 5c 5f c3 49 8b 87 90 00 00
0x00007ff9ce55a7c5:   00 48 8b d7 48 89 5c 24 40 48 89 74 24 48 be 01
0x00007ff9ce55a7d5:   00 00 00 4c 89 74 24 50 48 2b 10 8b 48 10 48 8b
0x00007ff9ce55a7e5:   40 18 48 c1 ea 03 48 d3 ea 48 8b ca 48 c1 e9 06
0x00007ff9ce55a7f5:   48 8b 1c c8 4c 8d 34 c8 0f b6 ca 48 8b c3 80 e1
0x00007ff9ce55a805:   3f 48 d3 e6 48 0b c6 48 3b c3 74 35 0f 1f 40 00
0x00007ff9ce55a815:   66 66 66 0f 1f 84 00 00 00 00 00 4c 8b 0d 99 70
0x00007ff9ce55a825:   74 00 4c 8b c3 49 8b d6 48 8b c8 41 ff d1 48 8b
0x00007ff9ce55a835:   c8 48 3b c3 74 30 48 8b d8 48 0b c6 48 3b c3 75
0x00007ff9ce55a845:   da 40 32 f6 4c 8b 74 24 50 40 0f b6 c6 48 8b 74
0x00007ff9ce55a855:   24 48 48 8b 5c 24 40 48 8b 6c 24 58 48 83 c4 20
0x00007ff9ce55a865:   41 5f 41 5c 5f c3 40 b6 01 48 85 ed 75 2d 40 38
0x00007ff9ce55a875:   2d e7 48 79 00 74 15 8b 57 08 8b 0d 93 9b 74 00
0x00007ff9ce55a885:   48 d3 e2 48 03 15 81 9b 74 00 eb 04 48 8b 57 08
0x00007ff9ce55a895:   48 8b cf e8 63 37 eb ff 48 63 e8 49 8b 87 f0 02 


Stack slot to memory mapping:
stack at sp + 0 slots: 0x000001df671ba278 points into unknown readable memory: 0x000001df67160d38 | 38 0d 16 67 df 01 00 00
stack at sp + 1 slots: 0x00007ff9ce453503 jvm.dll
stack at sp + 2 slots: 0x00000008000060b8 is a pointer to class: 
java.lang.ref.WeakReference {0x00000008000060c0}
stack at sp + 3 slots: 0x000000070e800000 is an unallocated location in the heap
stack at sp + 4 slots: 0x000000070e751460 is an oop: java.lang.String 
{0x000000070e751460} - klass: 'java/lang/String'
stack at sp + 5 slots: 0x0 is NULL
stack at sp + 6 slots: 0x000000070e751470 is an oop: 
[error occurred during error reporting (inspecting top of stack), id 0xc0000005, EXCEPTION_ACCESS_VIOLATION (0xc0000005) at pc=0x00007ff9ce8603cd]


---------------  P R O C E S S  ---------------

Threads class SMR info:
_java_thread_list=0x000001df0c87ca80, length=19, elements={
0x000001df0ac6f800, 0x000001df0b52b000, 0x000001df0b58c800, 0x000001df0b58f000,
0x000001df0b590000, 0x000001df0b53e000, 0x000001df0b543800, 0x000001df0ac9b800,
0x000001df0b727800, 0x000001df0b744800, 0x000001df0c4e0800, 0x000001df0bc3c800,
0x000001df0bc70800, 0x000001df0bf90800, 0x000001df0c086800, 0x000001df67151000,
0x000001df0f936800, 0x000001df0d03e000, 0x000001df0f642800
}

Java Threads: ( => current thread )
  0x000001df0ac6f800 JavaThread "Reference Handler" daemon [_thread_blocked, id=5756, stack(0x00000003ec100000,0x00000003ec200000)]
  0x000001df0b52b000 JavaThread "Finalizer" daemon [_thread_blocked, id=2704, stack(0x00000003ec200000,0x00000003ec300000)]
  0x000001df0b58c800 JavaThread "Signal Dispatcher" daemon [_thread_blocked, id=14008, stack(0x00000003ec300000,0x00000003ec400000)]
  0x000001df0b58f000 JavaThread "Attach Listener" daemon [_thread_blocked, id=4936, stack(0x00000003ec400000,0x00000003ec500000)]
  0x000001df0b590000 JavaThread "Service Thread" daemon [_thread_blocked, id=13664, stack(0x00000003ec500000,0x00000003ec600000)]
  0x000001df0b53e000 JavaThread "C2 CompilerThread0" daemon [_thread_blocked, id=13908, stack(0x00000003ec600000,0x00000003ec700000)]
  0x000001df0b543800 JavaThread "C1 CompilerThread0" daemon [_thread_blocked, id=5680, stack(0x00000003ec700000,0x00000003ec800000)]
  0x000001df0ac9b800 JavaThread "Sweeper thread" daemon [_thread_blocked, id=10748, stack(0x00000003ec800000,0x00000003ec900000)]
  0x000001df0b727800 JavaThread "Common-Cleaner" daemon [_thread_blocked, id=12772, stack(0x00000003eca00000,0x00000003ecb00000)]
  0x000001df0b744800 JavaThread "C2 CompilerThread1" daemon [_thread_blocked, id=11196, stack(0x00000003ecb00000,0x00000003ecc00000)]
  0x000001df0c4e0800 JavaThread "Java2D Disposer" daemon [_thread_blocked, id=8556, stack(0x00000003ecc00000,0x00000003ecd00000)]
  0x000001df0bc3c800 JavaThread "AWT-Shutdown" [_thread_blocked, id=748, stack(0x00000003ecd00000,0x00000003ece00000)]
  0x000001df0bc70800 JavaThread "AWT-Windows" daemon [_thread_in_native, id=6732, stack(0x00000003ece00000,0x00000003ecf00000)]
  0x000001df0bf90800 JavaThread "AWT-EventQueue-0" [_thread_in_native, id=5616, stack(0x00000003ecf00000,0x00000003ed000000)]
  0x000001df0c086800 JavaThread "SplashThread" [_thread_blocked, id=1044, stack(0x00000003ed000000,0x00000003ed100000)]
  0x000001df67151000 JavaThread "DestroyJavaVM" [_thread_blocked, id=11384, stack(0x00000003eba00000,0x00000003ebb00000)]
  0x000001df0f936800 JavaThread "Thread-0" [_thread_blocked, id=7396, stack(0x00000003ed600000,0x00000003ed700000)]
  0x000001df0d03e000 JavaThread "Image Fetcher 0" daemon [_thread_blocked, id=13936, stack(0x00000003ed700000,0x00000003ed800000)]
  0x000001df0f642800 JavaThread "Image Fetcher 1" daemon [_thread_blocked, id=12692, stack(0x00000003ed800000,0x00000003ed900000)]

Other Threads:
  0x000001df0ac6a800 VMThread "VM Thread" [stack: 0x00000003ec000000,0x00000003ec100000] [id=13252]
  0x000001df0b722800 WatcherThread [stack: 0x00000003ec900000,0x00000003eca00000] [id=10764]
  0x000001df6716b000 GCTaskThread "GC Thread#0" [stack: 0x00000003ebb00000,0x00000003ebc00000] [id=12944]
  0x000001df0c4f9000 GCTaskThread "GC Thread#1" [stack: 0x00000003ed100000,0x00000003ed200000] [id=5656]
  0x000001df0bcdb800 GCTaskThread "GC Thread#2" [stack: 0x00000003ed200000,0x00000003ed300000] [id=13848]
  0x000001df0bcdc000 GCTaskThread "GC Thread#3" [stack: 0x00000003ed300000,0x00000003ed400000] [id=4664]
  0x000001df671cb000 ConcurrentGCThread "G1 Main Marker" [stack: 0x00000003ebc00000,0x00000003ebd00000] [id=9492]
=>0x000001df671cd000 ConcurrentGCThread "G1 Conc#0" [stack: 0x00000003ebd00000,0x00000003ebe00000] [id=4764]
  0x000001df6722d800 ConcurrentGCThread "G1 Refine#0" [stack: 0x00000003ebe00000,0x00000003ebf00000] [id=13344]
  0x000001df0b81b800 ConcurrentGCThread "G1 Refine#1" [stack: 0x00000003ed400000,0x00000003ed500000] [id=2000]
  0x000001df0bc5e800 ConcurrentGCThread "G1 Refine#2" [stack: 0x00000003ed500000,0x00000003ed600000] [id=13668]
  0x000001df0ab52800 ConcurrentGCThread "G1 Young RemSet Sampling" [stack: 0x00000003ebf00000,0x00000003ec000000] [id=4856]

Threads with active compile tasks:

VM state:not at safepoint (normal execution)

VM Mutex/Monitor currently owned by a thread: None

Heap address: 0x0000000701400000, size: 4076 MB, Compressed Oops mode: Zero based, Oop shift amount: 3
Narrow klass base: 0x0000000800000000, Narrow klass shift: 0
Compressed class space size: 1073741824 Address: 0x0000000800000000

Heap:
 garbage-first heap   total 262144K, used 18531K [0x0000000701400000, 0x0000000800000000)
  region size 1024K, 9 young (9216K), 6 survivors (6144K)
 Metaspace       used 34920K, capacity 36285K, committed 36432K, reserved 1081344K
  class space    used 3740K, capacity 4308K, committed 4352K, reserved 1048576K
Heap Regions: E=young(eden), S=young(survivor), O=old, HS=humongous(starts), HC=humongous(continues), CS=collection set, F=free, A=archive, TAMS=top-at-mark-start (previous, next)
|   0|0x0000000701400000, 0x0000000701500000, 0x0000000701500000|100%|HS|  |TAMS 0x0000000701500000, 0x0000000701500000| Complete 
|   1|0x0000000701500000, 0x0000000701600000, 0x0000000701600000|100%|HC|  |TAMS 0x0000000701600000, 0x0000000701600000| Complete 
|   2|0x0000000701600000, 0x0000000701700000, 0x0000000701700000|100%|HC|  |TAMS 0x0000000701700000, 0x0000000701700000| Complete 
|   3|0x0000000701700000, 0x0000000701800000, 0x0000000701800000|100%|HS|  |TAMS 0x0000000701800000, 0x0000000701800000| Complete 
|   4|0x0000000701800000, 0x0000000701900000, 0x0000000701900000|100%|HS|  |TAMS 0x0000000701900000, 0x0000000701900000| Complete 
|   5|0x0000000701900000, 0x0000000701a00000, 0x0000000701a00000|100%|HC|  |TAMS 0x0000000701a00000, 0x0000000701a00000| Complete 
|   6|0x0000000701a00000, 0x0000000701b00000, 0x0000000701b00000|100%| O|  |TAMS 0x0000000701b00000, 0x0000000701b00000| Untracked 
|   7|0x0000000701b00000, 0x0000000701c00000, 0x0000000701c00000|100%| O|  |TAMS 0x0000000701c00000, 0x0000000701c00000| Untracked 
|   8|0x0000000701c00000, 0x0000000701d00000, 0x0000000701d00000|100%| O|  |TAMS 0x0000000701d00000, 0x0000000701d00000| Untracked 
|   9|0x0000000701d00000, 0x0000000701e00000, 0x0000000701e00000|100%| O|  |TAMS 0x0000000701dcdc00, 0x0000000701e00000| Untracked 
|  10|0x0000000701e00000, 0x0000000701e18c00, 0x0000000701f00000|  9%| O|  |TAMS 0x0000000701e00000, 0x0000000701e18c00| Untracked 
|  11|0x0000000701f00000, 0x0000000701f00000, 0x0000000702000000|  0%| F|  |TAMS 0x0000000701f00000, 0x0000000701f00000| Untracked 
|  12|0x0000000702000000, 0x0000000702000000, 0x0000000702100000|  0%| F|  |TAMS 0x0000000702000000, 0x0000000702000000| Untracked 
|  13|0x0000000702100000, 0x0000000702100000, 0x0000000702200000|  0%| F|  |TAMS 0x0000000702100000, 0x0000000702100000| Untracked 
|  14|0x0000000702200000, 0x0000000702200000, 0x0000000702300000|  0%| F|  |TAMS 0x0000000702200000, 0x0000000702200000| Untracked 
|  15|0x0000000702300000, 0x0000000702300000, 0x0000000702400000|  0%| F|  |TAMS 0x0000000702300000, 0x0000000702300000| Untracked 
|  16|0x0000000702400000, 0x0000000702400000, 0x0000000702500000|  0%| F|  |TAMS 0x0000000702400000, 0x0000000702400000| Untracked 
|  17|0x0000000702500000, 0x0000000702500000, 0x0000000702600000|  0%| F|  |TAMS 0x0000000702500000, 0x0000000702500000| Untracked 
|  18|0x0000000702600000, 0x0000000702600000, 0x0000000702700000|  0%| F|  |TAMS 0x0000000702600000, 0x0000000702600000| Untracked 
|  19|0x0000000702700000, 0x0000000702700000, 0x0000000702800000|  0%| F|  |TAMS 0x0000000702700000, 0x0000000702700000| Untracked 
|  20|0x0000000702800000, 0x0000000702800000, 0x0000000702900000|  0%| F|  |TAMS 0x0000000702800000, 0x0000000702800000| Untracked 
|  21|0x0000000702900000, 0x0000000702900000, 0x0000000702a00000|  0%| F|  |TAMS 0x0000000702900000, 0x0000000702900000| Untracked 
|  22|0x0000000702a00000, 0x0000000702a00000, 0x0000000702b00000|  0%| F|  |TAMS 0x0000000702a00000, 0x0000000702a00000| Untracked 
|  23|0x0000000702b00000, 0x0000000702b00000, 0x0000000702c00000|  0%| F|  |TAMS 0x0000000702b00000, 0x0000000702b00000| Untracked 
|  24|0x0000000702c00000, 0x0000000702c00000, 0x0000000702d00000|  0%| F|  |TAMS 0x0000000702c00000, 0x0000000702c00000| Untracked 
|  25|0x0000000702d00000, 0x0000000702d00000, 0x0000000702e00000|  0%| F|  |TAMS 0x0000000702d00000, 0x0000000702d00000| Untracked 
|  26|0x0000000702e00000, 0x0000000702e00000, 0x0000000702f00000|  0%| F|  |TAMS 0x0000000702e00000, 0x0000000702e00000| Untracked 
|  27|0x0000000702f00000, 0x0000000702f00000, 0x0000000703000000|  0%| F|  |TAMS 0x0000000702f00000, 0x0000000702f00000| Untracked 
|  28|0x0000000703000000, 0x0000000703000000, 0x0000000703100000|  0%| F|  |TAMS 0x0000000703000000, 0x0000000703000000| Untracked 
|  29|0x0000000703100000, 0x0000000703100000, 0x0000000703200000|  0%| F|  |TAMS 0x0000000703100000, 0x0000000703100000| Untracked 
|  30|0x0000000703200000, 0x0000000703200000, 0x0000000703300000|  0%| F|  |TAMS 0x0000000703200000, 0x0000000703200000| Untracked 
|  31|0x0000000703300000, 0x0000000703300000, 0x0000000703400000|  0%| F|  |TAMS 0x0000000703300000, 0x0000000703300000| Untracked 
|  32|0x0000000703400000, 0x0000000703400000, 0x0000000703500000|  0%| F|  |TAMS 0x0000000703400000, 0x0000000703400000| Untracked 
|  33|0x0000000703500000, 0x0000000703500000, 0x0000000703600000|  0%| F|  |TAMS 0x0000000703500000, 0x0000000703500000| Untracked 
|  34|0x0000000703600000, 0x0000000703600000, 0x0000000703700000|  0%| F|  |TAMS 0x0000000703600000, 0x0000000703600000| Untracked 
|  35|0x0000000703700000, 0x0000000703700000, 0x0000000703800000|  0%| F|  |TAMS 0x0000000703700000, 0x0000000703700000| Untracked 
|  36|0x0000000703800000, 0x0000000703800000, 0x0000000703900000|  0%| F|  |TAMS 0x0000000703800000, 0x0000000703800000| Untracked 
|  37|0x0000000703900000, 0x0000000703900000, 0x0000000703a00000|  0%| F|  |TAMS 0x0000000703900000, 0x0000000703900000| Untracked 
|  38|0x0000000703a00000, 0x0000000703a00000, 0x0000000703b00000|  0%| F|  |TAMS 0x0000000703a00000, 0x0000000703a00000| Untracked 
|  39|0x0000000703b00000, 0x0000000703b00000, 0x0000000703c00000|  0%| F|  |TAMS 0x0000000703b00000, 0x0000000703b00000| Untracked 
|  40|0x0000000703c00000, 0x0000000703c00000, 0x0000000703d00000|  0%| F|  |TAMS 0x0000000703c00000, 0x0000000703c00000| Untracked 
|  41|0x0000000703d00000, 0x0000000703d00000, 0x0000000703e00000|  0%| F|  |TAMS 0x0000000703d00000, 0x0000000703d00000| Untracked 
|  42|0x0000000703e00000, 0x0000000703e00000, 0x0000000703f00000|  0%| F|  |TAMS 0x0000000703e00000, 0x0000000703e00000| Untracked 
|  43|0x0000000703f00000, 0x0000000703f00000, 0x0000000704000000|  0%| F|  |TAMS 0x0000000703f00000, 0x0000000703f00000| Untracked 
|  44|0x0000000704000000, 0x0000000704000000, 0x0000000704100000|  0%| F|  |TAMS 0x0000000704000000, 0x0000000704000000| Untracked 
|  45|0x0000000704100000, 0x0000000704100000, 0x0000000704200000|  0%| F|  |TAMS 0x0000000704100000, 0x0000000704100000| Untracked 
|  46|0x0000000704200000, 0x0000000704200000, 0x0000000704300000|  0%| F|  |TAMS 0x0000000704200000, 0x0000000704200000| Untracked 
|  47|0x0000000704300000, 0x0000000704300000, 0x0000000704400000|  0%| F|  |TAMS 0x0000000704300000, 0x0000000704300000| Untracked 
|  48|0x0000000704400000, 0x0000000704400000, 0x0000000704500000|  0%| F|  |TAMS 0x0000000704400000, 0x0000000704400000| Untracked 
|  49|0x0000000704500000, 0x0000000704500000, 0x0000000704600000|  0%| F|  |TAMS 0x0000000704500000, 0x0000000704500000| Untracked 
|  50|0x0000000704600000, 0x0000000704600000, 0x0000000704700000|  0%| F|  |TAMS 0x0000000704600000, 0x0000000704600000| Untracked 
|  51|0x0000000704700000, 0x0000000704700000, 0x0000000704800000|  0%| F|  |TAMS 0x0000000704700000, 0x0000000704700000| Untracked 
|  52|0x0000000704800000, 0x0000000704800000, 0x0000000704900000|  0%| F|  |TAMS 0x0000000704800000, 0x0000000704800000| Untracked 
|  53|0x0000000704900000, 0x0000000704900000, 0x0000000704a00000|  0%| F|  |TAMS 0x0000000704900000, 0x0000000704900000| Untracked 
|  54|0x0000000704a00000, 0x0000000704a00000, 0x0000000704b00000|  0%| F|  |TAMS 0x0000000704a00000, 0x0000000704a00000| Untracked 
|  55|0x0000000704b00000, 0x0000000704b00000, 0x0000000704c00000|  0%| F|  |TAMS 0x0000000704b00000, 0x0000000704b00000| Untracked 
|  56|0x0000000704c00000, 0x0000000704c00000, 0x0000000704d00000|  0%| F|  |TAMS 0x0000000704c00000, 0x0000000704c00000| Untracked 
|  57|0x0000000704d00000, 0x0000000704d00000, 0x0000000704e00000|  0%| F|  |TAMS 0x0000000704d00000, 0x0000000704d00000| Untracked 
|  58|0x0000000704e00000, 0x0000000704e00000, 0x0000000704f00000|  0%| F|  |TAMS 0x0000000704e00000, 0x0000000704e00000| Untracked 
|  59|0x0000000704f00000, 0x0000000704f00000, 0x0000000705000000|  0%| F|  |TAMS 0x0000000704f00000, 0x0000000704f00000| Untracked 
|  60|0x0000000705000000, 0x0000000705000000, 0x0000000705100000|  0%| F|  |TAMS 0x0000000705000000, 0x0000000705000000| Untracked 
|  61|0x0000000705100000, 0x0000000705100000, 0x0000000705200000|  0%| F|  |TAMS 0x0000000705100000, 0x0000000705100000| Untracked 
|  62|0x0000000705200000, 0x0000000705200000, 0x0000000705300000|  0%| F|  |TAMS 0x0000000705200000, 0x0000000705200000| Untracked 
|  63|0x0000000705300000, 0x0000000705300000, 0x0000000705400000|  0%| F|  |TAMS 0x0000000705300000, 0x0000000705300000| Untracked 
|  64|0x0000000705400000, 0x0000000705400000, 0x0000000705500000|  0%| F|  |TAMS 0x0000000705400000, 0x0000000705400000| Untracked 
|  65|0x0000000705500000, 0x0000000705500000, 0x0000000705600000|  0%| F|  |TAMS 0x0000000705500000, 0x0000000705500000| Untracked 
|  66|0x0000000705600000, 0x0000000705600000, 0x0000000705700000|  0%| F|  |TAMS 0x0000000705600000, 0x0000000705600000| Untracked 
|  67|0x0000000705700000, 0x0000000705700000, 0x0000000705800000|  0%| F|  |TAMS 0x0000000705700000, 0x0000000705700000| Untracked 
|  68|0x0000000705800000, 0x0000000705800000, 0x0000000705900000|  0%| F|  |TAMS 0x0000000705800000, 0x0000000705800000| Untracked 
|  69|0x0000000705900000, 0x0000000705900000, 0x0000000705a00000|  0%| F|  |TAMS 0x0000000705900000, 0x0000000705900000| Untracked 
|  70|0x0000000705a00000, 0x0000000705a00000, 0x0000000705b00000|  0%| F|  |TAMS 0x0000000705a00000, 0x0000000705a00000| Untracked 
|  71|0x0000000705b00000, 0x0000000705b00000, 0x0000000705c00000|  0%| F|  |TAMS 0x0000000705b00000, 0x0000000705b00000| Untracked 
|  72|0x0000000705c00000, 0x0000000705c00000, 0x0000000705d00000|  0%| F|  |TAMS 0x0000000705c00000, 0x0000000705c00000| Untracked 
|  73|0x0000000705d00000, 0x0000000705d00000, 0x0000000705e00000|  0%| F|  |TAMS 0x0000000705d00000, 0x0000000705d00000| Untracked 
|  74|0x0000000705e00000, 0x0000000705e00000, 0x0000000705f00000|  0%| F|  |TAMS 0x0000000705e00000, 0x0000000705e00000| Untracked 
|  75|0x0000000705f00000, 0x0000000705f00000, 0x0000000706000000|  0%| F|  |TAMS 0x0000000705f00000, 0x0000000705f00000| Untracked 
|  76|0x0000000706000000, 0x0000000706000000, 0x0000000706100000|  0%| F|  |TAMS 0x0000000706000000, 0x0000000706000000| Untracked 
|  77|0x0000000706100000, 0x0000000706100000, 0x0000000706200000|  0%| F|  |TAMS 0x0000000706100000, 0x0000000706100000| Untracked 
|  78|0x0000000706200000, 0x0000000706200000, 0x0000000706300000|  0%| F|  |TAMS 0x0000000706200000, 0x0000000706200000| Untracked 
|  79|0x0000000706300000, 0x0000000706300000, 0x0000000706400000|  0%| F|  |TAMS 0x0000000706300000, 0x0000000706300000| Untracked 
|  80|0x0000000706400000, 0x0000000706400000, 0x0000000706500000|  0%| F|  |TAMS 0x0000000706400000, 0x0000000706400000| Untracked 
|  81|0x0000000706500000, 0x0000000706500000, 0x0000000706600000|  0%| F|  |TAMS 0x0000000706500000, 0x0000000706500000| Untracked 
|  82|0x0000000706600000, 0x0000000706600000, 0x0000000706700000|  0%| F|  |TAMS 0x0000000706600000, 0x0000000706600000| Untracked 
|  83|0x0000000706700000, 0x0000000706700000, 0x0000000706800000|  0%| F|  |TAMS 0x0000000706700000, 0x0000000706700000| Untracked 
|  84|0x0000000706800000, 0x0000000706800000, 0x0000000706900000|  0%| F|  |TAMS 0x0000000706800000, 0x0000000706800000| Untracked 
|  85|0x0000000706900000, 0x0000000706900000, 0x0000000706a00000|  0%| F|  |TAMS 0x0000000706900000, 0x0000000706900000| Untracked 
|  86|0x0000000706a00000, 0x0000000706a00000, 0x0000000706b00000|  0%| F|  |TAMS 0x0000000706a00000, 0x0000000706a00000| Untracked 
|  87|0x0000000706b00000, 0x0000000706b00000, 0x0000000706c00000|  0%| F|  |TAMS 0x0000000706b00000, 0x0000000706b00000| Untracked 
|  88|0x0000000706c00000, 0x0000000706c00000, 0x0000000706d00000|  0%| F|  |TAMS 0x0000000706c00000, 0x0000000706c00000| Untracked 
|  89|0x0000000706d00000, 0x0000000706d00000, 0x0000000706e00000|  0%| F|  |TAMS 0x0000000706d00000, 0x0000000706d00000| Untracked 
|  90|0x0000000706e00000, 0x0000000706e00000, 0x0000000706f00000|  0%| F|  |TAMS 0x0000000706e00000, 0x0000000706e00000| Untracked 
|  91|0x0000000706f00000, 0x0000000706f00000, 0x0000000707000000|  0%| F|  |TAMS 0x0000000706f00000, 0x0000000706f00000| Untracked 
|  92|0x0000000707000000, 0x0000000707000000, 0x0000000707100000|  0%| F|  |TAMS 0x0000000707000000, 0x0000000707000000| Untracked 
|  93|0x0000000707100000, 0x0000000707100000, 0x0000000707200000|  0%| F|  |TAMS 0x0000000707100000, 0x0000000707100000| Untracked 
|  94|0x0000000707200000, 0x0000000707200000, 0x0000000707300000|  0%| F|  |TAMS 0x0000000707200000, 0x0000000707200000| Untracked 
|  95|0x0000000707300000, 0x0000000707300000, 0x0000000707400000|  0%| F|  |TAMS 0x0000000707300000, 0x0000000707300000| Untracked 
|  96|0x0000000707400000, 0x0000000707400000, 0x0000000707500000|  0%| F|  |TAMS 0x0000000707400000, 0x0000000707400000| Untracked 
|  97|0x0000000707500000, 0x0000000707500000, 0x0000000707600000|  0%| F|  |TAMS 0x0000000707500000, 0x0000000707500000| Untracked 
|  98|0x0000000707600000, 0x0000000707600000, 0x0000000707700000|  0%| F|  |TAMS 0x0000000707600000, 0x0000000707600000| Untracked 
|  99|0x0000000707700000, 0x0000000707700000, 0x0000000707800000|  0%| F|  |TAMS 0x0000000707700000, 0x0000000707700000| Untracked 
| 100|0x0000000707800000, 0x0000000707800000, 0x0000000707900000|  0%| F|  |TAMS 0x0000000707800000, 0x0000000707800000| Untracked 
| 101|0x0000000707900000, 0x0000000707900000, 0x0000000707a00000|  0%| F|  |TAMS 0x0000000707900000, 0x0000000707900000| Untracked 
| 102|0x0000000707a00000, 0x0000000707a00000, 0x0000000707b00000|  0%| F|  |TAMS 0x0000000707a00000, 0x0000000707a00000| Untracked 
| 103|0x0000000707b00000, 0x0000000707b00000, 0x0000000707c00000|  0%| F|  |TAMS 0x0000000707b00000, 0x0000000707b00000| Untracked 
| 104|0x0000000707c00000, 0x0000000707c00000, 0x0000000707d00000|  0%| F|  |TAMS 0x0000000707c00000, 0x0000000707c00000| Untracked 
| 105|0x0000000707d00000, 0x0000000707d00000, 0x0000000707e00000|  0%| F|  |TAMS 0x0000000707d00000, 0x0000000707d00000| Untracked 
| 106|0x0000000707e00000, 0x0000000707e00000, 0x0000000707f00000|  0%| F|  |TAMS 0x0000000707e00000, 0x0000000707e00000| Untracked 
| 107|0x0000000707f00000, 0x0000000707f00000, 0x0000000708000000|  0%| F|  |TAMS 0x0000000707f00000, 0x0000000707f00000| Untracked 
| 108|0x0000000708000000, 0x0000000708000000, 0x0000000708100000|  0%| F|  |TAMS 0x0000000708000000, 0x0000000708000000| Untracked 
| 109|0x0000000708100000, 0x0000000708100000, 0x0000000708200000|  0%| F|  |TAMS 0x0000000708100000, 0x0000000708100000| Untracked 
| 110|0x0000000708200000, 0x0000000708200000, 0x0000000708300000|  0%| F|  |TAMS 0x0000000708200000, 0x0000000708200000| Untracked 
| 111|0x0000000708300000, 0x0000000708300000, 0x0000000708400000|  0%| F|  |TAMS 0x0000000708300000, 0x0000000708300000| Untracked 
| 112|0x0000000708400000, 0x0000000708400000, 0x0000000708500000|  0%| F|  |TAMS 0x0000000708400000, 0x0000000708400000| Untracked 
| 113|0x0000000708500000, 0x0000000708500000, 0x0000000708600000|  0%| F|  |TAMS 0x0000000708500000, 0x0000000708500000| Untracked 
| 114|0x0000000708600000, 0x0000000708600000, 0x0000000708700000|  0%| F|  |TAMS 0x0000000708600000, 0x0000000708600000| Untracked 
| 115|0x0000000708700000, 0x0000000708700000, 0x0000000708800000|  0%| F|  |TAMS 0x0000000708700000, 0x0000000708700000| Untracked 
| 116|0x0000000708800000, 0x0000000708800000, 0x0000000708900000|  0%| F|  |TAMS 0x0000000708800000, 0x0000000708800000| Untracked 
| 117|0x0000000708900000, 0x0000000708900000, 0x0000000708a00000|  0%| F|  |TAMS 0x0000000708900000, 0x0000000708900000| Untracked 
| 118|0x0000000708a00000, 0x0000000708a00000, 0x0000000708b00000|  0%| F|  |TAMS 0x0000000708a00000, 0x0000000708a00000| Untracked 
| 119|0x0000000708b00000, 0x0000000708b00000, 0x0000000708c00000|  0%| F|  |TAMS 0x0000000708b00000, 0x0000000708b00000| Untracked 
| 120|0x0000000708c00000, 0x0000000708c00000, 0x0000000708d00000|  0%| F|  |TAMS 0x0000000708c00000, 0x0000000708c00000| Untracked 
| 121|0x0000000708d00000, 0x0000000708d00000, 0x0000000708e00000|  0%| F|  |TAMS 0x0000000708d00000, 0x0000000708d00000| Untracked 
| 122|0x0000000708e00000, 0x0000000708e00000, 0x0000000708f00000|  0%| F|  |TAMS 0x0000000708e00000, 0x0000000708e00000| Untracked 
| 123|0x0000000708f00000, 0x0000000708f00000, 0x0000000709000000|  0%| F|  |TAMS 0x0000000708f00000, 0x0000000708f00000| Untracked 
| 124|0x0000000709000000, 0x0000000709000000, 0x0000000709100000|  0%| F|  |TAMS 0x0000000709000000, 0x0000000709000000| Untracked 
| 125|0x0000000709100000, 0x0000000709100000, 0x0000000709200000|  0%| F|  |TAMS 0x0000000709100000, 0x0000000709100000| Untracked 
| 126|0x0000000709200000, 0x0000000709200000, 0x0000000709300000|  0%| F|  |TAMS 0x0000000709200000, 0x0000000709200000| Untracked 
| 127|0x0000000709300000, 0x0000000709300000, 0x0000000709400000|  0%| F|  |TAMS 0x0000000709300000, 0x0000000709300000| Untracked 
| 128|0x0000000709400000, 0x0000000709400000, 0x0000000709500000|  0%| F|  |TAMS 0x0000000709400000, 0x0000000709400000| Untracked 
| 129|0x0000000709500000, 0x0000000709500000, 0x0000000709600000|  0%| F|  |TAMS 0x0000000709500000, 0x0000000709500000| Untracked 
| 130|0x0000000709600000, 0x0000000709600000, 0x0000000709700000|  0%| F|  |TAMS 0x0000000709600000, 0x0000000709600000| Untracked 
| 131|0x0000000709700000, 0x0000000709700000, 0x0000000709800000|  0%| F|  |TAMS 0x0000000709700000, 0x0000000709700000| Untracked 
| 132|0x0000000709800000, 0x0000000709800000, 0x0000000709900000|  0%| F|  |TAMS 0x0000000709800000, 0x0000000709800000| Untracked 
| 133|0x0000000709900000, 0x0000000709900000, 0x0000000709a00000|  0%| F|  |TAMS 0x0000000709900000, 0x0000000709900000| Untracked 
| 134|0x0000000709a00000, 0x0000000709a00000, 0x0000000709b00000|  0%| F|  |TAMS 0x0000000709a00000, 0x0000000709a00000| Untracked 
| 135|0x0000000709b00000, 0x0000000709b00000, 0x0000000709c00000|  0%| F|  |TAMS 0x0000000709b00000, 0x0000000709b00000| Untracked 
| 136|0x0000000709c00000, 0x0000000709c00000, 0x0000000709d00000|  0%| F|  |TAMS 0x0000000709c00000, 0x0000000709c00000| Untracked 
| 137|0x0000000709d00000, 0x0000000709d00000, 0x0000000709e00000|  0%| F|  |TAMS 0x0000000709d00000, 0x0000000709d00000| Untracked 
| 138|0x0000000709e00000, 0x0000000709e00000, 0x0000000709f00000|  0%| F|  |TAMS 0x0000000709e00000, 0x0000000709e00000| Untracked 
| 139|0x0000000709f00000, 0x0000000709f00000, 0x000000070a000000|  0%| F|  |TAMS 0x0000000709f00000, 0x0000000709f00000| Untracked 
| 140|0x000000070a000000, 0x000000070a000000, 0x000000070a100000|  0%| F|  |TAMS 0x000000070a000000, 0x000000070a000000| Untracked 
| 141|0x000000070a100000, 0x000000070a100000, 0x000000070a200000|  0%| F|  |TAMS 0x000000070a100000, 0x000000070a100000| Untracked 
| 142|0x000000070a200000, 0x000000070a200000, 0x000000070a300000|  0%| F|  |TAMS 0x000000070a200000, 0x000000070a200000| Untracked 
| 143|0x000000070a300000, 0x000000070a300000, 0x000000070a400000|  0%| F|  |TAMS 0x000000070a300000, 0x000000070a300000| Untracked 
| 144|0x000000070a400000, 0x000000070a400000, 0x000000070a500000|  0%| F|  |TAMS 0x000000070a400000, 0x000000070a400000| Untracked 
| 145|0x000000070a500000, 0x000000070a500000, 0x000000070a600000|  0%| F|  |TAMS 0x000000070a500000, 0x000000070a500000| Untracked 
| 146|0x000000070a600000, 0x000000070a600000, 0x000000070a700000|  0%| F|  |TAMS 0x000000070a600000, 0x000000070a600000| Untracked 
| 147|0x000000070a700000, 0x000000070a700000, 0x000000070a800000|  0%| F|  |TAMS 0x000000070a700000, 0x000000070a700000| Untracked 
| 148|0x000000070a800000, 0x000000070a800000, 0x000000070a900000|  0%| F|  |TAMS 0x000000070a800000, 0x000000070a800000| Untracked 
| 149|0x000000070a900000, 0x000000070a900000, 0x000000070aa00000|  0%| F|  |TAMS 0x000000070a900000, 0x000000070a900000| Untracked 
| 150|0x000000070aa00000, 0x000000070aa00000, 0x000000070ab00000|  0%| F|  |TAMS 0x000000070aa00000, 0x000000070aa00000| Untracked 
| 151|0x000000070ab00000, 0x000000070ab00000, 0x000000070ac00000|  0%| F|  |TAMS 0x000000070ab00000, 0x000000070ab00000| Untracked 
| 152|0x000000070ac00000, 0x000000070ac00000, 0x000000070ad00000|  0%| F|  |TAMS 0x000000070ac00000, 0x000000070ac00000| Untracked 
| 153|0x000000070ad00000, 0x000000070ad00000, 0x000000070ae00000|  0%| F|  |TAMS 0x000000070ad00000, 0x000000070ad00000| Untracked 
| 154|0x000000070ae00000, 0x000000070ae00000, 0x000000070af00000|  0%| F|  |TAMS 0x000000070ae00000, 0x000000070ae00000| Untracked 
| 155|0x000000070af00000, 0x000000070af00000, 0x000000070b000000|  0%| F|  |TAMS 0x000000070af00000, 0x000000070af00000| Untracked 
| 156|0x000000070b000000, 0x000000070b000000, 0x000000070b100000|  0%| F|  |TAMS 0x000000070b000000, 0x000000070b000000| Untracked 
| 157|0x000000070b100000, 0x000000070b100000, 0x000000070b200000|  0%| F|  |TAMS 0x000000070b100000, 0x000000070b100000| Untracked 
| 158|0x000000070b200000, 0x000000070b200000, 0x000000070b300000|  0%| F|  |TAMS 0x000000070b200000, 0x000000070b200000| Untracked 
| 159|0x000000070b300000, 0x000000070b300000, 0x000000070b400000|  0%| F|  |TAMS 0x000000070b300000, 0x000000070b300000| Untracked 
| 160|0x000000070b400000, 0x000000070b400000, 0x000000070b500000|  0%| F|  |TAMS 0x000000070b400000, 0x000000070b400000| Untracked 
| 161|0x000000070b500000, 0x000000070b500000, 0x000000070b600000|  0%| F|  |TAMS 0x000000070b500000, 0x000000070b500000| Untracked 
| 162|0x000000070b600000, 0x000000070b600000, 0x000000070b700000|  0%| F|  |TAMS 0x000000070b600000, 0x000000070b600000| Untracked 
| 163|0x000000070b700000, 0x000000070b700000, 0x000000070b800000|  0%| F|  |TAMS 0x000000070b700000, 0x000000070b700000| Untracked 
| 164|0x000000070b800000, 0x000000070b800000, 0x000000070b900000|  0%| F|  |TAMS 0x000000070b800000, 0x000000070b800000| Untracked 
| 165|0x000000070b900000, 0x000000070b900000, 0x000000070ba00000|  0%| F|  |TAMS 0x000000070b900000, 0x000000070b900000| Untracked 
| 166|0x000000070ba00000, 0x000000070ba00000, 0x000000070bb00000|  0%| F|  |TAMS 0x000000070ba00000, 0x000000070ba00000| Untracked 
| 167|0x000000070bb00000, 0x000000070bb00000, 0x000000070bc00000|  0%| F|  |TAMS 0x000000070bb00000, 0x000000070bb00000| Untracked 
| 168|0x000000070bc00000, 0x000000070bc00000, 0x000000070bd00000|  0%| F|  |TAMS 0x000000070bc00000, 0x000000070bc00000| Untracked 
| 169|0x000000070bd00000, 0x000000070bd00000, 0x000000070be00000|  0%| F|  |TAMS 0x000000070bd00000, 0x000000070bd00000| Untracked 
| 170|0x000000070be00000, 0x000000070be00000, 0x000000070bf00000|  0%| F|  |TAMS 0x000000070be00000, 0x000000070be00000| Untracked 
| 171|0x000000070bf00000, 0x000000070bf00000, 0x000000070c000000|  0%| F|  |TAMS 0x000000070bf00000, 0x000000070bf00000| Untracked 
| 172|0x000000070c000000, 0x000000070c000000, 0x000000070c100000|  0%| F|  |TAMS 0x000000070c000000, 0x000000070c000000| Untracked 
| 173|0x000000070c100000, 0x000000070c100000, 0x000000070c200000|  0%| F|  |TAMS 0x000000070c100000, 0x000000070c100000| Untracked 
| 174|0x000000070c200000, 0x000000070c200000, 0x000000070c300000|  0%| F|  |TAMS 0x000000070c200000, 0x000000070c200000| Untracked 
| 175|0x000000070c300000, 0x000000070c300000, 0x000000070c400000|  0%| F|  |TAMS 0x000000070c300000, 0x000000070c300000| Untracked 
| 176|0x000000070c400000, 0x000000070c400000, 0x000000070c500000|  0%| F|  |TAMS 0x000000070c400000, 0x000000070c400000| Untracked 
| 177|0x000000070c500000, 0x000000070c500000, 0x000000070c600000|  0%| F|  |TAMS 0x000000070c500000, 0x000000070c500000| Untracked 
| 178|0x000000070c600000, 0x000000070c600000, 0x000000070c700000|  0%| F|  |TAMS 0x000000070c600000, 0x000000070c600000| Untracked 
| 179|0x000000070c700000, 0x000000070c700000, 0x000000070c800000|  0%| F|  |TAMS 0x000000070c700000, 0x000000070c700000| Untracked 
| 180|0x000000070c800000, 0x000000070c800000, 0x000000070c900000|  0%| F|  |TAMS 0x000000070c800000, 0x000000070c800000| Untracked 
| 181|0x000000070c900000, 0x000000070c900000, 0x000000070ca00000|  0%| F|  |TAMS 0x000000070c900000, 0x000000070c900000| Untracked 
| 182|0x000000070ca00000, 0x000000070ca00000, 0x000000070cb00000|  0%| F|  |TAMS 0x000000070ca00000, 0x000000070ca00000| Untracked 
| 183|0x000000070cb00000, 0x000000070cb00000, 0x000000070cc00000|  0%| F|  |TAMS 0x000000070cb00000, 0x000000070cb00000| Untracked 
| 184|0x000000070cc00000, 0x000000070cc00000, 0x000000070cd00000|  0%| F|  |TAMS 0x000000070cc00000, 0x000000070cc00000| Untracked 
| 185|0x000000070cd00000, 0x000000070cd00000, 0x000000070ce00000|  0%| F|  |TAMS 0x000000070cd00000, 0x000000070cd00000| Untracked 
| 186|0x000000070ce00000, 0x000000070ce00000, 0x000000070cf00000|  0%| F|  |TAMS 0x000000070ce00000, 0x000000070ce00000| Untracked 
| 187|0x000000070cf00000, 0x000000070cf00000, 0x000000070d000000|  0%| F|  |TAMS 0x000000070cf00000, 0x000000070cf00000| Untracked 
| 188|0x000000070d000000, 0x000000070d000000, 0x000000070d100000|  0%| F|  |TAMS 0x000000070d000000, 0x000000070d000000| Untracked 
| 189|0x000000070d100000, 0x000000070d100000, 0x000000070d200000|  0%| F|  |TAMS 0x000000070d100000, 0x000000070d100000| Untracked 
| 190|0x000000070d200000, 0x000000070d200000, 0x000000070d300000|  0%| F|  |TAMS 0x000000070d200000, 0x000000070d200000| Untracked 
| 191|0x000000070d300000, 0x000000070d300000, 0x000000070d400000|  0%| F|  |TAMS 0x000000070d300000, 0x000000070d300000| Untracked 
| 192|0x000000070d400000, 0x000000070d400000, 0x000000070d500000|  0%| F|  |TAMS 0x000000070d400000, 0x000000070d400000| Untracked 
| 193|0x000000070d500000, 0x000000070d500000, 0x000000070d600000|  0%| F|  |TAMS 0x000000070d500000, 0x000000070d500000| Untracked 
| 194|0x000000070d600000, 0x000000070d600000, 0x000000070d700000|  0%| F|  |TAMS 0x000000070d600000, 0x000000070d600000| Untracked 
| 195|0x000000070d700000, 0x000000070d700000, 0x000000070d800000|  0%| F|  |TAMS 0x000000070d700000, 0x000000070d700000| Untracked 
| 196|0x000000070d800000, 0x000000070d800000, 0x000000070d900000|  0%| F|  |TAMS 0x000000070d800000, 0x000000070d800000| Untracked 
| 197|0x000000070d900000, 0x000000070d900000, 0x000000070da00000|  0%| F|  |TAMS 0x000000070d900000, 0x000000070d900000| Untracked 
| 198|0x000000070da00000, 0x000000070da00000, 0x000000070db00000|  0%| F|  |TAMS 0x000000070da00000, 0x000000070da00000| Untracked 
| 199|0x000000070db00000, 0x000000070db00000, 0x000000070dc00000|  0%| F|  |TAMS 0x000000070db00000, 0x000000070db00000| Untracked 
| 200|0x000000070dc00000, 0x000000070dc00000, 0x000000070dd00000|  0%| F|  |TAMS 0x000000070dc00000, 0x000000070dc00000| Untracked 
| 201|0x000000070dd00000, 0x000000070dd00000, 0x000000070de00000|  0%| F|  |TAMS 0x000000070dd00000, 0x000000070dd00000| Untracked 
| 202|0x000000070de00000, 0x000000070de00000, 0x000000070df00000|  0%| F|  |TAMS 0x000000070de00000, 0x000000070de00000| Untracked 
| 203|0x000000070df00000, 0x000000070df00000, 0x000000070e000000|  0%| F|  |TAMS 0x000000070df00000, 0x000000070df00000| Untracked 
| 204|0x000000070e000000, 0x000000070e000000, 0x000000070e100000|  0%| F|  |TAMS 0x000000070e000000, 0x000000070e000000| Untracked 
| 205|0x000000070e100000, 0x000000070e100000, 0x000000070e200000|  0%| F|  |TAMS 0x000000070e100000, 0x000000070e100000| Untracked 
| 206|0x000000070e200000, 0x000000070e300000, 0x000000070e300000|100%| S|CS|TAMS 0x000000070e200000, 0x000000070e200000| Complete 
| 207|0x000000070e300000, 0x000000070e400000, 0x000000070e400000|100%| S|CS|TAMS 0x000000070e300000, 0x000000070e300000| Complete 
| 208|0x000000070e400000, 0x000000070e500000, 0x000000070e500000|100%| S|CS|TAMS 0x000000070e400000, 0x000000070e400000| Complete 
| 209|0x000000070e500000, 0x000000070e600000, 0x000000070e600000|100%| S|CS|TAMS 0x000000070e500000, 0x000000070e500000| Complete 
| 210|0x000000070e600000, 0x000000070e700000, 0x000000070e700000|100%| S|CS|TAMS 0x000000070e600000, 0x000000070e600000| Complete 
| 211|0x000000070e700000, 0x000000070e800000, 0x000000070e800000|100%| S|CS|TAMS 0x000000070e700000, 0x000000070e700000| Complete 
| 212|0x000000070e800000, 0x000000070e800000, 0x000000070e900000|  0%| F|  |TAMS 0x000000070e800000, 0x000000070e800000| Untracked 
| 213|0x000000070e900000, 0x000000070e900000, 0x000000070ea00000|  0%| F|  |TAMS 0x000000070e900000, 0x000000070e900000| Untracked 
| 214|0x000000070ea00000, 0x000000070ea00000, 0x000000070eb00000|  0%| F|  |TAMS 0x000000070ea00000, 0x000000070ea00000| Untracked 
| 215|0x000000070eb00000, 0x000000070eb00000, 0x000000070ec00000|  0%| F|  |TAMS 0x000000070eb00000, 0x000000070eb00000| Untracked 
| 216|0x000000070ec00000, 0x000000070ec00000, 0x000000070ed00000|  0%| F|  |TAMS 0x000000070ec00000, 0x000000070ec00000| Untracked 
| 217|0x000000070ed00000, 0x000000070ed00000, 0x000000070ee00000|  0%| F|  |TAMS 0x000000070ed00000, 0x000000070ed00000| Untracked 
| 218|0x000000070ee00000, 0x000000070ee00000, 0x000000070ef00000|  0%| F|  |TAMS 0x000000070ee00000, 0x000000070ee00000| Untracked 
| 219|0x000000070ef00000, 0x000000070ef00000, 0x000000070f000000|  0%| F|  |TAMS 0x000000070ef00000, 0x000000070ef00000| Untracked 
| 220|0x000000070f000000, 0x000000070f000000, 0x000000070f100000|  0%| F|  |TAMS 0x000000070f000000, 0x000000070f000000| Untracked 
| 221|0x000000070f100000, 0x000000070f100000, 0x000000070f200000|  0%| F|  |TAMS 0x000000070f100000, 0x000000070f100000| Untracked 
| 222|0x000000070f200000, 0x000000070f200000, 0x000000070f300000|  0%| F|  |TAMS 0x000000070f200000, 0x000000070f200000| Untracked 
| 223|0x000000070f300000, 0x000000070f300000, 0x000000070f400000|  0%| F|  |TAMS 0x000000070f300000, 0x000000070f300000| Untracked 
| 224|0x000000070f400000, 0x000000070f400000, 0x000000070f500000|  0%| F|  |TAMS 0x000000070f400000, 0x000000070f400000| Untracked 
| 225|0x000000070f500000, 0x000000070f500000, 0x000000070f600000|  0%| F|  |TAMS 0x000000070f500000, 0x000000070f500000| Untracked 
| 226|0x000000070f600000, 0x000000070f600000, 0x000000070f700000|  0%| F|  |TAMS 0x000000070f600000, 0x000000070f600000| Untracked 
| 227|0x000000070f700000, 0x000000070f700000, 0x000000070f800000|  0%| F|  |TAMS 0x000000070f700000, 0x000000070f700000| Untracked 
| 228|0x000000070f800000, 0x000000070f800000, 0x000000070f900000|  0%| F|  |TAMS 0x000000070f800000, 0x000000070f800000| Untracked 
| 229|0x000000070f900000, 0x000000070f900000, 0x000000070fa00000|  0%| F|  |TAMS 0x000000070f900000, 0x000000070f900000| Untracked 
| 230|0x000000070fa00000, 0x000000070fa00000, 0x000000070fb00000|  0%| F|  |TAMS 0x000000070fa00000, 0x000000070fa00000| Untracked 
| 231|0x000000070fb00000, 0x000000070fb00000, 0x000000070fc00000|  0%| F|  |TAMS 0x000000070fb00000, 0x000000070fb00000| Untracked 
| 232|0x000000070fc00000, 0x000000070fc00000, 0x000000070fd00000|  0%| F|  |TAMS 0x000000070fc00000, 0x000000070fc00000| Untracked 
| 233|0x000000070fd00000, 0x000000070fd00000, 0x000000070fe00000|  0%| F|  |TAMS 0x000000070fd00000, 0x000000070fd00000| Untracked 
| 234|0x000000070fe00000, 0x000000070fe00000, 0x000000070ff00000|  0%| F|  |TAMS 0x000000070fe00000, 0x000000070fe00000| Untracked 
| 235|0x000000070ff00000, 0x000000070ff00000, 0x0000000710000000|  0%| F|  |TAMS 0x000000070ff00000, 0x000000070ff00000| Untracked 
| 236|0x0000000710000000, 0x0000000710000000, 0x0000000710100000|  0%| F|  |TAMS 0x0000000710000000, 0x0000000710000000| Untracked 
| 237|0x0000000710100000, 0x0000000710100000, 0x0000000710200000|  0%| F|  |TAMS 0x0000000710100000, 0x0000000710100000| Untracked 
| 238|0x0000000710200000, 0x0000000710200000, 0x0000000710300000|  0%| F|  |TAMS 0x0000000710200000, 0x0000000710200000| Untracked 
| 239|0x0000000710300000, 0x0000000710300000, 0x0000000710400000|  0%| F|  |TAMS 0x0000000710300000, 0x0000000710300000| Untracked 
| 240|0x0000000710400000, 0x0000000710400000, 0x0000000710500000|  0%| F|  |TAMS 0x0000000710400000, 0x0000000710400000| Untracked 
| 241|0x0000000710500000, 0x0000000710500000, 0x0000000710600000|  0%| F|  |TAMS 0x0000000710500000, 0x0000000710500000| Untracked 
| 242|0x0000000710600000, 0x0000000710600000, 0x0000000710700000|  0%| F|  |TAMS 0x0000000710600000, 0x0000000710600000| Untracked 
| 243|0x0000000710700000, 0x0000000710700000, 0x0000000710800000|  0%| F|  |TAMS 0x0000000710700000, 0x0000000710700000| Untracked 
| 244|0x0000000710800000, 0x0000000710800000, 0x0000000710900000|  0%| F|  |TAMS 0x0000000710800000, 0x0000000710800000| Untracked 
| 245|0x0000000710900000, 0x0000000710900000, 0x0000000710a00000|  0%| F|  |TAMS 0x0000000710900000, 0x0000000710900000| Untracked 
| 246|0x0000000710a00000, 0x0000000710a00000, 0x0000000710b00000|  0%| F|  |TAMS 0x0000000710a00000, 0x0000000710a00000| Untracked 
| 247|0x0000000710b00000, 0x0000000710b00000, 0x0000000710c00000|  0%| F|  |TAMS 0x0000000710b00000, 0x0000000710b00000| Untracked 
| 248|0x0000000710c00000, 0x0000000710c00000, 0x0000000710d00000|  0%| F|  |TAMS 0x0000000710c00000, 0x0000000710c00000| Untracked 
| 249|0x0000000710d00000, 0x0000000710d00000, 0x0000000710e00000|  0%| F|  |TAMS 0x0000000710d00000, 0x0000000710d00000| Untracked 
| 250|0x0000000710e00000, 0x0000000710e00000, 0x0000000710f00000|  0%| F|  |TAMS 0x0000000710e00000, 0x0000000710e00000| Untracked 
| 251|0x0000000710f00000, 0x0000000710f00000, 0x0000000711000000|  0%| F|  |TAMS 0x0000000710f00000, 0x0000000710f00000| Untracked 
| 252|0x0000000711000000, 0x0000000711081c10, 0x0000000711100000| 50%| E|  |TAMS 0x0000000711000000, 0x0000000711000000| Complete 
| 253|0x0000000711100000, 0x0000000711200000, 0x0000000711200000|100%| E|CS|TAMS 0x0000000711100000, 0x0000000711100000| Complete 
| 254|0x0000000711200000, 0x0000000711300000, 0x0000000711300000|100%| E|CS|TAMS 0x0000000711200000, 0x0000000711200000| Complete 
| 255|0x0000000711300000, 0x0000000711400000, 0x0000000711400000|100%| E|CS|TAMS 0x0000000711300000, 0x0000000711300000| Complete 

Card table byte_map: [0x000001df7f7a0000,0x000001df7ffa0000] _byte_map_base: 0x000001df7bf96000

Marking Bits (Prev, Next): (CMBitMap*) 0x000001df671ba220, (CMBitMap*) 0x000001df671ba1e8
 Prev Bits: [0x000001df047b0000, 0x000001df08760000)
 Next Bits: [0x000001df00800000, 0x000001df047b0000)

Polling page: 0x000001df650e0000

Metaspace:

Usage:
  Non-class:     31.36 MB capacity,    30.54 MB ( 97%) used,   727.23 KB (  2%) free+waste,   111.19 KB ( <1%) overhead. 
      Class:      4.25 MB capacity,     3.66 MB ( 86%) used,   539.66 KB ( 12%) free+waste,    55.81 KB (  1%) overhead. 
       Both:     35.60 MB capacity,    34.20 MB ( 96%) used,     1.24 MB (  3%) free+waste,   167.00 KB ( <1%) overhead. 

Virtual space:
  Non-class space:       32.00 MB reserved,      31.48 MB ( 98%) committed 
      Class space:        1.00 GB reserved,       4.25 MB ( <1%) committed 
             Both:        1.03 GB reserved,      35.73 MB (  3%) committed 

Chunk freelists:
   Non-Class:  3.00 KB
       Class:  4.00 KB
        Both:  7.00 KB

MaxMetaspaceSize: 17179869184.00 GB
CompressedClassSpaceSize: 1.00 GB

CodeHeap 'non-profiled nmethods': size=120064Kb used=1048Kb max_used=1048Kb free=119015Kb
 bounds [0x000001df77a60000, 0x000001df77cd0000, 0x000001df7efa0000]
CodeHeap 'profiled nmethods': size=120000Kb used=5975Kb max_used=5975Kb free=114024Kb
 bounds [0x000001df70530000, 0x000001df70b10000, 0x000001df77a60000]
CodeHeap 'non-nmethods': size=5696Kb used=1300Kb max_used=1341Kb free=4395Kb
 bounds [0x000001df6ffa0000, 0x000001df70210000, 0x000001df70530000]
 total_blobs=3428 nmethods=2726 adapters=613
 compilation: enabled
              stopped_count=0, restarted_count=0
 full_count=0

Compilation events (20 events):
Event: 1.574 Thread 0x000001df0b543800 2663       3       java.util.regex.Matcher::match (154 bytes)
Event: 1.575 Thread 0x000001df0b543800 nmethod 2663 0x000001df70adea90 code [0x000001df70adec80, 0x000001df70adf238]
Event: 1.575 Thread 0x000001df0b543800 2664       3       java.util.regex.Matcher::<init> (95 bytes)
Event: 1.575 Thread 0x000001df0b543800 nmethod 2664 0x000001df70adf410 code [0x000001df70adf600, 0x000001df70adfc68]
Event: 1.576 Thread 0x000001df0b744800 2665       4       java.nio.Buffer::<init> (99 bytes)
Event: 1.576 Thread 0x000001df0b744800 nmethod 2665 0x000001df77b59e90 code [0x000001df77b5a020, 0x000001df77b5a118]
Event: 1.577 Thread 0x000001df0b744800 2666       4       java.util.concurrent.ConcurrentHashMap$Traverser::advance (188 bytes)
Event: 1.577 Thread 0x000001df0b543800 2667  s    3       java.awt.Toolkit::getDefaultToolkit (30 bytes)
Event: 1.578 Thread 0x000001df0b543800 nmethod 2667 0x000001df70adfe10 code [0x000001df70ae0040, 0x000001df70ae07c8]
Event: 1.579 Thread 0x000001df0b543800 2669   !   3       sun.awt.image.ImageDecoder::nextConsumer (69 bytes)
Event: 1.579 Thread 0x000001df0b543800 nmethod 2669 0x000001df70ae0a10 code [0x000001df70ae0be0, 0x000001df70ae10f8]
Event: 1.579 Thread 0x000001df0b543800 2670   !   3       sun.awt.image.URLImageSource::checkSecurity (42 bytes)
Event: 1.579 Thread 0x000001df0b543800 nmethod 2670 0x000001df70ae1290 code [0x000001df70ae1460, 0x000001df70ae17c8]
Event: 1.579 Thread 0x000001df0b543800 2671       1       sun.awt.image.ImageWatched$Link::newInfo (2 bytes)
Event: 1.579 Thread 0x000001df0b543800 nmethod 2671 0x000001df77b5a210 code [0x000001df77b5a3c0, 0x000001df77b5a478]
Event: 1.580 Thread 0x000001df0b543800 2672       1       java.awt.image.SinglePixelPackedSampleModel::getNumDataElements (2 bytes)
Event: 1.580 Thread 0x000001df0b543800 nmethod 2672 0x000001df77b5a510 code [0x000001df77b5a6c0, 0x000001df77b5a778]
Event: 1.580 Thread 0x000001df0b744800 nmethod 2666 0x000001df77b5a810 code [0x000001df77b5a9a0, 0x000001df77b5ac98]
Event: 1.580 Thread 0x000001df0b744800 2668       4       java.util.zip.Inflater::ensureOpen (47 bytes)
Event: 1.581 Thread 0x000001df0b744800 nmethod 2668 0x000001df77b5ae10 code [0x000001df77b5afa0, 0x000001df77b5b038]

GC Heap History (8 events):
Event: 0.570 GC heap before
{Heap before GC invocations=0 (full 0):
 garbage-first heap   total 262144K, used 20480K [0x0000000701400000, 0x0000000800000000)
  region size 1024K, 14 young (14336K), 0 survivors (0K)
 Metaspace       used 16246K, capacity 16672K, committed 16768K, reserved 1064960K
  class space    used 1718K, capacity 1913K, committed 1920K, reserved 1048576K
}
Event: 0.574 GC heap after
{Heap after GC invocations=1 (full 0):
 garbage-first heap   total 262144K, used 9779K [0x0000000701400000, 0x0000000800000000)
  region size 1024K, 2 young (2048K), 2 survivors (2048K)
 Metaspace       used 16246K, capacity 16672K, committed 16768K, reserved 1064960K
  class space    used 1718K, capacity 1913K, committed 1920K, reserved 1048576K
}
Event: 0.804 GC heap before
{Heap before GC invocations=1 (full 0):
 garbage-first heap   total 262144K, used 18995K [0x0000000701400000, 0x0000000800000000)
  region size 1024K, 12 young (12288K), 2 survivors (2048K)
 Metaspace       used 20477K, capacity 21024K, committed 21120K, reserved 1069056K
  class space    used 2111K, capacity 2366K, committed 2432K, reserved 1048576K
}
Event: 0.808 GC heap after
{Heap after GC invocations=2 (full 0):
 garbage-first heap   total 262144K, used 11347K [0x0000000701400000, 0x0000000800000000)
  region size 1024K, 2 young (2048K), 2 survivors (2048K)
 Metaspace       used 20477K, capacity 21024K, committed 21120K, reserved 1069056K
  class space    used 2111K, capacity 2366K, committed 2432K, reserved 1048576K
}
Event: 0.830 GC heap before
{Heap before GC invocations=2 (full 0):
 garbage-first heap   total 262144K, used 12371K [0x0000000701400000, 0x0000000800000000)
  region size 1024K, 4 young (4096K), 2 survivors (2048K)
 Metaspace       used 20615K, capacity 21216K, committed 21296K, reserved 1069056K
  class space    used 2128K, capacity 2430K, committed 2432K, reserved 1048576K
}
Event: 0.832 GC heap after
{Heap after GC invocations=3 (full 0):
 garbage-first heap   total 262144K, used 10914K [0x0000000701400000, 0x0000000800000000)
  region size 1024K, 1 young (1024K), 1 survivors (1024K)
 Metaspace       used 20615K, capacity 21216K, committed 21296K, reserved 1069056K
  class space    used 2128K, capacity 2430K, committed 2432K, reserved 1048576K
}
Event: 1.595 GC heap before
{Heap before GC invocations=4 (full 0):
 garbage-first heap   total 262144K, used 52898K [0x0000000701400000, 0x0000000800000000)
  region size 1024K, 44 young (45056K), 1 survivors (1024K)
 Metaspace       used 34464K, capacity 35795K, committed 35920K, reserved 1081344K
  class space    used 3705K, capacity 4276K, committed 4352K, reserved 1048576K
}
Event: 1.600 GC heap after
{Heap after GC invocations=5 (full 0):
 garbage-first heap   total 262144K, used 16483K [0x0000000701400000, 0x0000000800000000)
  region size 1024K, 6 young (6144K), 6 survivors (6144K)
 Metaspace       used 34464K, capacity 35795K, committed 35920K, reserved 1081344K
  class space    used 3705K, capacity 4276K, committed 4352K, reserved 1048576K
}

Deoptimization events (20 events):
Event: 1.538 Thread 0x000001df0bf90800 Uncommon trap: trap_request=0xffffff4d fr.pc=0x000001df77ab8cf0 relative=0x00000000000000d0
Event: 1.538 Thread 0x000001df0bf90800 Uncommon trap: reason=unstable_if action=reinterpret pc=0x000001df77ab8cf0 method=java.lang.String.getBytes([BIB)V @ 5 c2
Event: 1.538 Thread 0x000001df0bf90800 DEOPT PACKING pc=0x000001df77ab8cf0 sp=0x00000003ecffbe70
Event: 1.538 Thread 0x000001df0bf90800 DEOPT UNPACKING pc=0x000001df6ffc7b2f sp=0x00000003ecffbe38 mode 2
Event: 1.538 Thread 0x000001df0bf90800 Uncommon trap: trap_request=0xffffff4d fr.pc=0x000001df77ab3660 relative=0x00000000000003a0
Event: 1.538 Thread 0x000001df0bf90800 Uncommon trap: reason=unstable_if action=reinterpret pc=0x000001df77ab3660 method=java.lang.StringBuilder.toString()Ljava/lang/String; @ 4 c2
Event: 1.538 Thread 0x000001df0bf90800 DEOPT PACKING pc=0x000001df77ab3660 sp=0x00000003ecffbfd0
Event: 1.538 Thread 0x000001df0bf90800 DEOPT UNPACKING pc=0x000001df6ffc7b2f sp=0x00000003ecffbfb0 mode 2
Event: 1.541 Thread 0x000001df0bf90800 Uncommon trap: trap_request=0xffffff4d fr.pc=0x000001df77a76854 relative=0x0000000000000034
Event: 1.541 Thread 0x000001df0bf90800 Uncommon trap: reason=unstable_if action=reinterpret pc=0x000001df77a76854 method=java.lang.StringLatin1.canEncode(I)Z @ 4 c2
Event: 1.541 Thread 0x000001df0bf90800 DEOPT PACKING pc=0x000001df77a76854 sp=0x00000003ecffbb10
Event: 1.542 Thread 0x000001df0bf90800 DEOPT UNPACKING pc=0x000001df6ffc7b2f sp=0x00000003ecffbaa0 mode 2
Event: 1.542 Thread 0x000001df0bf90800 Uncommon trap: trap_request=0xffffff4d fr.pc=0x000001df77aa7754 relative=0x0000000000000414
Event: 1.542 Thread 0x000001df0bf90800 Uncommon trap: reason=unstable_if action=reinterpret pc=0x000001df77aa7754 method=java.lang.String.substring(II)Ljava/lang/String; @ 31 c2
Event: 1.542 Thread 0x000001df0bf90800 DEOPT PACKING pc=0x000001df77aa7754 sp=0x00000003ecffbbd0
Event: 1.542 Thread 0x000001df0bf90800 DEOPT UNPACKING pc=0x000001df6ffc7b2f sp=0x00000003ecffbba0 mode 2
Event: 1.568 Thread 0x000001df0bf90800 Uncommon trap: trap_request=0xffffff4d fr.pc=0x000001df77ace580 relative=0x00000000000002e0
Event: 1.568 Thread 0x000001df0bf90800 Uncommon trap: reason=unstable_if action=reinterpret pc=0x000001df77ace580 method=java.lang.AbstractStringBuilder.appendChars([CII)V @ 10 c2
Event: 1.568 Thread 0x000001df0bf90800 DEOPT PACKING pc=0x000001df77ace580 sp=0x00000003ecffbe00
Event: 1.568 Thread 0x000001df0bf90800 DEOPT UNPACKING pc=0x000001df6ffc7b2f sp=0x00000003ecffbd78 mode 2

Classes redefined (0 events):
No events

Internal exceptions (20 events):
Event: 1.504 Thread 0x000001df0bf90800 Exception <a 'java/io/IOException'{0x000000070ed16df8}> (0x000000070ed16df8) thrown at [./src/hotspot/share/prims/jni.cpp, line 615]
Event: 1.504 Thread 0x000001df0bf90800 Exception <a 'java/io/IOException'{0x000000070ed173b0}> (0x000000070ed173b0) thrown at [./src/hotspot/share/prims/jni.cpp, line 615]
Event: 1.504 Thread 0x000001df0bf90800 Exception <a 'java/io/IOException'{0x000000070ed18e50}> (0x000000070ed18e50) thrown at [./src/hotspot/share/prims/jni.cpp, line 615]
Event: 1.504 Thread 0x000001df0bf90800 Exception <a 'java/io/IOException'{0x000000070ed19408}> (0x000000070ed19408) thrown at [./src/hotspot/share/prims/jni.cpp, line 615]
Event: 1.511 Thread 0x000001df0bf90800 Exception <a 'java/io/IOException'{0x000000070ed88dc0}> (0x000000070ed88dc0) thrown at [./src/hotspot/share/prims/jni.cpp, line 615]
Event: 1.511 Thread 0x000001df0bf90800 Exception <a 'java/io/IOException'{0x000000070ed89378}> (0x000000070ed89378) thrown at [./src/hotspot/share/prims/jni.cpp, line 615]
Event: 1.511 Thread 0x000001df0bf90800 Exception <a 'java/io/IOException'{0x000000070ed8ae70}> (0x000000070ed8ae70) thrown at [./src/hotspot/share/prims/jni.cpp, line 615]
Event: 1.511 Thread 0x000001df0bf90800 Exception <a 'java/io/IOException'{0x000000070ed8b428}> (0x000000070ed8b428) thrown at [./src/hotspot/share/prims/jni.cpp, line 615]
Event: 1.517 Thread 0x000001df0bf90800 Exception <a 'java/io/IOException'{0x000000070ede5c90}> (0x000000070ede5c90) thrown at [./src/hotspot/share/prims/jni.cpp, line 615]
Event: 1.517 Thread 0x000001df0bf90800 Exception <a 'java/io/IOException'{0x000000070ede6248}> (0x000000070ede6248) thrown at [./src/hotspot/share/prims/jni.cpp, line 615]
Event: 1.518 Thread 0x000001df0bf90800 Exception <a 'java/io/IOException'{0x000000070ede7d38}> (0x000000070ede7d38) thrown at [./src/hotspot/share/prims/jni.cpp, line 615]
Event: 1.518 Thread 0x000001df0bf90800 Exception <a 'java/io/IOException'{0x000000070ede82f0}> (0x000000070ede82f0) thrown at [./src/hotspot/share/prims/jni.cpp, line 615]
Event: 1.560 Thread 0x000001df0bf90800 Exception <a 'java/io/IOException'{0x000000070ebf7d18}> (0x000000070ebf7d18) thrown at [./src/hotspot/share/prims/jni.cpp, line 615]
Event: 1.561 Thread 0x000001df0bf90800 Exception <a 'java/io/IOException'{0x000000070ebf82d0}> (0x000000070ebf82d0) thrown at [./src/hotspot/share/prims/jni.cpp, line 615]
Event: 1.561 Thread 0x000001df0bf90800 Exception <a 'java/io/IOException'{0x000000070ebf9d80}> (0x000000070ebf9d80) thrown at [./src/hotspot/share/prims/jni.cpp, line 615]
Event: 1.561 Thread 0x000001df0bf90800 Exception <a 'java/io/IOException'{0x000000070ebfa338}> (0x000000070ebfa338) thrown at [./src/hotspot/share/prims/jni.cpp, line 615]
Event: 1.569 Thread 0x000001df0bf90800 Exception <a 'java/io/IOException'{0x000000070eaa9148}> (0x000000070eaa9148) thrown at [./src/hotspot/share/prims/jni.cpp, line 615]
Event: 1.569 Thread 0x000001df0bf90800 Exception <a 'java/io/IOException'{0x000000070eaa9700}> (0x000000070eaa9700) thrown at [./src/hotspot/share/prims/jni.cpp, line 615]
Event: 1.569 Thread 0x000001df0bf90800 Exception <a 'java/io/IOException'{0x000000070eaab1c8}> (0x000000070eaab1c8) thrown at [./src/hotspot/share/prims/jni.cpp, line 615]
Event: 1.569 Thread 0x000001df0bf90800 Exception <a 'java/io/IOException'{0x000000070eaab780}> (0x000000070eaab780) thrown at [./src/hotspot/share/prims/jni.cpp, line 615]

Events (20 events):
Event: 1.580 loading class com/st/microxplorer/plugins/projectmanager/engine/MainProjectManager done
Event: 1.582 loading class com/st/microxplorer/plugins/projectmanager/model/ProjectSettings
Event: 1.582 loading class com/st/microxplorer/plugins/projectmanager/model/ProjectSettings done
Event: 1.586 loading class com/st/microxplorer/plugins/projectmanager/engine/ProjectBuilder
Event: 1.586 loading class com/st/microxplorer/plugins/projectmanager/engine/ProjectBuilder done
Event: 1.589 loading class com/st/microxplorer/plugins/projectmanager/engine/ProjectBuilder$2
Event: 1.589 loading class com/st/microxplorer/plugins/projectmanager/engine/ProjectBuilder$2 done
Event: 1.590 loading class com/st/microxplorer/plugins/projectmanager/engine/ProjectFilesGenerator
Event: 1.590 loading class com/st/microxplorer/plugins/projectmanager/engine/ProjectFilesGenerator done
Event: 1.590 loading class com/st/microxplorer/plugins/projectmanager/engine/GPDSCProjectFilesGenerator
Event: 1.590 loading class com/st/microxplorer/plugins/projectmanager/engine/GPDSCProjectFilesGenerator done
Event: 1.591 loading class com/st/microxplorer/plugins/projectmanager/engine/GenerateProjectThread
Event: 1.591 loading class com/st/microxplorer/plugins/projectmanager/engine/GenerateProjectThread done
Event: 1.591 loading class com/st/microxplorer/plugins/projectmanager/engine/ProjectBuilder$1
Event: 1.591 loading class com/st/microxplorer/plugins/projectmanager/engine/ProjectBuilder$1 done
Event: 1.594 loading class com/st/microxplorer/plugins/projectmanager/gui/ProjectChoiceTab
Event: 1.594 loading class com/st/microxplorer/plugins/projectmanager/gui/ProjectChoiceTab done
Event: 1.595 Executing VM operation: CollectForMetadataAllocation
Event: 1.600 Executing VM operation: CollectForMetadataAllocation done
Event: 1.600 Executing VM operation: RevokeBias


Dynamic libraries:
0x00007ff6b4820000 - 0x00007ff6b482d000 	C:\Program Files\STMicroelectronics\STM32Cube\STM32CubeMX\jre\bin\javaw.exe
0x00007ffa129d0000 - 0x00007ffa12bc5000 	C:\Windows\SYSTEM32\ntdll.dll
0x00007ffa11370000 - 0x00007ffa1142e000 	C:\Windows\System32\KERNEL32.DLL
0x00007ffa10680000 - 0x00007ffa10948000 	C:\Windows\System32\KERNELBASE.dll
0x00007ffa0d400000 - 0x00007ffa0d490000 	C:\Windows\SYSTEM32\apphelp.dll
0x00007ffa10270000 - 0x00007ffa10370000 	C:\Windows\System32\ucrtbase.dll
0x00007ffa0b5f0000 - 0x00007ffa0b607000 	C:\Program Files\STMicroelectronics\STM32Cube\STM32CubeMX\jre\bin\jli.dll
0x00007ffa111d0000 - 0x00007ffa11370000 	C:\Windows\System32\USER32.dll
0x00007ffa10950000 - 0x00007ffa10972000 	C:\Windows\System32\win32u.dll
0x00007ffa12960000 - 0x00007ffa1298a000 	C:\Windows\System32\GDI32.dll
0x00007ffa100f0000 - 0x00007ffa101fb000 	C:\Windows\System32\gdi32full.dll
0x00007ffa105e0000 - 0x00007ffa1067d000 	C:\Windows\System32\msvcp_win.dll
0x00007ffa08aa0000 - 0x00007ffa08ab5000 	C:\Program Files\STMicroelectronics\STM32Cube\STM32CubeMX\jre\bin\VCRUNTIME140.dll
0x00007ffa0f510000 - 0x00007ffa0f7aa000 	C:\Windows\WinSxS\amd64_microsoft.windows.common-controls_6595b64144ccf1df_6.0.19041.1110_none_60b5254171f9507e\COMCTL32.dll
0x00007ffa126e0000 - 0x00007ffa1277e000 	C:\Windows\System32\msvcrt.dll
0x00007ffa10a30000 - 0x00007ffa10a60000 	C:\Windows\System32\IMM32.DLL
0x00007ff9e3a00000 - 0x00007ff9e3a9b000 	C:\Program Files\STMicroelectronics\STM32Cube\STM32CubeMX\jre\bin\msvcp140.dll
0x00007ff9ce280000 - 0x00007ff9cedc3000 	C:\Program Files\STMicroelectronics\STM32Cube\STM32CubeMX\jre\bin\server\jvm.dll
0x00007ffa10dc0000 - 0x00007ffa10e6e000 	C:\Windows\System32\ADVAPI32.dll
0x00007ffa128c0000 - 0x00007ffa1295c000 	C:\Windows\System32\sechost.dll
0x00007ffa12030000 - 0x00007ffa12155000 	C:\Windows\System32\RPCRT4.dll
0x00007ffa11f30000 - 0x00007ffa11f38000 	C:\Windows\System32\PSAPI.DLL
0x00007ffa0fab0000 - 0x00007ffa0fab9000 	C:\Windows\SYSTEM32\WSOCK32.dll
0x00007ffa02e00000 - 0x00007ffa02e27000 	C:\Windows\SYSTEM32\WINMM.dll
0x00007ffa11770000 - 0x00007ffa117db000 	C:\Windows\System32\WS2_32.dll
0x00007ffa0d2c0000 - 0x00007ffa0d2ca000 	C:\Windows\SYSTEM32\VERSION.dll
0x00007ffa0d9e0000 - 0x00007ffa0d9f2000 	C:\Windows\SYSTEM32\kernel.appcore.dll
0x00007ffa0b460000 - 0x00007ffa0b470000 	C:\Program Files\STMicroelectronics\STM32Cube\STM32CubeMX\jre\bin\verify.dll
0x00007ffa0fb20000 - 0x00007ffa0fd04000 	C:\Windows\SYSTEM32\DBGHELP.DLL
0x00007ffa0fa70000 - 0x00007ffa0fa9c000 	C:\Windows\SYSTEM32\dbgcore.DLL
0x00007ffa10550000 - 0x00007ffa105d2000 	C:\Windows\System32\bcryptPrimitives.dll
0x00007ffa08a70000 - 0x00007ffa08a98000 	C:\Program Files\STMicroelectronics\STM32Cube\STM32CubeMX\jre\bin\java.dll
0x00007ffa0b2e0000 - 0x00007ffa0b2ea000 	C:\Program Files\STMicroelectronics\STM32Cube\STM32CubeMX\jre\bin\jimage.dll
0x00007ffa08930000 - 0x00007ffa08947000 	C:\Program Files\STMicroelectronics\STM32Cube\STM32CubeMX\jre\bin\zip.dll
0x00007ffa117e0000 - 0x00007ffa11f24000 	C:\Windows\System32\SHELL32.dll
0x00007ffa0dbe0000 - 0x00007ffa0e374000 	C:\Windows\SYSTEM32\windows.storage.dll
0x00007ffa10a60000 - 0x00007ffa10db4000 	C:\Windows\System32\combase.dll
0x00007ffa0f470000 - 0x00007ffa0f49c000 	C:\Windows\SYSTEM32\Wldp.dll
0x00007ffa12160000 - 0x00007ffa1220d000 	C:\Windows\System32\SHCORE.dll
0x00007ffa12860000 - 0x00007ffa128b5000 	C:\Windows\System32\shlwapi.dll
0x00007ffa10030000 - 0x00007ffa1004f000 	C:\Windows\SYSTEM32\profapi.dll
0x00007ffa088d0000 - 0x00007ffa088e9000 	C:\Program Files\STMicroelectronics\STM32Cube\STM32CubeMX\jre\bin\net.dll
0x00007ffa03cd0000 - 0x00007ffa03dda000 	C:\Windows\SYSTEM32\WINHTTP.dll
0x00007ffa0f340000 - 0x00007ffa0f3aa000 	C:\Windows\system32\mswsock.dll
0x00007ffa08760000 - 0x00007ffa08772000 	C:\Program Files\STMicroelectronics\STM32Cube\STM32CubeMX\jre\bin\nio.dll
0x00007ff9df000000 - 0x00007ff9df199000 	C:\Program Files\STMicroelectronics\STM32Cube\STM32CubeMX\jre\bin\awt.dll
0x00007ffa11f50000 - 0x00007ffa1201d000 	C:\Windows\System32\OLEAUT32.dll
0x00007ffa0fe80000 - 0x00007ffa0fe98000 	C:\Windows\SYSTEM32\CRYPTSP.dll
0x00007ffa0eb10000 - 0x00007ffa0eb44000 	C:\Windows\system32\rsaenh.dll
0x00007ffa103c0000 - 0x00007ffa103e7000 	C:\Windows\System32\bcrypt.dll
0x00007ffa0ffb0000 - 0x00007ffa0ffde000 	C:\Windows\SYSTEM32\USERENV.dll
0x00007ffa0f430000 - 0x00007ffa0f43c000 	C:\Windows\SYSTEM32\CRYPTBASE.dll
0x00007ffa0ee60000 - 0x00007ffa0ee9b000 	C:\Windows\SYSTEM32\IPHLPAPI.DLL
0x00007ffa11f40000 - 0x00007ffa11f48000 	C:\Windows\System32\NSI.dll
0x00007ffa097d0000 - 0x00007ffa097e7000 	C:\Windows\SYSTEM32\dhcpcsvc6.DLL
0x00007ffa094c0000 - 0x00007ffa094dd000 	C:\Windows\SYSTEM32\dhcpcsvc.DLL
0x00007ffa0eea0000 - 0x00007ffa0ef6b000 	C:\Windows\SYSTEM32\DNSAPI.dll
0x00007ffa0d5e0000 - 0x00007ffa0d67e000 	C:\Windows\system32\uxtheme.dll
0x00007ffa10fa0000 - 0x00007ffa110b5000 	C:\Windows\System32\MSCTF.dll
0x00007ffa10e70000 - 0x00007ffa10f9a000 	C:\Windows\System32\ole32.dll
0x00007ffa0d7d0000 - 0x00007ffa0d7ff000 	C:\Windows\system32\DWMAPI.DLL
0x00007ff9f5e60000 - 0x00007ff9f5f86000 	C:\Windows\system32\opengl32.dll
0x00007ff9f5ae0000 - 0x00007ff9f5b0c000 	C:\Windows\SYSTEM32\GLU32.dll
0x00007ff9fbf00000 - 0x00007ff9fbf85000 	C:\Program Files\STMicroelectronics\STM32Cube\STM32CubeMX\jre\bin\freetype.dll
0x00007ffa034e0000 - 0x00007ffa034f2000 	C:\Program Files\STMicroelectronics\STM32Cube\STM32CubeMX\jre\bin\fontmanager.dll
0x00007ff9def40000 - 0x00007ff9deffc000 	C:\Program Files\STMicroelectronics\STM32Cube\STM32CubeMX\jre\bin\harfbuzz.dll
0x0000000063560000 - 0x0000000063569000 	C:\Program Files\National Instruments\Shared\mDNS Responder\nimdnsNSP.dll
0x0000000063550000 - 0x000000006355e000 	C:\Windows\SYSTEM32\nimdnsResponder.dll
0x000000005ced0000 - 0x000000005cf73000 	C:\Windows\WinSxS\amd64_microsoft.vc90.crt_1fc8b3b9a1e18e3b_9.0.30729.9625_none_08e1c10da83fbc83\MSVCR90.dll
0x00007ffa031b0000 - 0x00007ffa031ba000 	C:\Windows\System32\rasadhlp.dll
0x00007ffa0b060000 - 0x00007ffa0b069000 	C:\Program Files\STMicroelectronics\STM32Cube\STM32CubeMX\jre\bin\management.dll
0x00007ffa08ae0000 - 0x00007ffa08aeb000 	C:\Program Files\STMicroelectronics\STM32Cube\STM32CubeMX\jre\bin\management_ext.dll
0x00007ffa08a60000 - 0x00007ffa08a69000 	C:\Program Files\STMicroelectronics\STM32Cube\STM32CubeMX\jre\bin\prefs.dll
0x00007ff9de4d0000 - 0x00007ff9de4e7000 	C:\Windows\system32\napinsp.dll
0x00007ff9de4b0000 - 0x00007ff9de4cb000 	C:\Windows\system32\pnrpnsp.dll
0x00007ff9f42f0000 - 0x00007ff9f4305000 	C:\Windows\system32\wshbth.dll
0x00007ffa0b4b0000 - 0x00007ffa0b4cd000 	C:\Windows\system32\NLAapi.dll
0x00007ff9de490000 - 0x00007ff9de4a2000 	C:\Windows\System32\winrnr.dll
0x00007ffa03070000 - 0x00007ffa030ef000 	C:\Windows\System32\fwpuclnt.dll

dbghelp: loaded successfully - version: 4.0.5 - missing functions: none
symbol engine: initialized successfully - sym options: 0x614 - pdb path: .;C:\Program Files\STMicroelectronics\STM32Cube\STM32CubeMX\jre\bin;C:\Windows\SYSTEM32;C:\Windows\WinSxS\amd64_microsoft.windows.common-controls_6595b64144ccf1df_6.0.19041.1110_none_60b5254171f9507e;C:\Program Files\STMicroelectronics\STM32Cube\STM32CubeMX\jre\bin\server;C:\Program Files\National Instruments\Shared\mDNS Responder;C:\Windows\WinSxS\amd64_microsoft.vc90.crt_1fc8b3b9a1e18e3b_9.0.30729.9625_none_08e1c10da83fbc83

VM Arguments:
jvm_args: -Djavax.net.ssl.trustStoreType=WINDOWS-ROOT 
java_command: com.st.microxplorer.maingui.STM32CubeMX C:\Users\MYDELL\Documents\code\cayvailol\cayvailol.ioc
java_class_path (initial): C:\Program Files\STMicroelectronics\STM32Cube\STM32CubeMX\STM32CubeMX.exe;anything
Launcher Type: SUN_STANDARD

[Global flags]
     intx CICompilerCount                          = 3                                         {product} {ergonomic}
     uint ConcGCThreads                            = 1                                         {product} {ergonomic}
     uint G1ConcRefinementThreads                  = 4                                         {product} {ergonomic}
   size_t G1HeapRegionSize                         = 1048576                                   {product} {ergonomic}
    uintx GCDrainStackTargetSize                   = 64                                        {product} {ergonomic}
   size_t InitialHeapSize                          = 268435456                                 {product} {ergonomic}
   size_t MarkStackSize                            = 4194304                                   {product} {ergonomic}
   size_t MaxHeapSize                              = 4273995776                                {product} {ergonomic}
   size_t MaxNewSize                               = 2563768320                                {product} {ergonomic}
   size_t MinHeapDeltaBytes                        = 1048576                                   {product} {ergonomic}
    uintx NonNMethodCodeHeapSize                   = 5830732                                {pd product} {ergonomic}
    uintx NonProfiledCodeHeapSize                  = 122913754                              {pd product} {ergonomic}
    uintx ProfiledCodeHeapSize                     = 122913754                              {pd product} {ergonomic}
    uintx ReservedCodeCacheSize                    = 251658240                              {pd product} {ergonomic}
     bool SegmentedCodeCache                       = true                                      {product} {ergonomic}
     bool UseCompressedClassPointers               = true                                 {lp64_product} {ergonomic}
     bool UseCompressedOops                        = true                                 {lp64_product} {ergonomic}
     bool UseG1GC                                  = true                                      {product} {ergonomic}
     bool UseLargePagesIndividualAllocation        = false                                  {pd product} {ergonomic}

Logging:
Log output configuration:
 #0: stdout all=warning uptime,level,tags
 #1: stderr all=off uptime,level,tags

Environment Variables:
PATH=C:\Program Files\STMicroelectronics\STM32Cube\STM32CubeMX\;C:\Program Files (x86)\Common Files\Oracle\Java\javapath;C:\Windows\system32;C:\Windows;C:\Windows\System32\Wbem;C:\Windows\System32\WindowsPowerShell\v1.0\;C:\Windows\System32\OpenSSH\;C:\Program Files\Git\cmd;C:\Program Files (x86)\IVI Foundation\VISA\WinNT\Bin\;C:\Program Files\IVI Foundation\VISA\Win64\Bin\;C:\Program Files (x86)\IVI Foundation\VISA\WinNT\Bin;C:\Users\MYDELL\AppData\Local\Programs\Python\Python38\Scripts\;C:\Users\MYDELL\AppData\Local\Programs\Python\Python38\;C:\Users\MYDELL\AppData\Local\Microsoft\WindowsApps;;C:\Users\MYDELL\AppData\Local\Programs\Microsoft VS Code\bin;C:\Program Files\STMicroelectronics\STM32Cube\STM32CubeMX\.\jre\\bin
USERNAME=MYDELL
OS=Windows_NT
PROCESSOR_IDENTIFIER=Intel64 Family 6 Model 60 Stepping 3, GenuineIntel



---------------  S Y S T E M  ---------------

OS: Windows 10 , 64 bit Build 19041 (10.0.19041.1645)
OS uptime: 0 days 0:22 hours

CPU:total 4 (initial active 4) (4 cores per cpu, 1 threads per core) family 6 model 60 stepping 3 microcode 0x27, cmov, cx8, fxsr, mmx, sse, sse2, sse3, ssse3, sse4.1, sse4.2, popcnt, avx, avx2, aes, clmul, erms, lzcnt, tsc, tscinvbit, bmi1, bmi2, fma

Memory: 4k page, system-wide physical 16302M (11186M free)
TotalPageFile size 18734M (AvailPageFile size 13209M)
current process WorkingSet (physical memory assigned to process): 166M, peak: 166M
current process commit charge ("private bytes"): 393M, peak: 394M

vm_info: OpenJDK 64-Bit Server VM (11.0.10+9) for windows-amd64 JRE (11.0.10+9), built on Jan 20 2021 06:07:07 by "" with MS VC++ 15.9 (VS2017)

END.
