#
# A fatal error has been detected by the Java Runtime Environment:
#
#  EXCEPTION_ACCESS_VIOLATION (0xc0000005) at pc=0x00007ff9ce76d286, pid=13876, tid=9284
#
# JRE version: OpenJDK Runtime Environment AdoptOpenJDK (11.0.10+9) (build 11.0.10+9)
# Java VM: OpenJDK 64-Bit Server VM AdoptOpenJDK (11.0.10+9, mixed mode, tiered, compressed oops, g1 gc, windows-amd64)
# Problematic frame:
# V  [jvm.dll+0x4ed286]
#
# No core dump will be written. Minidumps are not enabled by default on client versions of Windows
#
# If you would like to submit a bug report, please visit:
#   https://github.com/AdoptOpenJDK/openjdk-support/issues
#

---------------  S U M M A R Y ------------

Command Line: -Djavax.net.ssl.trustStoreType=WINDOWS-ROOT com.st.microxplorer.maingui.STM32CubeMX C:\Users\MYDELL\Documents\code\cayvailol\cayvailol.ioc

Host: Intel(R) Core(TM) i5-4590 CPU @ 3.30GHz, 4 cores, 15G,  Windows 10 , 64 bit Build 19041 (10.0.19041.1645)
Time: Wed May 11 10:29:32 2022 SE Asia Standard Time elapsed time: 11.046489 seconds (0d 0h 0m 11s)

---------------  T H R E A D  ---------------

Current thread (0x0000023042d4e800):  JavaThread "C2 CompilerThread0" daemon [_thread_in_native, id=9284, stack(0x000000a269100000,0x000000a269200000)]


Current CompileTask:
C2:  11046 9530   !   4       com.st.microxplorer.util.LogicalParser::evaluate (862 bytes)

Stack: [0x000000a269100000,0x000000a269200000],  sp=0x000000a2691fb5a0,  free space=1005k
Native frames: (J=compiled Java code, j=interpreted, Vv=VM code, C=native code)
V  [jvm.dll+0x4ed286]
V  [jvm.dll+0x4edc5b]
V  [jvm.dll+0x319e62]
V  [jvm.dll+0x31916a]
V  [jvm.dll+0x200525]
V  [jvm.dll+0x1ff70f]
V  [jvm.dll+0x1846bc]
V  [jvm.dll+0x20ec37]
V  [jvm.dll+0x20ce1b]
V  [jvm.dll+0x740b39]
V  [jvm.dll+0x739ba4]
V  [jvm.dll+0x5f2466]
C  [ucrtbase.dll+0x21bb2]
C  [KERNEL32.DLL+0x17034]
C  [ntdll.dll+0x52651]


siginfo: EXCEPTION_ACCESS_VIOLATION (0xc0000005), reading address 0x00007f79cecefa60


Register to memory mapping:

RIP=0x00007ff9ce76d286 jvm.dll
RAX=0x000002304a428870 points into unknown readable memory: 0x00007ff9cecefa58 | 58 fa ce ce f9 7f 00 00
RBX=0x0000000000000546 is an unknown value
RCX=0x00007f79cecefa58 is an unknown value
RDX=0x0000023043444f60 points into unknown readable memory: 0x0000000000000000 | 00 00 00 00 00 00 00 00
RSP=0x000000a2691fb5a0 is pointing into the stack for thread: 0x0000023042d4e800
RBP=64 is a compressed pointer to class: 0x0000000800000040
RSI=0x0000000000000002 is an unknown value
RDI=0x0000023049cfbc00 points into unknown readable memory: 0x0000023000000001 | 01 00 00 00 30 02 00 00
R8 =0x0000000000000545 is an unknown value
R9 =0x000000a2691fb5d0 is pointing into the stack for thread: 0x0000023042d4e800
R10=0x00007ff9cecefa58 jvm.dll
R11=0x00007ff9ce280000 jvm.dll
R12=0x0000000000000001 is an unknown value
R13=0x00000230488b6ff0 points into unknown readable memory: 0x0000000000000004 | 04 00 00 00 00 00 00 00
R14=0x0000000000000028 is an unknown value
R15=0x000002304c8e5c40 points into unknown readable memory: 0x000000000000001b | 1b 00 00 00 00 00 00 00


Registers:
RAX=0x000002304a428870, RBX=0x0000000000000546, RCX=0x00007f79cecefa58, RDX=0x0000023043444f60
RSP=0x000000a2691fb5a0, RBP=0x0000000000000040, RSI=0x0000000000000002, RDI=0x0000023049cfbc00
R8 =0x0000000000000545, R9 =0x000000a2691fb5d0, R10=0x00007ff9cecefa58, R11=0x00007ff9ce280000
R12=0x0000000000000001, R13=0x00000230488b6ff0, R14=0x0000000000000028, R15=0x000002304c8e5c40
RIP=0x00007ff9ce76d286, EFLAGS=0x0000000000010246

Top of Stack: (sp=0x000000a2691fb5a0)
0x000000a2691fb5a0:   0000000000000546 0000000000000200
0x000000a2691fb5b0:   0000000000000003 0000000000000001
0x000000a2691fb5c0:   00000230488b6ff0 0000000000000000
0x000000a2691fb5d0:   0000054a00000000 00007ff900000003
0x000000a2691fb5e0:   0000023043445280 00007ff900000006
0x000000a2691fb5f0:   000002304a453fe8 0000000000000033
0x000000a2691fb600:   0000023043781840 0000023000000033
0x000000a2691fb610:   0000000000000004 00000230471fc978
0x000000a2691fb620:   0000000000000002 0000023043781840
0x000000a2691fb630:   000002304ab2c430 0000000000000003
0x000000a2691fb640:   0000023048688450 00007ff9ce76dc5b
0x000000a2691fb650:   000000a2691fb9d0 000002304868ac80
0x000000a2691fb660:   000000a2691fb9d0 000000a2691fb6a0
0x000000a2691fb670:   0000000000000010 0000023042414b10
0x000000a2691fb680:   000002304a445eb0 00000000003b14a8
0x000000a2691fb690:   000002304a445f00 000002304a44de98 

Instructions: (pc=0x00007ff9ce76d286)
0x00007ff9ce76d186:   8d 15 cc 28 58 00 48 89 ac 24 88 00 00 00 41 bc
0x00007ff9ce76d196:   01 00 00 00 48 89 b4 24 80 00 00 00 4c 89 74 24
0x00007ff9ce76d1a6:   78 4c 8d 1d 52 2e b1 ff 66 90 8b 54 24 30 85 d2
0x00007ff9ce76d1b6:   74 42 44 8b 4c 24 34 f6 c2 1f 75 0c c1 ea 05 41
0x00007ff9ce76d1c6:   83 c1 05 f6 c2 1f 74 f4 44 8b c2 41 83 e0 1f 43
0x00007ff9ce76d1d6:   0f b6 8c 18 00 d3 88 00 43 0f b6 9c 18 e0 d2 88
0x00007ff9ce76d1e6:   00 d3 ea 89 54 24 30 41 03 d9 42 8d 04 09 89 44
0x00007ff9ce76d1f6:   24 34 eb 13 48 8d 4c 24 30 e8 fc 37 e6 ff 8b d8
0x00007ff9ce76d206:   4c 8d 15 4b 28 58 00 85 db 0f 84 bb 00 00 00 8b
0x00007ff9ce76d216:   cb 48 c1 e9 08 8b f3 4c 8d 34 cd 00 00 00 00 49
0x00007ff9ce76d226:   8b 4f 08 49 8b 14 0e 49 3b d2 75 14 8b d3 49 8b
0x00007ff9ce76d236:   cf e8 c4 39 e6 ff 48 8b d0 4c 8d 15 12 28 58 00
0x00007ff9ce76d246:   48 c1 ee 05 8b cb 83 e6 07 83 e1 1f 41 8b ec d3
0x00007ff9ce76d256:   e5 8b 0c b2 8b c1 0b c5 89 04 b2 23 cd 75 03 41
0x00007ff9ce76d266:   ff 07 4c 8d 1d 91 2d b1 ff 85 c9 0f 85 39 ff ff
0x00007ff9ce76d276:   ff 49 8b 45 08 4c 8d 1d 7e 2d b1 ff 4a 8b 0c 30
0x00007ff9ce76d286:   85 2c b1 0f 85 21 ff ff ff 48 8b 47 08 49 8b 14
0x00007ff9ce76d296:   06 49 3b d2 75 14 8b d3 48 8b cf e8 5a 39 e6 ff
0x00007ff9ce76d2a6:   48 8b d0 4c 8d 15 a8 27 58 00 8b 0c b2 4c 8d 1d
0x00007ff9ce76d2b6:   46 2d b1 ff 8b c1 0b c5 89 04 b2 85 cd 0f 85 e7
0x00007ff9ce76d2c6:   fe ff ff ff 07 e9 d7 fe ff ff 83 3f 00 4c 8b 7c
0x00007ff9ce76d2d6:   24 70 4c 8b 74 24 78 48 8b b4 24 80 00 00 00 48
0x00007ff9ce76d2e6:   8b ac 24 88 00 00 00 48 8b 9c 24 c0 00 00 00 4c
0x00007ff9ce76d2f6:   8b ac 24 b0 00 00 00 74 62 4c 8b 84 24 b8 00 00
0x00007ff9ce76d306:   00 49 8b 45 28 41 8b 48 4c ff c9 48 83 7c 24 28
0x00007ff9ce76d316:   00 48 89 3c c8 75 53 41 8b 48 4c 8b c1 4c 8b 8c
0x00007ff9ce76d326:   24 c8 00 00 00 c1 e8 05 41 3b 41 10 73 3c 8b d0
0x00007ff9ce76d336:   83 e1 1f 49 8b 41 18 41 d3 e4 8b 04 90 41 23 c4
0x00007ff9ce76d346:   74 28 49 8b 4d 38 49 8b d0 e8 bc 57 c2 ff 48 81
0x00007ff9ce76d356:   c4 90 00 00 00 41 5d 41 5c 5f c3 49 8b 45 30 48
0x00007ff9ce76d366:   89 87 98 00 00 00 49 89 7d 30 48 81 c4 90 00 00
0x00007ff9ce76d376:   00 41 5d 41 5c 5f c3 cc cc cc 40 53 55 56 57 41 


Stack slot to memory mapping:
stack at sp + 0 slots: 0x0000000000000546 is an unknown value
stack at sp + 1 slots: 0x0000000000000200 is an unknown value
stack at sp + 2 slots: 0x0000000000000003 is an unknown value
stack at sp + 3 slots: 0x0000000000000001 is an unknown value
stack at sp + 4 slots: 0x00000230488b6ff0 points into unknown readable memory: 0x0000000000000004 | 04 00 00 00 00 00 00 00
stack at sp + 5 slots: 0x0 is NULL
stack at sp + 6 slots: 0x0000054a00000000 is an unknown value
stack at sp + 7 slots: 0x00007ff900000003 is an unknown value


---------------  P R O C E S S  ---------------

Threads class SMR info:
_java_thread_list=0x000002304688b4d0, length=22, elements={
0x0000023042430800, 0x0000023042431800, 0x0000023042cfb000, 0x0000023042cfd000,
0x0000023042cfe800, 0x0000023042d4e800, 0x000002304245c000, 0x000002304245d000,
0x0000023042edc800, 0x00000230434bb800, 0x000002304377a000, 0x000002304377a800,
0x0000023043708000, 0x000002301e983000, 0x0000023044944800, 0x0000023044270800,
0x00000230448c0800, 0x00000230448be800, 0x0000023046f9f800, 0x00000230448bf800,
0x00000230448c1000, 0x00000230448c2000
}

Java Threads: ( => current thread )
  0x0000023042430800 JavaThread "Reference Handler" daemon [_thread_blocked, id=14056, stack(0x000000a268c00000,0x000000a268d00000)]
  0x0000023042431800 JavaThread "Finalizer" daemon [_thread_blocked, id=10312, stack(0x000000a268d00000,0x000000a268e00000)]
  0x0000023042cfb000 JavaThread "Signal Dispatcher" daemon [_thread_blocked, id=8952, stack(0x000000a268e00000,0x000000a268f00000)]
  0x0000023042cfd000 JavaThread "Attach Listener" daemon [_thread_blocked, id=3908, stack(0x000000a268f00000,0x000000a269000000)]
  0x0000023042cfe800 JavaThread "Service Thread" daemon [_thread_blocked, id=6776, stack(0x000000a269000000,0x000000a269100000)]
=>0x0000023042d4e800 JavaThread "C2 CompilerThread0" daemon [_thread_in_native, id=9284, stack(0x000000a269100000,0x000000a269200000)]
  0x000002304245c000 JavaThread "C1 CompilerThread0" daemon [_thread_blocked, id=4040, stack(0x000000a269200000,0x000000a269300000)]
  0x000002304245d000 JavaThread "Sweeper thread" daemon [_thread_blocked, id=11928, stack(0x000000a269300000,0x000000a269400000)]
  0x0000023042edc800 JavaThread "Common-Cleaner" daemon [_thread_blocked, id=12500, stack(0x000000a269500000,0x000000a269600000)]
  0x00000230434bb800 JavaThread "Java2D Disposer" daemon [_thread_blocked, id=13824, stack(0x000000a269700000,0x000000a269800000)]
  0x000002304377a000 JavaThread "AWT-Shutdown" [_thread_blocked, id=8528, stack(0x000000a269800000,0x000000a269900000)]
  0x000002304377a800 JavaThread "AWT-Windows" daemon [_thread_in_native, id=5992, stack(0x000000a269900000,0x000000a269a00000)]
  0x0000023043708000 JavaThread "AWT-EventQueue-0" [_thread_blocked, id=13640, stack(0x000000a269a00000,0x000000a269b00000)]
  0x000002301e983000 JavaThread "DestroyJavaVM" [_thread_blocked, id=880, stack(0x000000a268500000,0x000000a268600000)]
  0x0000023044944800 JavaThread "Image Fetcher 0" daemon [_thread_blocked, id=10952, stack(0x000000a26a100000,0x000000a26a200000)]
  0x0000023044270800 JavaThread "Image Fetcher 1" daemon [_thread_blocked, id=13240, stack(0x000000a26a200000,0x000000a26a300000)]
  0x00000230448c0800 JavaThread "TimerQueue" daemon [_thread_blocked, id=968, stack(0x000000a26a400000,0x000000a26a500000)]
  0x00000230448be800 JavaThread "Keep-Alive-Timer" daemon [_thread_blocked, id=5056, stack(0x000000a26a800000,0x000000a26a900000)]
  0x0000023046f9f800 JavaThread "C2 CompilerThread1" daemon [_thread_blocked, id=11936, stack(0x000000a269600000,0x000000a269700000)]
  0x00000230448bf800 JavaThread "SwingWorker-pool-1-thread-1" daemon [_thread_blocked, id=7380, stack(0x000000a26a000000,0x000000a26a100000)]
  0x00000230448c1000 JavaThread "SwingWorker-pool-1-thread-2" daemon [_thread_blocked, id=2016, stack(0x000000a269b00000,0x000000a269c00000)]
  0x00000230448c2000 JavaThread "Image Fetcher 2" daemon [_thread_blocked, id=1016, stack(0x000000a26a300000,0x000000a26a400000)]

Other Threads:
  0x0000023042458000 VMThread "VM Thread" [stack: 0x000000a268b00000,0x000000a268c00000] [id=13956]
  0x0000023042ed8800 WatcherThread [stack: 0x000000a269400000,0x000000a269500000] [id=4700]
  0x000002301e99c000 GCTaskThread "GC Thread#0" [stack: 0x000000a268600000,0x000000a268700000] [id=1444]
  0x00000230438ed000 GCTaskThread "GC Thread#1" [stack: 0x000000a269c00000,0x000000a269d00000] [id=4188]
  0x0000023043665000 GCTaskThread "GC Thread#2" [stack: 0x000000a269d00000,0x000000a269e00000] [id=8196]
  0x0000023043666000 GCTaskThread "GC Thread#3" [stack: 0x000000a269e00000,0x000000a269f00000] [id=9440]
  0x000002301e9fa000 ConcurrentGCThread "G1 Main Marker" [stack: 0x000000a268700000,0x000000a268800000] [id=8684]
  0x000002301e9fc000 ConcurrentGCThread "G1 Conc#0" [stack: 0x000000a268800000,0x000000a268900000] [id=3828]
  0x000002301ea5e000 ConcurrentGCThread "G1 Refine#0" [stack: 0x000000a268900000,0x000000a268a00000] [id=4264]
  0x0000023042fcf000 ConcurrentGCThread "G1 Refine#1" [stack: 0x000000a269f00000,0x000000a26a000000] [id=9436]
  0x0000023042317000 ConcurrentGCThread "G1 Young RemSet Sampling" [stack: 0x000000a268a00000,0x000000a268b00000] [id=13544]

Threads with active compile tasks:
C2 CompilerThread0  11166 9530   !   4       com.st.microxplorer.util.LogicalParser::evaluate (862 bytes)

VM state:not at safepoint (normal execution)

VM Mutex/Monitor currently owned by a thread: None

Heap address: 0x0000000701400000, size: 4076 MB, Compressed Oops mode: Zero based, Oop shift amount: 3
Narrow klass base: 0x0000000800000000, Narrow klass shift: 0
Compressed class space size: 1073741824 Address: 0x0000000800000000

Heap:
 garbage-first heap   total 378880K, used 231154K [0x0000000701400000, 0x0000000800000000)
  region size 1024K, 137 young (140288K), 16 survivors (16384K)
 Metaspace       used 72441K, capacity 76892K, committed 77136K, reserved 1116160K
  class space    used 8498K, capacity 10430K, committed 10496K, reserved 1048576K
Heap Regions: E=young(eden), S=young(survivor), O=old, HS=humongous(starts), HC=humongous(continues), CS=collection set, F=free, A=archive, TAMS=top-at-mark-start (previous, next)
|   0|0x0000000701400000, 0x0000000701500000, 0x0000000701500000|100%|HS|  |TAMS 0x0000000701500000, 0x0000000701400000| Complete 
|   1|0x0000000701500000, 0x0000000701600000, 0x0000000701600000|100%|HC|  |TAMS 0x0000000701600000, 0x0000000701500000| Complete 
|   2|0x0000000701600000, 0x0000000701700000, 0x0000000701700000|100%|HC|  |TAMS 0x0000000701700000, 0x0000000701600000| Complete 
|   3|0x0000000701700000, 0x0000000701800000, 0x0000000701800000|100%|HS|  |TAMS 0x0000000701800000, 0x0000000701700000| Complete 
|   4|0x0000000701800000, 0x0000000701900000, 0x0000000701900000|100%|HS|  |TAMS 0x0000000701900000, 0x0000000701800000| Complete 
|   5|0x0000000701900000, 0x0000000701a00000, 0x0000000701a00000|100%|HC|  |TAMS 0x0000000701a00000, 0x0000000701900000| Complete 
|   6|0x0000000701a00000, 0x0000000701b00000, 0x0000000701b00000|100%| O|  |TAMS 0x0000000701b00000, 0x0000000701a00000| Untracked 
|   7|0x0000000701b00000, 0x0000000701c00000, 0x0000000701c00000|100%| O|  |TAMS 0x0000000701c00000, 0x0000000701b00000| Untracked 
|   8|0x0000000701c00000, 0x0000000701d00000, 0x0000000701d00000|100%| O|  |TAMS 0x0000000701d00000, 0x0000000701c00000| Untracked 
|   9|0x0000000701d00000, 0x0000000701e00000, 0x0000000701e00000|100%| O|  |TAMS 0x0000000701e00000, 0x0000000701d00000| Untracked 
|  10|0x0000000701e00000, 0x0000000701f00000, 0x0000000701f00000|100%|HS|  |TAMS 0x0000000701f00000, 0x0000000701e00000| Complete 
|  11|0x0000000701f00000, 0x0000000702000000, 0x0000000702000000|100%|HS|  |TAMS 0x0000000702000000, 0x0000000701f00000| Complete 
|  12|0x0000000702000000, 0x0000000702100000, 0x0000000702100000|100%|HC|  |TAMS 0x0000000702100000, 0x0000000702000000| Complete 
|  13|0x0000000702100000, 0x0000000702200000, 0x0000000702200000|100%|HS|  |TAMS 0x0000000702200000, 0x0000000702100000| Complete 
|  14|0x0000000702200000, 0x0000000702300000, 0x0000000702300000|100%|HS|  |TAMS 0x0000000702300000, 0x0000000702200000| Complete 
|  15|0x0000000702300000, 0x0000000702400000, 0x0000000702400000|100%|HC|  |TAMS 0x0000000702400000, 0x0000000702300000| Complete 
|  16|0x0000000702400000, 0x0000000702500000, 0x0000000702500000|100%|HC|  |TAMS 0x0000000702500000, 0x0000000702400000| Complete 
|  17|0x0000000702500000, 0x0000000702600000, 0x0000000702600000|100%|HC|  |TAMS 0x0000000702600000, 0x0000000702500000| Complete 
|  18|0x0000000702600000, 0x0000000702700000, 0x0000000702700000|100%|HS|  |TAMS 0x0000000702700000, 0x0000000702600000| Complete 
|  19|0x0000000702700000, 0x0000000702800000, 0x0000000702800000|100%|HC|  |TAMS 0x0000000702800000, 0x0000000702700000| Complete 
|  20|0x0000000702800000, 0x0000000702900000, 0x0000000702900000|100%|HC|  |TAMS 0x0000000702900000, 0x0000000702800000| Complete 
|  21|0x0000000702900000, 0x0000000702a00000, 0x0000000702a00000|100%|HC|  |TAMS 0x0000000702a00000, 0x0000000702900000| Complete 
|  22|0x0000000702a00000, 0x0000000702b00000, 0x0000000702b00000|100%|HS|  |TAMS 0x0000000702b00000, 0x0000000702a00000| Complete 
|  23|0x0000000702b00000, 0x0000000702c00000, 0x0000000702c00000|100%|HC|  |TAMS 0x0000000702c00000, 0x0000000702b00000| Complete 
|  24|0x0000000702c00000, 0x0000000702d00000, 0x0000000702d00000|100%|HC|  |TAMS 0x0000000702d00000, 0x0000000702c00000| Complete 
|  25|0x0000000702d00000, 0x0000000702e00000, 0x0000000702e00000|100%|HC|  |TAMS 0x0000000702e00000, 0x0000000702d00000| Complete 
|  26|0x0000000702e00000, 0x0000000702f00000, 0x0000000702f00000|100%|HS|  |TAMS 0x0000000702f00000, 0x0000000702e00000| Complete 
|  27|0x0000000702f00000, 0x0000000703000000, 0x0000000703000000|100%|HC|  |TAMS 0x0000000703000000, 0x0000000702f00000| Complete 
|  28|0x0000000703000000, 0x0000000703100000, 0x0000000703100000|100%|HC|  |TAMS 0x0000000703100000, 0x0000000703000000| Complete 
|  29|0x0000000703100000, 0x0000000703200000, 0x0000000703200000|100%|HC|  |TAMS 0x0000000703200000, 0x0000000703100000| Complete 
|  30|0x0000000703200000, 0x0000000703300000, 0x0000000703300000|100%| O|  |TAMS 0x0000000703300000, 0x0000000703200000| Untracked 
|  31|0x0000000703300000, 0x0000000703400000, 0x0000000703400000|100%| O|  |TAMS 0x0000000703400000, 0x0000000703300000| Untracked 
|  32|0x0000000703400000, 0x0000000703500000, 0x0000000703500000|100%|HS|  |TAMS 0x0000000703500000, 0x0000000703400000| Complete 
|  33|0x0000000703500000, 0x0000000703600000, 0x0000000703600000|100%|HC|  |TAMS 0x0000000703600000, 0x0000000703500000| Complete 
|  34|0x0000000703600000, 0x0000000703700000, 0x0000000703700000|100%|HC|  |TAMS 0x0000000703700000, 0x0000000703600000| Complete 
|  35|0x0000000703700000, 0x0000000703800000, 0x0000000703800000|100%|HC|  |TAMS 0x0000000703800000, 0x0000000703700000| Complete 
|  36|0x0000000703800000, 0x0000000703900000, 0x0000000703900000|100%|HS|  |TAMS 0x0000000703900000, 0x0000000703800000| Complete 
|  37|0x0000000703900000, 0x0000000703a00000, 0x0000000703a00000|100%|HC|  |TAMS 0x0000000703a00000, 0x0000000703900000| Complete 
|  38|0x0000000703a00000, 0x0000000703b00000, 0x0000000703b00000|100%|HC|  |TAMS 0x0000000703b00000, 0x0000000703a00000| Complete 
|  39|0x0000000703b00000, 0x0000000703c00000, 0x0000000703c00000|100%|HC|  |TAMS 0x0000000703c00000, 0x0000000703b00000| Complete 
|  40|0x0000000703c00000, 0x0000000703d00000, 0x0000000703d00000|100%|HS|  |TAMS 0x0000000703d00000, 0x0000000703c00000| Complete 
|  41|0x0000000703d00000, 0x0000000703e00000, 0x0000000703e00000|100%|HC|  |TAMS 0x0000000703e00000, 0x0000000703d00000| Complete 
|  42|0x0000000703e00000, 0x0000000703f00000, 0x0000000703f00000|100%|HC|  |TAMS 0x0000000703f00000, 0x0000000703e00000| Complete 
|  43|0x0000000703f00000, 0x0000000704000000, 0x0000000704000000|100%|HC|  |TAMS 0x0000000704000000, 0x0000000703f00000| Complete 
|  44|0x0000000704000000, 0x0000000704100000, 0x0000000704100000|100%|HS|  |TAMS 0x0000000704100000, 0x0000000704000000| Complete 
|  45|0x0000000704100000, 0x0000000704200000, 0x0000000704200000|100%|HC|  |TAMS 0x0000000704200000, 0x0000000704100000| Complete 
|  46|0x0000000704200000, 0x0000000704300000, 0x0000000704300000|100%|HC|  |TAMS 0x0000000704300000, 0x0000000704200000| Complete 
|  47|0x0000000704300000, 0x0000000704400000, 0x0000000704400000|100%|HC|  |TAMS 0x0000000704400000, 0x0000000704300000| Complete 
|  48|0x0000000704400000, 0x0000000704500000, 0x0000000704500000|100%|HS|  |TAMS 0x0000000704500000, 0x0000000704400000| Complete 
|  49|0x0000000704500000, 0x0000000704600000, 0x0000000704600000|100%|HC|  |TAMS 0x0000000704600000, 0x0000000704500000| Complete 
|  50|0x0000000704600000, 0x0000000704700000, 0x0000000704700000|100%|HC|  |TAMS 0x0000000704700000, 0x0000000704600000| Complete 
|  51|0x0000000704700000, 0x0000000704800000, 0x0000000704800000|100%|HC|  |TAMS 0x0000000704800000, 0x0000000704700000| Complete 
|  52|0x0000000704800000, 0x0000000704900000, 0x0000000704900000|100%|HS|  |TAMS 0x0000000704900000, 0x0000000704800000| Complete 
|  53|0x0000000704900000, 0x0000000704a00000, 0x0000000704a00000|100%|HC|  |TAMS 0x0000000704a00000, 0x0000000704900000| Complete 
|  54|0x0000000704a00000, 0x0000000704b00000, 0x0000000704b00000|100%|HC|  |TAMS 0x0000000704b00000, 0x0000000704a00000| Complete 
|  55|0x0000000704b00000, 0x0000000704c00000, 0x0000000704c00000|100%|HC|  |TAMS 0x0000000704c00000, 0x0000000704b00000| Complete 
|  56|0x0000000704c00000, 0x0000000704d00000, 0x0000000704d00000|100%| O|  |TAMS 0x0000000704d00000, 0x0000000704c00000| Untracked 
|  57|0x0000000704d00000, 0x0000000704e00000, 0x0000000704e00000|100%| O|  |TAMS 0x0000000704e00000, 0x0000000704d00000| Untracked 
|  58|0x0000000704e00000, 0x0000000704f00000, 0x0000000704f00000|100%| O|  |TAMS 0x0000000704f00000, 0x0000000704e00000| Untracked 
|  59|0x0000000704f00000, 0x0000000705000000, 0x0000000705000000|100%| O|  |TAMS 0x0000000705000000, 0x0000000704f00000| Untracked 
|  60|0x0000000705000000, 0x0000000705100000, 0x0000000705100000|100%| O|  |TAMS 0x0000000705100000, 0x0000000705000000| Untracked 
|  61|0x0000000705100000, 0x0000000705200000, 0x0000000705200000|100%| O|  |TAMS 0x0000000705200000, 0x0000000705100000| Untracked 
|  62|0x0000000705200000, 0x0000000705300000, 0x0000000705300000|100%| O|  |TAMS 0x0000000705300000, 0x0000000705200000| Untracked 
|  63|0x0000000705300000, 0x0000000705400000, 0x0000000705400000|100%| O|  |TAMS 0x0000000705400000, 0x0000000705300000| Untracked 
|  64|0x0000000705400000, 0x0000000705500000, 0x0000000705500000|100%| O|  |TAMS 0x0000000705500000, 0x0000000705400000| Untracked 
|  65|0x0000000705500000, 0x0000000705600000, 0x0000000705600000|100%| O|  |TAMS 0x0000000705600000, 0x0000000705500000| Untracked 
|  66|0x0000000705600000, 0x0000000705700000, 0x0000000705700000|100%| O|  |TAMS 0x0000000705700000, 0x0000000705600000| Untracked 
|  67|0x0000000705700000, 0x0000000705800000, 0x0000000705800000|100%| O|  |TAMS 0x0000000705800000, 0x0000000705700000| Untracked 
|  68|0x0000000705800000, 0x0000000705900000, 0x0000000705900000|100%| O|  |TAMS 0x00000007058cc400, 0x0000000705800000| Untracked 
|  69|0x0000000705900000, 0x0000000705a00000, 0x0000000705a00000|100%|HS|  |TAMS 0x0000000705900000, 0x0000000705900000| Complete 
|  70|0x0000000705a00000, 0x0000000705b00000, 0x0000000705b00000|100%|HC|  |TAMS 0x0000000705a00000, 0x0000000705a00000| Complete 
|  71|0x0000000705b00000, 0x0000000705c00000, 0x0000000705c00000|100%|HC|  |TAMS 0x0000000705b00000, 0x0000000705b00000| Complete 
|  72|0x0000000705c00000, 0x0000000705d00000, 0x0000000705d00000|100%|HC|  |TAMS 0x0000000705c00000, 0x0000000705c00000| Complete 
|  73|0x0000000705d00000, 0x0000000705e00000, 0x0000000705e00000|100%|HC|  |TAMS 0x0000000705d00000, 0x0000000705d00000| Complete 
|  74|0x0000000705e00000, 0x0000000705f00000, 0x0000000705f00000|100%| O|  |TAMS 0x0000000705e00000, 0x0000000705e00000| Untracked 
|  75|0x0000000705f00000, 0x0000000706000000, 0x0000000706000000|100%| O|  |TAMS 0x0000000705f00000, 0x0000000705f00000| Untracked 
|  76|0x0000000706000000, 0x0000000706100000, 0x0000000706100000|100%| O|  |TAMS 0x0000000706000000, 0x0000000706000000| Untracked 
|  77|0x0000000706100000, 0x0000000706200000, 0x0000000706200000|100%| O|  |TAMS 0x0000000706100000, 0x0000000706100000| Untracked 
|  78|0x0000000706200000, 0x0000000706300000, 0x0000000706300000|100%| O|  |TAMS 0x0000000706200000, 0x0000000706200000| Untracked 
|  79|0x0000000706300000, 0x0000000706400000, 0x0000000706400000|100%|HS|  |TAMS 0x0000000706300000, 0x0000000706300000| Complete 
|  80|0x0000000706400000, 0x0000000706500000, 0x0000000706500000|100%|HC|  |TAMS 0x0000000706400000, 0x0000000706400000| Complete 
|  81|0x0000000706500000, 0x0000000706600000, 0x0000000706600000|100%|HC|  |TAMS 0x0000000706500000, 0x0000000706500000| Complete 
|  82|0x0000000706600000, 0x0000000706700000, 0x0000000706700000|100%| O|  |TAMS 0x0000000706600000, 0x0000000706600000| Untracked 
|  83|0x0000000706700000, 0x0000000706800000, 0x0000000706800000|100%| O|  |TAMS 0x0000000706700000, 0x0000000706700000| Untracked 
|  84|0x0000000706800000, 0x0000000706900000, 0x0000000706900000|100%| O|  |TAMS 0x0000000706800000, 0x0000000706800000| Untracked 
|  85|0x0000000706900000, 0x0000000706a00000, 0x0000000706a00000|100%| O|  |TAMS 0x0000000706900000, 0x0000000706900000| Untracked 
|  86|0x0000000706a00000, 0x0000000706b00000, 0x0000000706b00000|100%| O|  |TAMS 0x0000000706a00000, 0x0000000706a00000| Untracked 
|  87|0x0000000706b00000, 0x0000000706c00000, 0x0000000706c00000|100%| O|  |TAMS 0x0000000706b00000, 0x0000000706b00000| Untracked 
|  88|0x0000000706c00000, 0x0000000706d00000, 0x0000000706d00000|100%| O|  |TAMS 0x0000000706c00000, 0x0000000706c00000| Untracked 
|  89|0x0000000706d00000, 0x0000000706dbc800, 0x0000000706e00000| 73%| O|  |TAMS 0x0000000706d00000, 0x0000000706d00000| Untracked 
|  90|0x0000000706e00000, 0x0000000706e00000, 0x0000000706f00000|  0%| F|  |TAMS 0x0000000706e00000, 0x0000000706e00000| Untracked 
|  91|0x0000000706f00000, 0x0000000706f00000, 0x0000000707000000|  0%| F|  |TAMS 0x0000000706f00000, 0x0000000706f00000| Untracked 
|  92|0x0000000707000000, 0x0000000707000000, 0x0000000707100000|  0%| F|  |TAMS 0x0000000707000000, 0x0000000707000000| Untracked 
|  93|0x0000000707100000, 0x0000000707100000, 0x0000000707200000|  0%| F|  |TAMS 0x0000000707100000, 0x0000000707100000| Untracked 
|  94|0x0000000707200000, 0x0000000707200000, 0x0000000707300000|  0%| F|  |TAMS 0x0000000707200000, 0x0000000707200000| Untracked 
|  95|0x0000000707300000, 0x0000000707300000, 0x0000000707400000|  0%| F|  |TAMS 0x0000000707300000, 0x0000000707300000| Untracked 
|  96|0x0000000707400000, 0x0000000707400000, 0x0000000707500000|  0%| F|  |TAMS 0x0000000707400000, 0x0000000707400000| Untracked 
|  97|0x0000000707500000, 0x0000000707500000, 0x0000000707600000|  0%| F|  |TAMS 0x0000000707500000, 0x0000000707500000| Untracked 
|  98|0x0000000707600000, 0x0000000707600000, 0x0000000707700000|  0%| F|  |TAMS 0x0000000707600000, 0x0000000707600000| Untracked 
|  99|0x0000000707700000, 0x0000000707700000, 0x0000000707800000|  0%| F|  |TAMS 0x0000000707700000, 0x0000000707700000| Untracked 
| 100|0x0000000707800000, 0x0000000707800000, 0x0000000707900000|  0%| F|  |TAMS 0x0000000707800000, 0x0000000707800000| Untracked 
| 101|0x0000000707900000, 0x0000000707900000, 0x0000000707a00000|  0%| F|  |TAMS 0x0000000707900000, 0x0000000707900000| Untracked 
| 102|0x0000000707a00000, 0x0000000707a00000, 0x0000000707b00000|  0%| F|  |TAMS 0x0000000707a00000, 0x0000000707a00000| Untracked 
| 103|0x0000000707b00000, 0x0000000707b00000, 0x0000000707c00000|  0%| F|  |TAMS 0x0000000707b00000, 0x0000000707b00000| Untracked 
| 104|0x0000000707c00000, 0x0000000707c00000, 0x0000000707d00000|  0%| F|  |TAMS 0x0000000707c00000, 0x0000000707c00000| Untracked 
| 105|0x0000000707d00000, 0x0000000707d00000, 0x0000000707e00000|  0%| F|  |TAMS 0x0000000707d00000, 0x0000000707d00000| Untracked 
| 106|0x0000000707e00000, 0x0000000707e00000, 0x0000000707f00000|  0%| F|  |TAMS 0x0000000707e00000, 0x0000000707e00000| Untracked 
| 107|0x0000000707f00000, 0x0000000707f00000, 0x0000000708000000|  0%| F|  |TAMS 0x0000000707f00000, 0x0000000707f00000| Untracked 
| 108|0x0000000708000000, 0x0000000708000000, 0x0000000708100000|  0%| F|  |TAMS 0x0000000708000000, 0x0000000708000000| Untracked 
| 109|0x0000000708100000, 0x0000000708100000, 0x0000000708200000|  0%| F|  |TAMS 0x0000000708100000, 0x0000000708100000| Untracked 
| 110|0x0000000708200000, 0x0000000708200000, 0x0000000708300000|  0%| F|  |TAMS 0x0000000708200000, 0x0000000708200000| Untracked 
| 111|0x0000000708300000, 0x0000000708300000, 0x0000000708400000|  0%| F|  |TAMS 0x0000000708300000, 0x0000000708300000| Untracked 
| 112|0x0000000708400000, 0x0000000708400000, 0x0000000708500000|  0%| F|  |TAMS 0x0000000708400000, 0x0000000708400000| Untracked 
| 113|0x0000000708500000, 0x0000000708500000, 0x0000000708600000|  0%| F|  |TAMS 0x0000000708500000, 0x0000000708500000| Untracked 
| 114|0x0000000708600000, 0x0000000708600000, 0x0000000708700000|  0%| F|  |TAMS 0x0000000708600000, 0x0000000708600000| Untracked 
| 115|0x0000000708700000, 0x0000000708700000, 0x0000000708800000|  0%| F|  |TAMS 0x0000000708700000, 0x0000000708700000| Untracked 
| 116|0x0000000708800000, 0x0000000708800000, 0x0000000708900000|  0%| F|  |TAMS 0x0000000708800000, 0x0000000708800000| Untracked 
| 117|0x0000000708900000, 0x0000000708900000, 0x0000000708a00000|  0%| F|  |TAMS 0x0000000708900000, 0x0000000708900000| Untracked 
| 118|0x0000000708a00000, 0x0000000708a00000, 0x0000000708b00000|  0%| F|  |TAMS 0x0000000708a00000, 0x0000000708a00000| Untracked 
| 119|0x0000000708b00000, 0x0000000708b00000, 0x0000000708c00000|  0%| F|  |TAMS 0x0000000708b00000, 0x0000000708b00000| Untracked 
| 120|0x0000000708c00000, 0x0000000708c00000, 0x0000000708d00000|  0%| F|  |TAMS 0x0000000708c00000, 0x0000000708c00000| Untracked 
| 121|0x0000000708d00000, 0x0000000708d00000, 0x0000000708e00000|  0%| F|  |TAMS 0x0000000708d00000, 0x0000000708d00000| Untracked 
| 122|0x0000000708e00000, 0x0000000708e00000, 0x0000000708f00000|  0%| F|  |TAMS 0x0000000708e00000, 0x0000000708e00000| Untracked 
| 123|0x0000000708f00000, 0x0000000708f00000, 0x0000000709000000|  0%| F|  |TAMS 0x0000000708f00000, 0x0000000708f00000| Untracked 
| 124|0x0000000709000000, 0x0000000709000000, 0x0000000709100000|  0%| F|  |TAMS 0x0000000709000000, 0x0000000709000000| Untracked 
| 125|0x0000000709100000, 0x0000000709100000, 0x0000000709200000|  0%| F|  |TAMS 0x0000000709100000, 0x0000000709100000| Untracked 
| 126|0x0000000709200000, 0x0000000709200000, 0x0000000709300000|  0%| F|  |TAMS 0x0000000709200000, 0x0000000709200000| Untracked 
| 127|0x0000000709300000, 0x0000000709300000, 0x0000000709400000|  0%| F|  |TAMS 0x0000000709300000, 0x0000000709300000| Untracked 
| 128|0x0000000709400000, 0x0000000709400000, 0x0000000709500000|  0%| F|  |TAMS 0x0000000709400000, 0x0000000709400000| Untracked 
| 129|0x0000000709500000, 0x0000000709500000, 0x0000000709600000|  0%| F|  |TAMS 0x0000000709500000, 0x0000000709500000| Untracked 
| 130|0x0000000709600000, 0x0000000709600000, 0x0000000709700000|  0%| F|  |TAMS 0x0000000709600000, 0x0000000709600000| Untracked 
| 131|0x0000000709700000, 0x0000000709700000, 0x0000000709800000|  0%| F|  |TAMS 0x0000000709700000, 0x0000000709700000| Untracked 
| 132|0x0000000709800000, 0x0000000709800000, 0x0000000709900000|  0%| F|  |TAMS 0x0000000709800000, 0x0000000709800000| Untracked 
| 133|0x0000000709900000, 0x0000000709900000, 0x0000000709a00000|  0%| F|  |TAMS 0x0000000709900000, 0x0000000709900000| Untracked 
| 134|0x0000000709a00000, 0x0000000709a00000, 0x0000000709b00000|  0%| F|  |TAMS 0x0000000709a00000, 0x0000000709a00000| Untracked 
| 135|0x0000000709b00000, 0x0000000709b00000, 0x0000000709c00000|  0%| F|  |TAMS 0x0000000709b00000, 0x0000000709b00000| Untracked 
| 136|0x0000000709c00000, 0x0000000709c00000, 0x0000000709d00000|  0%| F|  |TAMS 0x0000000709c00000, 0x0000000709c00000| Untracked 
| 137|0x0000000709d00000, 0x0000000709d00000, 0x0000000709e00000|  0%| F|  |TAMS 0x0000000709d00000, 0x0000000709d00000| Untracked 
| 138|0x0000000709e00000, 0x0000000709e00000, 0x0000000709f00000|  0%| F|  |TAMS 0x0000000709e00000, 0x0000000709e00000| Untracked 
| 139|0x0000000709f00000, 0x0000000709f00000, 0x000000070a000000|  0%| F|  |TAMS 0x0000000709f00000, 0x0000000709f00000| Untracked 
| 140|0x000000070a000000, 0x000000070a000000, 0x000000070a100000|  0%| F|  |TAMS 0x000000070a000000, 0x000000070a000000| Untracked 
| 141|0x000000070a100000, 0x000000070a100000, 0x000000070a200000|  0%| F|  |TAMS 0x000000070a100000, 0x000000070a100000| Untracked 
| 142|0x000000070a200000, 0x000000070a200000, 0x000000070a300000|  0%| F|  |TAMS 0x000000070a200000, 0x000000070a200000| Untracked 
| 143|0x000000070a300000, 0x000000070a300000, 0x000000070a400000|  0%| F|  |TAMS 0x000000070a300000, 0x000000070a300000| Untracked 
| 144|0x000000070a400000, 0x000000070a400000, 0x000000070a500000|  0%| F|  |TAMS 0x000000070a400000, 0x000000070a400000| Untracked 
| 145|0x000000070a500000, 0x000000070a500000, 0x000000070a600000|  0%| F|  |TAMS 0x000000070a500000, 0x000000070a500000| Untracked 
| 146|0x000000070a600000, 0x000000070a600000, 0x000000070a700000|  0%| F|  |TAMS 0x000000070a600000, 0x000000070a600000| Untracked 
| 147|0x000000070a700000, 0x000000070a700000, 0x000000070a800000|  0%| F|  |TAMS 0x000000070a700000, 0x000000070a700000| Untracked 
| 148|0x000000070a800000, 0x000000070a800000, 0x000000070a900000|  0%| F|  |TAMS 0x000000070a800000, 0x000000070a800000| Untracked 
| 149|0x000000070a900000, 0x000000070a900000, 0x000000070aa00000|  0%| F|  |TAMS 0x000000070a900000, 0x000000070a900000| Untracked 
| 150|0x000000070aa00000, 0x000000070aa00000, 0x000000070ab00000|  0%| F|  |TAMS 0x000000070aa00000, 0x000000070aa00000| Untracked 
| 151|0x000000070ab00000, 0x000000070ab00000, 0x000000070ac00000|  0%| F|  |TAMS 0x000000070ab00000, 0x000000070ab00000| Untracked 
| 152|0x000000070ac00000, 0x000000070ac00000, 0x000000070ad00000|  0%| F|  |TAMS 0x000000070ac00000, 0x000000070ac00000| Untracked 
| 153|0x000000070ad00000, 0x000000070ad00000, 0x000000070ae00000|  0%| F|  |TAMS 0x000000070ad00000, 0x000000070ad00000| Untracked 
| 154|0x000000070ae00000, 0x000000070af00000, 0x000000070af00000|100%| S|CS|TAMS 0x000000070ae00000, 0x000000070ae00000| Complete 
| 155|0x000000070af00000, 0x000000070b000000, 0x000000070b000000|100%| S|CS|TAMS 0x000000070af00000, 0x000000070af00000| Complete 
| 156|0x000000070b000000, 0x000000070b100000, 0x000000070b100000|100%| S|CS|TAMS 0x000000070b000000, 0x000000070b000000| Complete 
| 157|0x000000070b100000, 0x000000070b200000, 0x000000070b200000|100%| S|CS|TAMS 0x000000070b100000, 0x000000070b100000| Complete 
| 158|0x000000070b200000, 0x000000070b300000, 0x000000070b300000|100%| S|CS|TAMS 0x000000070b200000, 0x000000070b200000| Complete 
| 159|0x000000070b300000, 0x000000070b400000, 0x000000070b400000|100%| S|CS|TAMS 0x000000070b300000, 0x000000070b300000| Complete 
| 160|0x000000070b400000, 0x000000070b500000, 0x000000070b500000|100%| S|CS|TAMS 0x000000070b400000, 0x000000070b400000| Complete 
| 161|0x000000070b500000, 0x000000070b600000, 0x000000070b600000|100%| S|CS|TAMS 0x000000070b500000, 0x000000070b500000| Complete 
| 162|0x000000070b600000, 0x000000070b700000, 0x000000070b700000|100%| S|CS|TAMS 0x000000070b600000, 0x000000070b600000| Complete 
| 163|0x000000070b700000, 0x000000070b800000, 0x000000070b800000|100%| S|CS|TAMS 0x000000070b700000, 0x000000070b700000| Complete 
| 164|0x000000070b800000, 0x000000070b900000, 0x000000070b900000|100%| S|CS|TAMS 0x000000070b800000, 0x000000070b800000| Complete 
| 165|0x000000070b900000, 0x000000070ba00000, 0x000000070ba00000|100%| S|CS|TAMS 0x000000070b900000, 0x000000070b900000| Complete 
| 166|0x000000070ba00000, 0x000000070bb00000, 0x000000070bb00000|100%| S|CS|TAMS 0x000000070ba00000, 0x000000070ba00000| Complete 
| 167|0x000000070bb00000, 0x000000070bc00000, 0x000000070bc00000|100%| S|CS|TAMS 0x000000070bb00000, 0x000000070bb00000| Complete 
| 168|0x000000070bc00000, 0x000000070bd00000, 0x000000070bd00000|100%| S|CS|TAMS 0x000000070bc00000, 0x000000070bc00000| Complete 
| 169|0x000000070bd00000, 0x000000070be00000, 0x000000070be00000|100%| S|CS|TAMS 0x000000070bd00000, 0x000000070bd00000| Complete 
| 170|0x000000070be00000, 0x000000070be00000, 0x000000070bf00000|  0%| F|  |TAMS 0x000000070be00000, 0x000000070be00000| Untracked 
| 171|0x000000070bf00000, 0x000000070bf00000, 0x000000070c000000|  0%| F|  |TAMS 0x000000070bf00000, 0x000000070bf00000| Untracked 
| 172|0x000000070c000000, 0x000000070c000000, 0x000000070c100000|  0%| F|  |TAMS 0x000000070c000000, 0x000000070c000000| Untracked 
| 173|0x000000070c100000, 0x000000070c100000, 0x000000070c200000|  0%| F|  |TAMS 0x000000070c100000, 0x000000070c100000| Untracked 
| 174|0x000000070c200000, 0x000000070c200000, 0x000000070c300000|  0%| F|  |TAMS 0x000000070c200000, 0x000000070c200000| Untracked 
| 175|0x000000070c300000, 0x000000070c300000, 0x000000070c400000|  0%| F|  |TAMS 0x000000070c300000, 0x000000070c300000| Untracked 
| 176|0x000000070c400000, 0x000000070c400000, 0x000000070c500000|  0%| F|  |TAMS 0x000000070c400000, 0x000000070c400000| Untracked 
| 177|0x000000070c500000, 0x000000070c500000, 0x000000070c600000|  0%| F|  |TAMS 0x000000070c500000, 0x000000070c500000| Untracked 
| 178|0x000000070c600000, 0x000000070c600000, 0x000000070c700000|  0%| F|  |TAMS 0x000000070c600000, 0x000000070c600000| Untracked 
| 179|0x000000070c700000, 0x000000070c700000, 0x000000070c800000|  0%| F|  |TAMS 0x000000070c700000, 0x000000070c700000| Untracked 
| 180|0x000000070c800000, 0x000000070c800000, 0x000000070c900000|  0%| F|  |TAMS 0x000000070c800000, 0x000000070c800000| Untracked 
| 181|0x000000070c900000, 0x000000070c900000, 0x000000070ca00000|  0%| F|  |TAMS 0x000000070c900000, 0x000000070c900000| Untracked 
| 182|0x000000070ca00000, 0x000000070ca00000, 0x000000070cb00000|  0%| F|  |TAMS 0x000000070ca00000, 0x000000070ca00000| Untracked 
| 183|0x000000070cb00000, 0x000000070cb00000, 0x000000070cc00000|  0%| F|  |TAMS 0x000000070cb00000, 0x000000070cb00000| Untracked 
| 184|0x000000070cc00000, 0x000000070cc00000, 0x000000070cd00000|  0%| F|  |TAMS 0x000000070cc00000, 0x000000070cc00000| Untracked 
| 185|0x000000070cd00000, 0x000000070cd00000, 0x000000070ce00000|  0%| F|  |TAMS 0x000000070cd00000, 0x000000070cd00000| Untracked 
| 186|0x000000070ce00000, 0x000000070ce00000, 0x000000070cf00000|  0%| F|  |TAMS 0x000000070ce00000, 0x000000070ce00000| Untracked 
| 187|0x000000070cf00000, 0x000000070cf00000, 0x000000070d000000|  0%| F|  |TAMS 0x000000070cf00000, 0x000000070cf00000| Untracked 
| 188|0x000000070d000000, 0x000000070d000000, 0x000000070d100000|  0%| F|  |TAMS 0x000000070d000000, 0x000000070d000000| Untracked 
| 189|0x000000070d100000, 0x000000070d100000, 0x000000070d200000|  0%| F|  |TAMS 0x000000070d100000, 0x000000070d100000| Untracked 
| 190|0x000000070d200000, 0x000000070d200000, 0x000000070d300000|  0%| F|  |TAMS 0x000000070d200000, 0x000000070d200000| Untracked 
| 191|0x000000070d300000, 0x000000070d300000, 0x000000070d400000|  0%| F|  |TAMS 0x000000070d300000, 0x000000070d300000| Untracked 
| 192|0x000000070d400000, 0x000000070d400000, 0x000000070d500000|  0%| F|  |TAMS 0x000000070d400000, 0x000000070d400000| Untracked 
| 193|0x000000070d500000, 0x000000070d500000, 0x000000070d600000|  0%| F|  |TAMS 0x000000070d500000, 0x000000070d500000| Untracked 
| 194|0x000000070d600000, 0x000000070d600000, 0x000000070d700000|  0%| F|  |TAMS 0x000000070d600000, 0x000000070d600000| Untracked 
| 195|0x000000070d700000, 0x000000070d700000, 0x000000070d800000|  0%| F|  |TAMS 0x000000070d700000, 0x000000070d700000| Untracked 
| 196|0x000000070d800000, 0x000000070d800000, 0x000000070d900000|  0%| F|  |TAMS 0x000000070d800000, 0x000000070d800000| Untracked 
| 197|0x000000070d900000, 0x000000070d900000, 0x000000070da00000|  0%| F|  |TAMS 0x000000070d900000, 0x000000070d900000| Untracked 
| 198|0x000000070da00000, 0x000000070da00000, 0x000000070db00000|  0%| F|  |TAMS 0x000000070da00000, 0x000000070da00000| Untracked 
| 199|0x000000070db00000, 0x000000070db00000, 0x000000070dc00000|  0%| F|  |TAMS 0x000000070db00000, 0x000000070db00000| Untracked 
| 200|0x000000070dc00000, 0x000000070dc00000, 0x000000070dd00000|  0%| F|  |TAMS 0x000000070dc00000, 0x000000070dc00000| Untracked 
| 201|0x000000070dd00000, 0x000000070dd00000, 0x000000070de00000|  0%| F|  |TAMS 0x000000070dd00000, 0x000000070dd00000| Untracked 
| 202|0x000000070de00000, 0x000000070de00000, 0x000000070df00000|  0%| F|  |TAMS 0x000000070de00000, 0x000000070de00000| Untracked 
| 203|0x000000070df00000, 0x000000070df00000, 0x000000070e000000|  0%| F|  |TAMS 0x000000070df00000, 0x000000070df00000| Untracked 
| 204|0x000000070e000000, 0x000000070e000000, 0x000000070e100000|  0%| F|  |TAMS 0x000000070e000000, 0x000000070e000000| Untracked 
| 205|0x000000070e100000, 0x000000070e100000, 0x000000070e200000|  0%| F|  |TAMS 0x000000070e100000, 0x000000070e100000| Untracked 
| 206|0x000000070e200000, 0x000000070e200000, 0x000000070e300000|  0%| F|  |TAMS 0x000000070e200000, 0x000000070e200000| Untracked 
| 207|0x000000070e300000, 0x000000070e300000, 0x000000070e400000|  0%| F|  |TAMS 0x000000070e300000, 0x000000070e300000| Untracked 
| 208|0x000000070e400000, 0x000000070e400000, 0x000000070e500000|  0%| F|  |TAMS 0x000000070e400000, 0x000000070e400000| Untracked 
| 209|0x000000070e500000, 0x000000070e500000, 0x000000070e600000|  0%| F|  |TAMS 0x000000070e500000, 0x000000070e500000| Untracked 
| 210|0x000000070e600000, 0x000000070e600000, 0x000000070e700000|  0%| F|  |TAMS 0x000000070e600000, 0x000000070e600000| Untracked 
| 211|0x000000070e700000, 0x000000070e700000, 0x000000070e800000|  0%| F|  |TAMS 0x000000070e700000, 0x000000070e700000| Untracked 
| 212|0x000000070e800000, 0x000000070e800000, 0x000000070e900000|  0%| F|  |TAMS 0x000000070e800000, 0x000000070e800000| Untracked 
| 213|0x000000070e900000, 0x000000070e900000, 0x000000070ea00000|  0%| F|  |TAMS 0x000000070e900000, 0x000000070e900000| Untracked 
| 214|0x000000070ea00000, 0x000000070ea00000, 0x000000070eb00000|  0%| F|  |TAMS 0x000000070ea00000, 0x000000070ea00000| Untracked 
| 215|0x000000070eb00000, 0x000000070eb00000, 0x000000070ec00000|  0%| F|  |TAMS 0x000000070eb00000, 0x000000070eb00000| Untracked 
| 216|0x000000070ec00000, 0x000000070ec00000, 0x000000070ed00000|  0%| F|  |TAMS 0x000000070ec00000, 0x000000070ec00000| Untracked 
| 217|0x000000070ed00000, 0x000000070ed00000, 0x000000070ee00000|  0%| F|  |TAMS 0x000000070ed00000, 0x000000070ed00000| Untracked 
| 218|0x000000070ee00000, 0x000000070ee00000, 0x000000070ef00000|  0%| F|  |TAMS 0x000000070ee00000, 0x000000070ee00000| Untracked 
| 219|0x000000070ef00000, 0x000000070ef00000, 0x000000070f000000|  0%| F|  |TAMS 0x000000070ef00000, 0x000000070ef00000| Untracked 
| 220|0x000000070f000000, 0x000000070f000000, 0x000000070f100000|  0%| F|  |TAMS 0x000000070f000000, 0x000000070f000000| Untracked 
| 221|0x000000070f100000, 0x000000070f100000, 0x000000070f200000|  0%| F|  |TAMS 0x000000070f100000, 0x000000070f100000| Untracked 
| 222|0x000000070f200000, 0x000000070f200000, 0x000000070f300000|  0%| F|  |TAMS 0x000000070f200000, 0x000000070f200000| Untracked 
| 223|0x000000070f300000, 0x000000070f300000, 0x000000070f400000|  0%| F|  |TAMS 0x000000070f300000, 0x000000070f300000| Untracked 
| 224|0x000000070f400000, 0x000000070f400000, 0x000000070f500000|  0%| F|  |TAMS 0x000000070f400000, 0x000000070f400000| Untracked 
| 225|0x000000070f500000, 0x000000070f500000, 0x000000070f600000|  0%| F|  |TAMS 0x000000070f500000, 0x000000070f500000| Untracked 
| 226|0x000000070f600000, 0x000000070f600000, 0x000000070f700000|  0%| F|  |TAMS 0x000000070f600000, 0x000000070f600000| Untracked 
| 227|0x000000070f700000, 0x000000070f700000, 0x000000070f800000|  0%| F|  |TAMS 0x000000070f700000, 0x000000070f700000| Untracked 
| 228|0x000000070f800000, 0x000000070f800000, 0x000000070f900000|  0%| F|  |TAMS 0x000000070f800000, 0x000000070f800000| Untracked 
| 229|0x000000070f900000, 0x000000070f900000, 0x000000070fa00000|  0%| F|  |TAMS 0x000000070f900000, 0x000000070f900000| Untracked 
| 230|0x000000070fa00000, 0x000000070fa00000, 0x000000070fb00000|  0%| F|  |TAMS 0x000000070fa00000, 0x000000070fa00000| Untracked 
| 231|0x000000070fb00000, 0x000000070fb00000, 0x000000070fc00000|  0%| F|  |TAMS 0x000000070fb00000, 0x000000070fb00000| Untracked 
| 232|0x000000070fc00000, 0x000000070fc00000, 0x000000070fd00000|  0%| F|  |TAMS 0x000000070fc00000, 0x000000070fc00000| Untracked 
| 233|0x000000070fd00000, 0x000000070fd00000, 0x000000070fe00000|  0%| F|  |TAMS 0x000000070fd00000, 0x000000070fd00000| Untracked 
| 234|0x000000070fe00000, 0x000000070fe00000, 0x000000070ff00000|  0%| F|  |TAMS 0x000000070fe00000, 0x000000070fe00000| Untracked 
| 235|0x000000070ff00000, 0x000000070ff00000, 0x0000000710000000|  0%| F|  |TAMS 0x000000070ff00000, 0x000000070ff00000| Untracked 
| 236|0x0000000710000000, 0x0000000710000000, 0x0000000710100000|  0%| F|  |TAMS 0x0000000710000000, 0x0000000710000000| Untracked 
| 237|0x0000000710100000, 0x0000000710100000, 0x0000000710200000|  0%| F|  |TAMS 0x0000000710100000, 0x0000000710100000| Untracked 
| 238|0x0000000710200000, 0x0000000710200000, 0x0000000710300000|  0%| F|  |TAMS 0x0000000710200000, 0x0000000710200000| Untracked 
| 239|0x0000000710300000, 0x0000000710300000, 0x0000000710400000|  0%| F|  |TAMS 0x0000000710300000, 0x0000000710300000| Untracked 
| 240|0x0000000710400000, 0x0000000710400000, 0x0000000710500000|  0%| F|  |TAMS 0x0000000710400000, 0x0000000710400000| Untracked 
| 241|0x0000000710500000, 0x0000000710500000, 0x0000000710600000|  0%| F|  |TAMS 0x0000000710500000, 0x0000000710500000| Untracked 
| 242|0x0000000710600000, 0x0000000710600000, 0x0000000710700000|  0%| F|  |TAMS 0x0000000710600000, 0x0000000710600000| Untracked 
| 243|0x0000000710700000, 0x0000000710700000, 0x0000000710800000|  0%| F|  |TAMS 0x0000000710700000, 0x0000000710700000| Untracked 
| 244|0x0000000710800000, 0x0000000710800000, 0x0000000710900000|  0%| F|  |TAMS 0x0000000710800000, 0x0000000710800000| Untracked 
| 245|0x0000000710900000, 0x0000000710900000, 0x0000000710a00000|  0%| F|  |TAMS 0x0000000710900000, 0x0000000710900000| Untracked 
| 246|0x0000000710a00000, 0x0000000710a00000, 0x0000000710b00000|  0%| F|  |TAMS 0x0000000710a00000, 0x0000000710a00000| Untracked 
| 247|0x0000000710b00000, 0x0000000710b00000, 0x0000000710c00000|  0%| F|  |TAMS 0x0000000710b00000, 0x0000000710b00000| Untracked 
| 248|0x0000000710c00000, 0x0000000710c00000, 0x0000000710d00000|  0%| F|  |TAMS 0x0000000710c00000, 0x0000000710c00000| Untracked 
| 249|0x0000000710d00000, 0x0000000710d80800, 0x0000000710e00000| 50%| E|  |TAMS 0x0000000710d00000, 0x0000000710d00000| Complete 
| 250|0x0000000710e00000, 0x0000000710f00000, 0x0000000710f00000|100%| E|CS|TAMS 0x0000000710e00000, 0x0000000710e00000| Complete 
| 251|0x0000000710f00000, 0x0000000711000000, 0x0000000711000000|100%| E|CS|TAMS 0x0000000710f00000, 0x0000000710f00000| Complete 
| 252|0x0000000711000000, 0x0000000711100000, 0x0000000711100000|100%| E|CS|TAMS 0x0000000711000000, 0x0000000711000000| Complete 
| 253|0x0000000711100000, 0x0000000711200000, 0x0000000711200000|100%| E|CS|TAMS 0x0000000711100000, 0x0000000711100000| Complete 
| 254|0x0000000711200000, 0x0000000711300000, 0x0000000711300000|100%| E|CS|TAMS 0x0000000711200000, 0x0000000711200000| Complete 
| 255|0x0000000711300000, 0x0000000711400000, 0x0000000711400000|100%| E|CS|TAMS 0x0000000711300000, 0x0000000711300000| Complete 
| 256|0x0000000711400000, 0x0000000711500000, 0x0000000711500000|100%| E|CS|TAMS 0x0000000711400000, 0x0000000711400000| Complete 
| 257|0x0000000711500000, 0x0000000711600000, 0x0000000711600000|100%| E|CS|TAMS 0x0000000711500000, 0x0000000711500000| Complete 
| 258|0x0000000711600000, 0x0000000711700000, 0x0000000711700000|100%| E|CS|TAMS 0x0000000711600000, 0x0000000711600000| Complete 
| 259|0x0000000711700000, 0x0000000711800000, 0x0000000711800000|100%| E|CS|TAMS 0x0000000711700000, 0x0000000711700000| Complete 
| 260|0x0000000711800000, 0x0000000711900000, 0x0000000711900000|100%| E|CS|TAMS 0x0000000711800000, 0x0000000711800000| Complete 
| 261|0x0000000711900000, 0x0000000711a00000, 0x0000000711a00000|100%| E|CS|TAMS 0x0000000711900000, 0x0000000711900000| Complete 
| 262|0x0000000711a00000, 0x0000000711b00000, 0x0000000711b00000|100%| E|CS|TAMS 0x0000000711a00000, 0x0000000711a00000| Complete 
| 263|0x0000000711b00000, 0x0000000711c00000, 0x0000000711c00000|100%| E|CS|TAMS 0x0000000711b00000, 0x0000000711b00000| Complete 
| 264|0x0000000711c00000, 0x0000000711d00000, 0x0000000711d00000|100%| E|CS|TAMS 0x0000000711c00000, 0x0000000711c00000| Complete 
| 265|0x0000000711d00000, 0x0000000711e00000, 0x0000000711e00000|100%| E|CS|TAMS 0x0000000711d00000, 0x0000000711d00000| Complete 
| 266|0x0000000711e00000, 0x0000000711f00000, 0x0000000711f00000|100%| E|CS|TAMS 0x0000000711e00000, 0x0000000711e00000| Complete 
| 267|0x0000000711f00000, 0x0000000712000000, 0x0000000712000000|100%| E|CS|TAMS 0x0000000711f00000, 0x0000000711f00000| Complete 
| 268|0x0000000712000000, 0x0000000712100000, 0x0000000712100000|100%| E|CS|TAMS 0x0000000712000000, 0x0000000712000000| Complete 
| 269|0x0000000712100000, 0x0000000712200000, 0x0000000712200000|100%| E|CS|TAMS 0x0000000712100000, 0x0000000712100000| Complete 
| 270|0x0000000712200000, 0x0000000712300000, 0x0000000712300000|100%| E|CS|TAMS 0x0000000712200000, 0x0000000712200000| Complete 
| 271|0x0000000712300000, 0x0000000712400000, 0x0000000712400000|100%| E|CS|TAMS 0x0000000712300000, 0x0000000712300000| Complete 
| 272|0x0000000712400000, 0x0000000712500000, 0x0000000712500000|100%| E|CS|TAMS 0x0000000712400000, 0x0000000712400000| Complete 
| 273|0x0000000712500000, 0x0000000712600000, 0x0000000712600000|100%| E|CS|TAMS 0x0000000712500000, 0x0000000712500000| Complete 
| 274|0x0000000712600000, 0x0000000712700000, 0x0000000712700000|100%| E|CS|TAMS 0x0000000712600000, 0x0000000712600000| Complete 
| 275|0x0000000712700000, 0x0000000712800000, 0x0000000712800000|100%| E|CS|TAMS 0x0000000712700000, 0x0000000712700000| Complete 
| 276|0x0000000712800000, 0x0000000712900000, 0x0000000712900000|100%| E|CS|TAMS 0x0000000712800000, 0x0000000712800000| Complete 
| 277|0x0000000712900000, 0x0000000712a00000, 0x0000000712a00000|100%| E|CS|TAMS 0x0000000712900000, 0x0000000712900000| Complete 
| 278|0x0000000712a00000, 0x0000000712b00000, 0x0000000712b00000|100%| E|CS|TAMS 0x0000000712a00000, 0x0000000712a00000| Complete 
| 279|0x0000000712b00000, 0x0000000712c00000, 0x0000000712c00000|100%| E|CS|TAMS 0x0000000712b00000, 0x0000000712b00000| Complete 
| 280|0x0000000712c00000, 0x0000000712d00000, 0x0000000712d00000|100%| E|CS|TAMS 0x0000000712c00000, 0x0000000712c00000| Complete 
| 281|0x0000000712d00000, 0x0000000712e00000, 0x0000000712e00000|100%| E|CS|TAMS 0x0000000712d00000, 0x0000000712d00000| Complete 
| 282|0x0000000712e00000, 0x0000000712f00000, 0x0000000712f00000|100%| E|CS|TAMS 0x0000000712e00000, 0x0000000712e00000| Complete 
| 283|0x0000000712f00000, 0x0000000713000000, 0x0000000713000000|100%| E|CS|TAMS 0x0000000712f00000, 0x0000000712f00000| Complete 
| 284|0x0000000713000000, 0x0000000713100000, 0x0000000713100000|100%| E|CS|TAMS 0x0000000713000000, 0x0000000713000000| Complete 
| 285|0x0000000713100000, 0x0000000713200000, 0x0000000713200000|100%| E|CS|TAMS 0x0000000713100000, 0x0000000713100000| Complete 
| 286|0x0000000713200000, 0x0000000713300000, 0x0000000713300000|100%| E|CS|TAMS 0x0000000713200000, 0x0000000713200000| Complete 
| 287|0x0000000713300000, 0x0000000713400000, 0x0000000713400000|100%| E|CS|TAMS 0x0000000713300000, 0x0000000713300000| Complete 
| 288|0x0000000713400000, 0x0000000713500000, 0x0000000713500000|100%| E|CS|TAMS 0x0000000713400000, 0x0000000713400000| Complete 
| 289|0x0000000713500000, 0x0000000713600000, 0x0000000713600000|100%| E|CS|TAMS 0x0000000713500000, 0x0000000713500000| Complete 
| 290|0x0000000713600000, 0x0000000713700000, 0x0000000713700000|100%| E|CS|TAMS 0x0000000713600000, 0x0000000713600000| Complete 
| 291|0x0000000713700000, 0x0000000713800000, 0x0000000713800000|100%| E|CS|TAMS 0x0000000713700000, 0x0000000713700000| Complete 
| 292|0x0000000713800000, 0x0000000713900000, 0x0000000713900000|100%| E|CS|TAMS 0x0000000713800000, 0x0000000713800000| Complete 
| 293|0x0000000713900000, 0x0000000713a00000, 0x0000000713a00000|100%| E|CS|TAMS 0x0000000713900000, 0x0000000713900000| Complete 
| 294|0x0000000713a00000, 0x0000000713b00000, 0x0000000713b00000|100%| E|CS|TAMS 0x0000000713a00000, 0x0000000713a00000| Complete 
| 295|0x0000000713b00000, 0x0000000713c00000, 0x0000000713c00000|100%| E|CS|TAMS 0x0000000713b00000, 0x0000000713b00000| Complete 
| 296|0x0000000713c00000, 0x0000000713d00000, 0x0000000713d00000|100%| E|CS|TAMS 0x0000000713c00000, 0x0000000713c00000| Complete 
| 297|0x0000000713d00000, 0x0000000713e00000, 0x0000000713e00000|100%| E|CS|TAMS 0x0000000713d00000, 0x0000000713d00000| Complete 
| 298|0x0000000713e00000, 0x0000000713f00000, 0x0000000713f00000|100%| E|CS|TAMS 0x0000000713e00000, 0x0000000713e00000| Complete 
| 299|0x0000000713f00000, 0x0000000714000000, 0x0000000714000000|100%| E|CS|TAMS 0x0000000713f00000, 0x0000000713f00000| Complete 
| 300|0x0000000714000000, 0x0000000714100000, 0x0000000714100000|100%| E|CS|TAMS 0x0000000714000000, 0x0000000714000000| Complete 
| 301|0x0000000714100000, 0x0000000714200000, 0x0000000714200000|100%| E|CS|TAMS 0x0000000714100000, 0x0000000714100000| Complete 
| 302|0x0000000714200000, 0x0000000714300000, 0x0000000714300000|100%| E|CS|TAMS 0x0000000714200000, 0x0000000714200000| Complete 
| 303|0x0000000714300000, 0x0000000714400000, 0x0000000714400000|100%| E|CS|TAMS 0x0000000714300000, 0x0000000714300000| Complete 
| 304|0x0000000714400000, 0x0000000714500000, 0x0000000714500000|100%| E|CS|TAMS 0x0000000714400000, 0x0000000714400000| Complete 
| 305|0x0000000714500000, 0x0000000714600000, 0x0000000714600000|100%| E|CS|TAMS 0x0000000714500000, 0x0000000714500000| Complete 
| 306|0x0000000714600000, 0x0000000714700000, 0x0000000714700000|100%| E|CS|TAMS 0x0000000714600000, 0x0000000714600000| Complete 
| 307|0x0000000714700000, 0x0000000714800000, 0x0000000714800000|100%| E|CS|TAMS 0x0000000714700000, 0x0000000714700000| Complete 
| 308|0x0000000714800000, 0x0000000714900000, 0x0000000714900000|100%| E|CS|TAMS 0x0000000714800000, 0x0000000714800000| Complete 
| 309|0x0000000714900000, 0x0000000714a00000, 0x0000000714a00000|100%| E|CS|TAMS 0x0000000714900000, 0x0000000714900000| Complete 
| 310|0x0000000714a00000, 0x0000000714b00000, 0x0000000714b00000|100%| E|CS|TAMS 0x0000000714a00000, 0x0000000714a00000| Complete 
| 311|0x0000000714b00000, 0x0000000714c00000, 0x0000000714c00000|100%| E|CS|TAMS 0x0000000714b00000, 0x0000000714b00000| Complete 
| 312|0x0000000714c00000, 0x0000000714d00000, 0x0000000714d00000|100%| E|CS|TAMS 0x0000000714c00000, 0x0000000714c00000| Complete 
| 313|0x0000000714d00000, 0x0000000714e00000, 0x0000000714e00000|100%| E|CS|TAMS 0x0000000714d00000, 0x0000000714d00000| Complete 
| 314|0x0000000714e00000, 0x0000000714f00000, 0x0000000714f00000|100%| E|CS|TAMS 0x0000000714e00000, 0x0000000714e00000| Complete 
| 315|0x0000000714f00000, 0x0000000715000000, 0x0000000715000000|100%| E|CS|TAMS 0x0000000714f00000, 0x0000000714f00000| Complete 
| 316|0x0000000715000000, 0x0000000715100000, 0x0000000715100000|100%| E|CS|TAMS 0x0000000715000000, 0x0000000715000000| Complete 
| 317|0x0000000715100000, 0x0000000715200000, 0x0000000715200000|100%| E|CS|TAMS 0x0000000715100000, 0x0000000715100000| Complete 
| 318|0x0000000715200000, 0x0000000715300000, 0x0000000715300000|100%| E|CS|TAMS 0x0000000715200000, 0x0000000715200000| Complete 
| 319|0x0000000715300000, 0x0000000715400000, 0x0000000715400000|100%| E|CS|TAMS 0x0000000715300000, 0x0000000715300000| Complete 
| 320|0x0000000715400000, 0x0000000715500000, 0x0000000715500000|100%| E|CS|TAMS 0x0000000715400000, 0x0000000715400000| Complete 
| 321|0x0000000715500000, 0x0000000715600000, 0x0000000715600000|100%| E|CS|TAMS 0x0000000715500000, 0x0000000715500000| Complete 
| 322|0x0000000715600000, 0x0000000715700000, 0x0000000715700000|100%| E|CS|TAMS 0x0000000715600000, 0x0000000715600000| Complete 
| 323|0x0000000715700000, 0x0000000715800000, 0x0000000715800000|100%| E|CS|TAMS 0x0000000715700000, 0x0000000715700000| Complete 
| 324|0x0000000715800000, 0x0000000715900000, 0x0000000715900000|100%| E|CS|TAMS 0x0000000715800000, 0x0000000715800000| Complete 
| 325|0x0000000715900000, 0x0000000715a00000, 0x0000000715a00000|100%| E|CS|TAMS 0x0000000715900000, 0x0000000715900000| Complete 
| 326|0x0000000715a00000, 0x0000000715b00000, 0x0000000715b00000|100%| E|CS|TAMS 0x0000000715a00000, 0x0000000715a00000| Complete 
| 327|0x0000000715b00000, 0x0000000715c00000, 0x0000000715c00000|100%| E|CS|TAMS 0x0000000715b00000, 0x0000000715b00000| Complete 
| 328|0x0000000715c00000, 0x0000000715d00000, 0x0000000715d00000|100%| E|CS|TAMS 0x0000000715c00000, 0x0000000715c00000| Complete 
| 329|0x0000000715d00000, 0x0000000715e00000, 0x0000000715e00000|100%| E|CS|TAMS 0x0000000715d00000, 0x0000000715d00000| Complete 
| 330|0x0000000715e00000, 0x0000000715f00000, 0x0000000715f00000|100%| E|CS|TAMS 0x0000000715e00000, 0x0000000715e00000| Complete 
| 331|0x0000000715f00000, 0x0000000716000000, 0x0000000716000000|100%| E|CS|TAMS 0x0000000715f00000, 0x0000000715f00000| Complete 
| 332|0x0000000716000000, 0x0000000716100000, 0x0000000716100000|100%| E|CS|TAMS 0x0000000716000000, 0x0000000716000000| Complete 
| 333|0x0000000716100000, 0x0000000716200000, 0x0000000716200000|100%| E|CS|TAMS 0x0000000716100000, 0x0000000716100000| Complete 
| 334|0x0000000716200000, 0x0000000716300000, 0x0000000716300000|100%| E|CS|TAMS 0x0000000716200000, 0x0000000716200000| Complete 
| 335|0x0000000716300000, 0x0000000716400000, 0x0000000716400000|100%| E|CS|TAMS 0x0000000716300000, 0x0000000716300000| Complete 
| 336|0x0000000716400000, 0x0000000716500000, 0x0000000716500000|100%| E|CS|TAMS 0x0000000716400000, 0x0000000716400000| Complete 
| 337|0x0000000716500000, 0x0000000716600000, 0x0000000716600000|100%| E|CS|TAMS 0x0000000716500000, 0x0000000716500000| Complete 
| 338|0x0000000716600000, 0x0000000716700000, 0x0000000716700000|100%| E|CS|TAMS 0x0000000716600000, 0x0000000716600000| Complete 
| 339|0x0000000716700000, 0x0000000716800000, 0x0000000716800000|100%| E|CS|TAMS 0x0000000716700000, 0x0000000716700000| Complete 
| 340|0x0000000716800000, 0x0000000716900000, 0x0000000716900000|100%| E|CS|TAMS 0x0000000716800000, 0x0000000716800000| Complete 
| 341|0x0000000716900000, 0x0000000716a00000, 0x0000000716a00000|100%| E|CS|TAMS 0x0000000716900000, 0x0000000716900000| Complete 
| 342|0x0000000716a00000, 0x0000000716b00000, 0x0000000716b00000|100%| E|CS|TAMS 0x0000000716a00000, 0x0000000716a00000| Complete 
| 343|0x0000000716b00000, 0x0000000716c00000, 0x0000000716c00000|100%| E|CS|TAMS 0x0000000716b00000, 0x0000000716b00000| Complete 
| 344|0x0000000716c00000, 0x0000000716d00000, 0x0000000716d00000|100%| E|CS|TAMS 0x0000000716c00000, 0x0000000716c00000| Complete 
| 345|0x0000000716d00000, 0x0000000716e00000, 0x0000000716e00000|100%| E|CS|TAMS 0x0000000716d00000, 0x0000000716d00000| Complete 
| 346|0x0000000716e00000, 0x0000000716f00000, 0x0000000716f00000|100%| E|CS|TAMS 0x0000000716e00000, 0x0000000716e00000| Complete 
| 347|0x0000000716f00000, 0x0000000717000000, 0x0000000717000000|100%| E|CS|TAMS 0x0000000716f00000, 0x0000000716f00000| Complete 
| 348|0x0000000717000000, 0x0000000717100000, 0x0000000717100000|100%| E|CS|TAMS 0x0000000717000000, 0x0000000717000000| Complete 
| 349|0x0000000717100000, 0x0000000717200000, 0x0000000717200000|100%| E|CS|TAMS 0x0000000717100000, 0x0000000717100000| Complete 
| 350|0x0000000717200000, 0x0000000717300000, 0x0000000717300000|100%| E|CS|TAMS 0x0000000717200000, 0x0000000717200000| Complete 
| 351|0x0000000717300000, 0x0000000717400000, 0x0000000717400000|100%| E|CS|TAMS 0x0000000717300000, 0x0000000717300000| Complete 
| 352|0x0000000717400000, 0x0000000717500000, 0x0000000717500000|100%| E|CS|TAMS 0x0000000717400000, 0x0000000717400000| Complete 
| 353|0x0000000717500000, 0x0000000717600000, 0x0000000717600000|100%| E|CS|TAMS 0x0000000717500000, 0x0000000717500000| Complete 
| 354|0x0000000717600000, 0x0000000717700000, 0x0000000717700000|100%| E|CS|TAMS 0x0000000717600000, 0x0000000717600000| Complete 
| 355|0x0000000717700000, 0x0000000717800000, 0x0000000717800000|100%| E|CS|TAMS 0x0000000717700000, 0x0000000717700000| Complete 
| 356|0x0000000717800000, 0x0000000717900000, 0x0000000717900000|100%| E|CS|TAMS 0x0000000717800000, 0x0000000717800000| Complete 
| 357|0x0000000717900000, 0x0000000717a00000, 0x0000000717a00000|100%| E|CS|TAMS 0x0000000717900000, 0x0000000717900000| Complete 
| 358|0x0000000717a00000, 0x0000000717b00000, 0x0000000717b00000|100%| E|CS|TAMS 0x0000000717a00000, 0x0000000717a00000| Complete 
| 359|0x0000000717b00000, 0x0000000717c00000, 0x0000000717c00000|100%| E|CS|TAMS 0x0000000717b00000, 0x0000000717b00000| Complete 
| 360|0x0000000717c00000, 0x0000000717d00000, 0x0000000717d00000|100%| E|CS|TAMS 0x0000000717c00000, 0x0000000717c00000| Complete 
| 361|0x0000000717d00000, 0x0000000717e00000, 0x0000000717e00000|100%| E|CS|TAMS 0x0000000717d00000, 0x0000000717d00000| Complete 
| 362|0x0000000717e00000, 0x0000000717f00000, 0x0000000717f00000|100%| E|CS|TAMS 0x0000000717e00000, 0x0000000717e00000| Complete 
| 363|0x0000000717f00000, 0x0000000718000000, 0x0000000718000000|100%| E|CS|TAMS 0x0000000717f00000, 0x0000000717f00000| Complete 
| 364|0x0000000718000000, 0x0000000718100000, 0x0000000718100000|100%| E|CS|TAMS 0x0000000718000000, 0x0000000718000000| Complete 
| 365|0x0000000718100000, 0x0000000718200000, 0x0000000718200000|100%| E|CS|TAMS 0x0000000718100000, 0x0000000718100000| Complete 
| 366|0x0000000718200000, 0x0000000718300000, 0x0000000718300000|100%| E|CS|TAMS 0x0000000718200000, 0x0000000718200000| Complete 
| 367|0x0000000718300000, 0x0000000718400000, 0x0000000718400000|100%| E|CS|TAMS 0x0000000718300000, 0x0000000718300000| Complete 
| 368|0x0000000718400000, 0x0000000718500000, 0x0000000718500000|100%| E|CS|TAMS 0x0000000718400000, 0x0000000718400000| Complete 
| 369|0x0000000718500000, 0x0000000718600000, 0x0000000718600000|100%| E|CS|TAMS 0x0000000718500000, 0x0000000718500000| Complete 

Card table byte_map: [0x0000023036fd0000,0x00000230377d0000] _byte_map_base: 0x00000230337c6000

Marking Bits (Prev, Next): (CMBitMap*) 0x000002301e9e91d0, (CMBitMap*) 0x000002301e9e9198
 Prev Bits: [0x000002303bf80000, 0x000002303ff30000)
 Next Bits: [0x0000023037fd0000, 0x000002303bf80000)

Polling page: 0x000002301c800000

Metaspace:

Usage:
  Non-class:     64.90 MB capacity,    62.44 MB ( 96%) used,     2.18 MB (  3%) free+waste,   290.44 KB ( <1%) overhead. 
      Class:     10.19 MB capacity,     8.30 MB ( 81%) used,     1.75 MB ( 17%) free+waste,   139.75 KB (  1%) overhead. 
       Both:     75.09 MB capacity,    70.74 MB ( 94%) used,     3.93 MB (  5%) free+waste,   430.19 KB ( <1%) overhead. 

Virtual space:
  Non-class space:       66.00 MB reserved,      65.08 MB ( 99%) committed 
      Class space:        1.00 GB reserved,      10.25 MB (  1%) committed 
             Both:        1.06 GB reserved,      75.33 MB (  7%) committed 

Chunk freelists:
   Non-Class:  50.00 KB
       Class:  2.00 KB
        Both:  52.00 KB

MaxMetaspaceSize: 17179869184.00 GB
CompressedClassSpaceSize: 1.00 GB

CodeHeap 'non-profiled nmethods': size=120064Kb used=6150Kb max_used=6150Kb free=113913Kb
 bounds [0x000002302f290000, 0x000002302f8a0000, 0x00000230367d0000]
CodeHeap 'profiled nmethods': size=120000Kb used=24767Kb max_used=24767Kb free=95233Kb
 bounds [0x0000023027d60000, 0x0000023029590000, 0x000002302f290000]
CodeHeap 'non-nmethods': size=5696Kb used=1527Kb max_used=1567Kb free=4168Kb
 bounds [0x00000230277d0000, 0x0000023027a40000, 0x0000023027d60000]
 total_blobs=10569 nmethods=9546 adapters=933
 compilation: enabled
              stopped_count=0, restarted_count=0
 full_count=0

Compilation events (20 events):
Event: 11.006 Thread 0x0000023046f9f800 9654       4       javax.swing.text.GlyphPainter1::getJustificationData (28 bytes)
Event: 11.006 Thread 0x000002304245c000 9674   !   3       sun.java2d.SunGraphics2D::drawString (132 bytes)
Event: 11.006 Thread 0x0000023046f9f800 nmethod 9654 0x000002302f88fb10 code [0x000002302f88fca0, 0x000002302f88fd38]
Event: 11.006 Thread 0x0000023046f9f800 9669       4       java.awt.Component::getGraphicsConfiguration (5 bytes)
Event: 11.007 Thread 0x0000023046f9f800 nmethod 9669 0x000002302f88fe10 code [0x000002302f88ffa0, 0x000002302f890018]
Event: 11.007 Thread 0x0000023046f9f800 9522       4       java.util.regex.Pattern$SliceNode::study (37 bytes)
Event: 11.007 Thread 0x000002304245c000 nmethod 9674 0x000002302958e890 code [0x000002302958eb20, 0x000002302958f6a8]
Event: 11.007 Thread 0x0000023046f9f800 nmethod 9522 0x000002302f890090 code [0x000002302f890220, 0x000002302f8902d8]
Event: 11.007 Thread 0x0000023046f9f800 9397       4       java.util.Arrays::rangeCheck (74 bytes)
Event: 11.008 Thread 0x0000023046f9f800 nmethod 9397 0x000002302f890410 code [0x000002302f8905a0, 0x000002302f890638]
Event: 11.008 Thread 0x0000023046f9f800 9508       4       java.util.EventObject::<init> (24 bytes)
Event: 11.008 Thread 0x0000023046f9f800 nmethod 9508 0x000002302f890710 code [0x000002302f8908a0, 0x000002302f8909f8]
Event: 11.008 Thread 0x0000023046f9f800 9534       4       java.util.HashMap::afterNodeRemoval (1 bytes)
Event: 11.009 Thread 0x0000023046f9f800 nmethod 9534 0x000002302f890a90 code [0x000002302f890c20, 0x000002302f890c78]
Event: 11.009 Thread 0x0000023046f9f800 9581       4       javax.swing.border.EmptyBorder::getBorderInsets (34 bytes)
Event: 11.009 Thread 0x0000023046f9f800 nmethod 9581 0x000002302f890d10 code [0x000002302f890ea0, 0x000002302f890f38]
Event: 11.009 Thread 0x0000023046f9f800 9603       4       javax.swing.plaf.basic.BasicTextUI$RootView::getContainer (8 bytes)
Event: 11.009 Thread 0x0000023046f9f800 nmethod 9603 0x000002302f891010 code [0x000002302f8911a0, 0x000002302f891218]
Event: 11.009 Thread 0x0000023046f9f800 9414       4       java.awt.Toolkit::getEventQueue (7 bytes)
Event: 11.011 Thread 0x0000023046f9f800 nmethod 9414 0x000002302f891290 code [0x000002302f891460, 0x000002302f891768]

GC Heap History (20 events):
Event: 5.697 GC heap before
{Heap before GC invocations=8 (full 0):
 garbage-first heap   total 262144K, used 193233K [0x0000000701400000, 0x0000000800000000)
  region size 1024K, 133 young (136192K), 13 survivors (13312K)
 Metaspace       used 55929K, capacity 59483K, committed 59600K, reserved 1101824K
  class space    used 6443K, capacity 8052K, committed 8064K, reserved 1048576K
}
Event: 5.714 GC heap after
{Heap after GC invocations=9 (full 0):
 garbage-first heap   total 315392K, used 73821K [0x0000000701400000, 0x0000000800000000)
  region size 1024K, 12 young (12288K), 12 survivors (12288K)
 Metaspace       used 55929K, capacity 59483K, committed 59600K, reserved 1101824K
  class space    used 6443K, capacity 8052K, committed 8064K, reserved 1048576K
}
Event: 6.102 GC heap before
{Heap before GC invocations=9 (full 0):
 garbage-first heap   total 315392K, used 182365K [0x0000000701400000, 0x0000000800000000)
  region size 1024K, 119 young (121856K), 12 survivors (12288K)
 Metaspace       used 56718K, capacity 60169K, committed 60240K, reserved 1101824K
  class space    used 6534K, capacity 8150K, committed 8192K, reserved 1048576K
}
Event: 6.112 GC heap after
{Heap after GC invocations=10 (full 0):
 garbage-first heap   total 315392K, used 75567K [0x0000000701400000, 0x0000000800000000)
  region size 1024K, 5 young (5120K), 5 survivors (5120K)
 Metaspace       used 56718K, capacity 60169K, committed 60240K, reserved 1101824K
  class space    used 6534K, capacity 8150K, committed 8192K, reserved 1048576K
}
Event: 6.540 GC heap before
{Heap before GC invocations=11 (full 0):
 garbage-first heap   total 315392K, used 219951K [0x0000000701400000, 0x0000000800000000)
  region size 1024K, 141 young (144384K), 5 survivors (5120K)
 Metaspace       used 59367K, capacity 62837K, committed 63056K, reserved 1103872K
  class space    used 6788K, capacity 8375K, committed 8448K, reserved 1048576K
}
Event: 6.546 GC heap after
{Heap after GC invocations=12 (full 0):
 garbage-first heap   total 315392K, used 85809K [0x0000000701400000, 0x0000000800000000)
  region size 1024K, 10 young (10240K), 10 survivors (10240K)
 Metaspace       used 59367K, capacity 62837K, committed 63056K, reserved 1103872K
  class space    used 6788K, capacity 8375K, committed 8448K, reserved 1048576K
}
Event: 6.745 GC heap before
{Heap before GC invocations=12 (full 0):
 garbage-first heap   total 315392K, used 235313K [0x0000000701400000, 0x0000000800000000)
  region size 1024K, 156 young (159744K), 10 survivors (10240K)
 Metaspace       used 59411K, capacity 62933K, committed 63056K, reserved 1103872K
  class space    used 6790K, capacity 8407K, committed 8448K, reserved 1048576K
}
Event: 6.752 GC heap after
{Heap after GC invocations=13 (full 0):
 garbage-first heap   total 315392K, used 87260K [0x0000000701400000, 0x0000000800000000)
  region size 1024K, 12 young (12288K), 12 survivors (12288K)
 Metaspace       used 59411K, capacity 62933K, committed 63056K, reserved 1103872K
  class space    used 6790K, capacity 8407K, committed 8448K, reserved 1048576K
}
Event: 6.938 GC heap before
{Heap before GC invocations=13 (full 0):
 garbage-first heap   total 315392K, used 248028K [0x0000000701400000, 0x0000000800000000)
  region size 1024K, 169 young (173056K), 12 survivors (12288K)
 Metaspace       used 59424K, capacity 62997K, committed 63056K, reserved 1103872K
  class space    used 6790K, capacity 8407K, committed 8448K, reserved 1048576K
}
Event: 6.946 GC heap after
{Heap after GC invocations=14 (full 0):
 garbage-first heap   total 315392K, used 87857K [0x0000000701400000, 0x0000000800000000)
  region size 1024K, 12 young (12288K), 12 survivors (12288K)
 Metaspace       used 59424K, capacity 62997K, committed 63056K, reserved 1103872K
  class space    used 6790K, capacity 8407K, committed 8448K, reserved 1048576K
}
Event: 7.241 GC heap before
{Heap before GC invocations=14 (full 0):
 garbage-first heap   total 315392K, used 259889K [0x0000000701400000, 0x0000000800000000)
  region size 1024K, 180 young (184320K), 12 survivors (12288K)
 Metaspace       used 60009K, capacity 63546K, committed 63696K, reserved 1103872K
  class space    used 6842K, capacity 8479K, committed 8576K, reserved 1048576K
}
Event: 7.249 GC heap after
{Heap after GC invocations=15 (full 0):
 garbage-first heap   total 315392K, used 89905K [0x0000000701400000, 0x0000000800000000)
  region size 1024K, 14 young (14336K), 14 survivors (14336K)
 Metaspace       used 60009K, capacity 63546K, committed 63696K, reserved 1103872K
  class space    used 6842K, capacity 8479K, committed 8576K, reserved 1048576K
}
Event: 7.832 GC heap before
{Heap before GC invocations=15 (full 0):
 garbage-first heap   total 315392K, used 261937K [0x0000000701400000, 0x0000000800000000)
  region size 1024K, 182 young (186368K), 14 survivors (14336K)
 Metaspace       used 60806K, capacity 64374K, committed 64464K, reserved 1105920K
  class space    used 6910K, capacity 8544K, committed 8576K, reserved 1048576K
}
Event: 7.843 GC heap after
{Heap after GC invocations=16 (full 0):
 garbage-first heap   total 378880K, used 93426K [0x0000000701400000, 0x0000000800000000)
  region size 1024K, 15 young (15360K), 15 survivors (15360K)
 Metaspace       used 60806K, capacity 64374K, committed 64464K, reserved 1105920K
  class space    used 6910K, capacity 8544K, committed 8576K, reserved 1048576K
}
Event: 8.104 GC heap before
{Heap before GC invocations=16 (full 0):
 garbage-first heap   total 378880K, used 293106K [0x0000000701400000, 0x0000000800000000)
  region size 1024K, 210 young (215040K), 15 survivors (15360K)
 Metaspace       used 60958K, capacity 64549K, committed 64848K, reserved 1105920K
  class space    used 6933K, capacity 8581K, committed 8704K, reserved 1048576K
}
Event: 8.116 GC heap after
{Heap after GC invocations=17 (full 0):
 garbage-first heap   total 378880K, used 94978K [0x0000000701400000, 0x0000000800000000)
  region size 1024K, 15 young (15360K), 15 survivors (15360K)
 Metaspace       used 60958K, capacity 64549K, committed 64848K, reserved 1105920K
  class space    used 6933K, capacity 8581K, committed 8704K, reserved 1048576K
}
Event: 9.086 GC heap before
{Heap before GC invocations=17 (full 0):
 garbage-first heap   total 378880K, used 310018K [0x0000000701400000, 0x0000000800000000)
  region size 1024K, 222 young (227328K), 15 survivors (15360K)
 Metaspace       used 65317K, capacity 69287K, committed 69456K, reserved 1110016K
  class space    used 7558K, capacity 9352K, committed 9472K, reserved 1048576K
}
Event: 9.103 GC heap after
{Heap after GC invocations=18 (full 0):
 garbage-first heap   total 378880K, used 105218K [0x0000000701400000, 0x0000000800000000)
  region size 1024K, 22 young (22528K), 22 survivors (22528K)
 Metaspace       used 65317K, capacity 69287K, committed 69456K, reserved 1110016K
  class space    used 7558K, capacity 9352K, committed 9472K, reserved 1048576K
}
Event: 10.091 GC heap before
{Heap before GC invocations=18 (full 0):
 garbage-first heap   total 378880K, used 310018K [0x0000000701400000, 0x0000000800000000)
  region size 1024K, 222 young (227328K), 22 survivors (22528K)
 Metaspace       used 70512K, capacity 74967K, committed 75088K, reserved 1114112K
  class space    used 8299K, capacity 10236K, committed 10240K, reserved 1048576K
}
Event: 10.107 GC heap after
{Heap after GC invocations=19 (full 0):
 garbage-first heap   total 378880K, used 108274K [0x0000000701400000, 0x0000000800000000)
  region size 1024K, 16 young (16384K), 16 survivors (16384K)
 Metaspace       used 70512K, capacity 74967K, committed 75088K, reserved 1114112K
  class space    used 8299K, capacity 10236K, committed 10240K, reserved 1048576K
}

Deoptimization events (20 events):
Event: 10.961 Thread 0x0000023043708000 Uncommon trap: trap_request=0xffffff4d fr.pc=0x000002302f7106e8 relative=0x0000000000001968
Event: 10.961 Thread 0x0000023043708000 Uncommon trap: reason=unstable_if action=reinterpret pc=0x000002302f7106e8 method=java.awt.EventQueue.getNextEventPrivate()Ljava/awt/AWTEvent; @ 3 c2
Event: 10.961 Thread 0x0000023043708000 DEOPT PACKING pc=0x000002302f7106e8 sp=0x000000a269afecd0
Event: 10.961 Thread 0x0000023043708000 DEOPT UNPACKING pc=0x00000230277f7b2f sp=0x000000a269afec70 mode 2
Event: 10.987 Thread 0x0000023043708000 DEOPT PACKING pc=0x000002302903d1df sp=0x000000a269afa770
Event: 10.987 Thread 0x0000023043708000 DEOPT UNPACKING pc=0x00000230277f794e sp=0x000000a269af9c00 mode 0
Event: 10.994 Thread 0x0000023043708000 DEOPT PACKING pc=0x000002302956502c sp=0x000000a269afa740
Event: 10.994 Thread 0x0000023043708000 DEOPT UNPACKING pc=0x00000230277f794e sp=0x000000a269af9b88 mode 0
Event: 10.994 Thread 0x0000023043708000 DEOPT PACKING pc=0x000002302956502c sp=0x000000a269afa740
Event: 10.994 Thread 0x0000023043708000 DEOPT UNPACKING pc=0x00000230277f794e sp=0x000000a269af9b88 mode 0
Event: 10.994 Thread 0x0000023043708000 DEOPT PACKING pc=0x000002302956502c sp=0x000000a269afa740
Event: 10.994 Thread 0x0000023043708000 DEOPT UNPACKING pc=0x00000230277f794e sp=0x000000a269af9b88 mode 0
Event: 11.004 Thread 0x0000023043708000 DEOPT PACKING pc=0x000002302956502c sp=0x000000a269afa740
Event: 11.004 Thread 0x0000023043708000 DEOPT UNPACKING pc=0x00000230277f794e sp=0x000000a269af9b88 mode 0
Event: 11.004 Thread 0x0000023043708000 DEOPT PACKING pc=0x000002302956502c sp=0x000000a269afa740
Event: 11.004 Thread 0x0000023043708000 DEOPT UNPACKING pc=0x00000230277f794e sp=0x000000a269af9b88 mode 0
Event: 11.004 Thread 0x0000023043708000 DEOPT PACKING pc=0x000002302956502c sp=0x000000a269afa740
Event: 11.004 Thread 0x0000023043708000 DEOPT UNPACKING pc=0x00000230277f794e sp=0x000000a269af9b88 mode 0
Event: 11.004 Thread 0x0000023043708000 DEOPT PACKING pc=0x000002302956502c sp=0x000000a269afa740
Event: 11.004 Thread 0x0000023043708000 DEOPT UNPACKING pc=0x00000230277f794e sp=0x000000a269af9b88 mode 0

Classes redefined (0 events):
No events

Internal exceptions (20 events):
Event: 10.695 Thread 0x0000023043708000 Exception <a 'java/io/IOException'{0x000000071451e270}> (0x000000071451e270) thrown at [./src/hotspot/share/prims/jni.cpp, line 615]
Event: 10.695 Thread 0x0000023043708000 Exception <a 'java/io/IOException'{0x000000071451e828}> (0x000000071451e828) thrown at [./src/hotspot/share/prims/jni.cpp, line 615]
Event: 10.770 Thread 0x0000023043708000 Exception <a 'java/lang/NoSuchMethodError'{0x0000000714044740}: 'java.lang.Object java.lang.invoke.DirectMethodHandle$Holder.invokeSpecial(java.lang.Object, java.lang.Object, int, int, int, java.lang.Object, java.lang.Object, int)'> (0x0000000714044740) thrown at [./src/hotspot/share/interpreter/linkResolver.cpp, line 773]
Event: 10.770 Thread 0x0000023043708000 Exception <a 'java/lang/NoSuchMethodError'{0x0000000714047c78}: 'java.lang.Object java.lang.invoke.DelegatingMethodHandle$Holder.reinvoke_L(java.lang.Object, int, int, int, java.lang.Object, java.lang.Object, int)'> (0x0000000714047c78) thrown at [./src/hotspot/share/interpreter/linkResolver.cpp, line 773]
Event: 10.785 Thread 0x0000023043708000 Exception <a 'java/io/IOException'{0x0000000713d314b0}> (0x0000000713d314b0) thrown at [./src/hotspot/share/prims/jni.cpp, line 615]
Event: 10.785 Thread 0x0000023043708000 Exception <a 'java/io/IOException'{0x0000000713d31a68}> (0x0000000713d31a68) thrown at [./src/hotspot/share/prims/jni.cpp, line 615]
Event: 10.786 Thread 0x0000023043708000 Exception <a 'java/io/IOException'{0x0000000713d34090}> (0x0000000713d34090) thrown at [./src/hotspot/share/prims/jni.cpp, line 615]
Event: 10.786 Thread 0x0000023043708000 Exception <a 'java/io/IOException'{0x0000000713d34648}> (0x0000000713d34648) thrown at [./src/hotspot/share/prims/jni.cpp, line 615]
Event: 10.786 Thread 0x0000023043708000 Exception <a 'java/io/IOException'{0x0000000713d36c88}> (0x0000000713d36c88) thrown at [./src/hotspot/share/prims/jni.cpp, line 615]
Event: 10.786 Thread 0x0000023043708000 Exception <a 'java/io/IOException'{0x0000000713d37240}> (0x0000000713d37240) thrown at [./src/hotspot/share/prims/jni.cpp, line 615]
Event: 10.786 Thread 0x0000023043708000 Exception <a 'java/io/IOException'{0x0000000713d398b0}> (0x0000000713d398b0) thrown at [./src/hotspot/share/prims/jni.cpp, line 615]
Event: 10.786 Thread 0x0000023043708000 Exception <a 'java/io/IOException'{0x0000000713d39e68}> (0x0000000713d39e68) thrown at [./src/hotspot/share/prims/jni.cpp, line 615]
Event: 10.787 Thread 0x0000023043708000 Exception <a 'java/io/IOException'{0x0000000713dd0580}> (0x0000000713dd0580) thrown at [./src/hotspot/share/prims/jni.cpp, line 615]
Event: 10.787 Thread 0x0000023043708000 Exception <a 'java/io/IOException'{0x0000000713dd0b38}> (0x0000000713dd0b38) thrown at [./src/hotspot/share/prims/jni.cpp, line 615]
Event: 10.788 Thread 0x0000023043708000 Exception <a 'java/io/IOException'{0x0000000713dd3160}> (0x0000000713dd3160) thrown at [./src/hotspot/share/prims/jni.cpp, line 615]
Event: 10.788 Thread 0x0000023043708000 Exception <a 'java/io/IOException'{0x0000000713dd3718}> (0x0000000713dd3718) thrown at [./src/hotspot/share/prims/jni.cpp, line 615]
Event: 10.788 Thread 0x0000023043708000 Exception <a 'java/io/IOException'{0x0000000713dd5d58}> (0x0000000713dd5d58) thrown at [./src/hotspot/share/prims/jni.cpp, line 615]
Event: 10.788 Thread 0x0000023043708000 Exception <a 'java/io/IOException'{0x0000000713dd6310}> (0x0000000713dd6310) thrown at [./src/hotspot/share/prims/jni.cpp, line 615]
Event: 10.788 Thread 0x0000023043708000 Exception <a 'java/io/IOException'{0x0000000713dd8980}> (0x0000000713dd8980) thrown at [./src/hotspot/share/prims/jni.cpp, line 615]
Event: 10.788 Thread 0x0000023043708000 Exception <a 'java/io/IOException'{0x0000000713dd8f38}> (0x0000000713dd8f38) thrown at [./src/hotspot/share/prims/jni.cpp, line 615]

Events (20 events):
Event: 10.890 Executing VM operation: RevokeBias
Event: 10.890 Executing VM operation: RevokeBias done
Event: 10.890 Executing VM operation: RevokeBias
Event: 10.890 Executing VM operation: RevokeBias done
Event: 10.890 Executing VM operation: RevokeBias
Event: 10.890 Executing VM operation: RevokeBias done
Event: 10.917 loading class java/awt/Container$MouseEventTargetFilter
Event: 10.917 loading class java/awt/Container$EventTargetFilter
Event: 10.917 loading class java/awt/Container$EventTargetFilter done
Event: 10.917 loading class java/awt/Container$MouseEventTargetFilter done
Event: 10.917 loading class java/awt/LightweightDispatcher$1
Event: 10.917 loading class java/awt/LightweightDispatcher$1 done
Event: 10.927 Executing VM operation: RevokeBias
Event: 10.928 Executing VM operation: RevokeBias done
Event: 10.928 Executing VM operation: RevokeBias
Event: 10.928 Executing VM operation: RevokeBias done
Event: 10.928 Executing VM operation: RevokeBias
Event: 10.928 Executing VM operation: RevokeBias done
Event: 10.934 loading class java/awt/geom/Path2D$Float$TxIterator
Event: 10.934 loading class java/awt/geom/Path2D$Float$TxIterator done


Dynamic libraries:
0x00007ff6b4820000 - 0x00007ff6b482d000 	C:\Program Files\STMicroelectronics\STM32Cube\STM32CubeMX\jre\bin\javaw.exe
0x00007ffa129d0000 - 0x00007ffa12bc5000 	C:\Windows\SYSTEM32\ntdll.dll
0x00007ffa11370000 - 0x00007ffa1142e000 	C:\Windows\System32\KERNEL32.DLL
0x00007ffa10680000 - 0x00007ffa10948000 	C:\Windows\System32\KERNELBASE.dll
0x00007ffa0d400000 - 0x00007ffa0d490000 	C:\Windows\SYSTEM32\apphelp.dll
0x00007ffa10270000 - 0x00007ffa10370000 	C:\Windows\System32\ucrtbase.dll
0x00007ffa0b5f0000 - 0x00007ffa0b605000 	C:\Program Files\STMicroelectronics\STM32Cube\STM32CubeMX\jre\bin\VCRUNTIME140.dll
0x00007ffa08aa0000 - 0x00007ffa08ab7000 	C:\Program Files\STMicroelectronics\STM32Cube\STM32CubeMX\jre\bin\jli.dll
0x00007ffa111d0000 - 0x00007ffa11370000 	C:\Windows\System32\USER32.dll
0x00007ffa10950000 - 0x00007ffa10972000 	C:\Windows\System32\win32u.dll
0x00007ffa0f510000 - 0x00007ffa0f7aa000 	C:\Windows\WinSxS\amd64_microsoft.windows.common-controls_6595b64144ccf1df_6.0.19041.1110_none_60b5254171f9507e\COMCTL32.dll
0x00007ffa12960000 - 0x00007ffa1298a000 	C:\Windows\System32\GDI32.dll
0x00007ffa126e0000 - 0x00007ffa1277e000 	C:\Windows\System32\msvcrt.dll
0x00007ffa100f0000 - 0x00007ffa101fb000 	C:\Windows\System32\gdi32full.dll
0x00007ffa105e0000 - 0x00007ffa1067d000 	C:\Windows\System32\msvcp_win.dll
0x00007ffa10a30000 - 0x00007ffa10a60000 	C:\Windows\System32\IMM32.DLL
0x00007ff9e3a00000 - 0x00007ff9e3a9b000 	C:\Program Files\STMicroelectronics\STM32Cube\STM32CubeMX\jre\bin\msvcp140.dll
0x00007ff9ce280000 - 0x00007ff9cedc3000 	C:\Program Files\STMicroelectronics\STM32Cube\STM32CubeMX\jre\bin\server\jvm.dll
0x00007ffa10dc0000 - 0x00007ffa10e6e000 	C:\Windows\System32\ADVAPI32.dll
0x00007ffa128c0000 - 0x00007ffa1295c000 	C:\Windows\System32\sechost.dll
0x00007ffa12030000 - 0x00007ffa12155000 	C:\Windows\System32\RPCRT4.dll
0x00007ffa11f30000 - 0x00007ffa11f38000 	C:\Windows\System32\PSAPI.DLL
0x00007ffa0fab0000 - 0x00007ffa0fab9000 	C:\Windows\SYSTEM32\WSOCK32.dll
0x00007ffa02e00000 - 0x00007ffa02e27000 	C:\Windows\SYSTEM32\WINMM.dll
0x00007ffa11770000 - 0x00007ffa117db000 	C:\Windows\System32\WS2_32.dll
0x00007ffa0d2c0000 - 0x00007ffa0d2ca000 	C:\Windows\SYSTEM32\VERSION.dll
0x00007ffa0d9e0000 - 0x00007ffa0d9f2000 	C:\Windows\SYSTEM32\kernel.appcore.dll
0x00007ffa0b460000 - 0x00007ffa0b470000 	C:\Program Files\STMicroelectronics\STM32Cube\STM32CubeMX\jre\bin\verify.dll
0x00007ffa0fb20000 - 0x00007ffa0fd04000 	C:\Windows\SYSTEM32\DBGHELP.DLL
0x00007ffa0fa70000 - 0x00007ffa0fa9c000 	C:\Windows\SYSTEM32\dbgcore.DLL
0x00007ffa10550000 - 0x00007ffa105d2000 	C:\Windows\System32\bcryptPrimitives.dll
0x00007ffa08a70000 - 0x00007ffa08a98000 	C:\Program Files\STMicroelectronics\STM32Cube\STM32CubeMX\jre\bin\java.dll
0x00007ffa0b2e0000 - 0x00007ffa0b2ea000 	C:\Program Files\STMicroelectronics\STM32Cube\STM32CubeMX\jre\bin\jimage.dll
0x00007ffa08930000 - 0x00007ffa08947000 	C:\Program Files\STMicroelectronics\STM32Cube\STM32CubeMX\jre\bin\zip.dll
0x00007ffa117e0000 - 0x00007ffa11f24000 	C:\Windows\System32\SHELL32.dll
0x00007ffa0dbe0000 - 0x00007ffa0e374000 	C:\Windows\SYSTEM32\windows.storage.dll
0x00007ffa10a60000 - 0x00007ffa10db4000 	C:\Windows\System32\combase.dll
0x00007ffa0f470000 - 0x00007ffa0f49c000 	C:\Windows\SYSTEM32\Wldp.dll
0x00007ffa12160000 - 0x00007ffa1220d000 	C:\Windows\System32\SHCORE.dll
0x00007ffa12860000 - 0x00007ffa128b5000 	C:\Windows\System32\shlwapi.dll
0x00007ffa10030000 - 0x00007ffa1004f000 	C:\Windows\SYSTEM32\profapi.dll
0x00007ffa088d0000 - 0x00007ffa088e9000 	C:\Program Files\STMicroelectronics\STM32Cube\STM32CubeMX\jre\bin\net.dll
0x00007ffa03cd0000 - 0x00007ffa03dda000 	C:\Windows\SYSTEM32\WINHTTP.dll
0x00007ffa0f340000 - 0x00007ffa0f3aa000 	C:\Windows\system32\mswsock.dll
0x00007ffa08760000 - 0x00007ffa08772000 	C:\Program Files\STMicroelectronics\STM32Cube\STM32CubeMX\jre\bin\nio.dll
0x00007ff9df000000 - 0x00007ff9df199000 	C:\Program Files\STMicroelectronics\STM32Cube\STM32CubeMX\jre\bin\awt.dll
0x00007ffa11f50000 - 0x00007ffa1201d000 	C:\Windows\System32\OLEAUT32.dll
0x00007ffa0fe80000 - 0x00007ffa0fe98000 	C:\Windows\SYSTEM32\CRYPTSP.dll
0x00007ffa0eb10000 - 0x00007ffa0eb44000 	C:\Windows\system32\rsaenh.dll
0x00007ffa103c0000 - 0x00007ffa103e7000 	C:\Windows\System32\bcrypt.dll
0x00007ffa0ffb0000 - 0x00007ffa0ffde000 	C:\Windows\SYSTEM32\USERENV.dll
0x00007ffa0f430000 - 0x00007ffa0f43c000 	C:\Windows\SYSTEM32\CRYPTBASE.dll
0x00007ffa0ee60000 - 0x00007ffa0ee9b000 	C:\Windows\SYSTEM32\IPHLPAPI.DLL
0x00007ffa11f40000 - 0x00007ffa11f48000 	C:\Windows\System32\NSI.dll
0x00007ffa097d0000 - 0x00007ffa097e7000 	C:\Windows\SYSTEM32\dhcpcsvc6.DLL
0x00007ffa094c0000 - 0x00007ffa094dd000 	C:\Windows\SYSTEM32\dhcpcsvc.DLL
0x00007ffa0eea0000 - 0x00007ffa0ef6b000 	C:\Windows\SYSTEM32\DNSAPI.dll
0x00007ffa0d5e0000 - 0x00007ffa0d67e000 	C:\Windows\system32\uxtheme.dll
0x00007ffa10fa0000 - 0x00007ffa110b5000 	C:\Windows\System32\MSCTF.dll
0x00007ffa10e70000 - 0x00007ffa10f9a000 	C:\Windows\System32\ole32.dll
0x00007ffa0d7d0000 - 0x00007ffa0d7ff000 	C:\Windows\system32\DWMAPI.DLL
0x00007ff9f5e60000 - 0x00007ff9f5f86000 	C:\Windows\system32\opengl32.dll
0x00007ff9f5ae0000 - 0x00007ff9f5b0c000 	C:\Windows\SYSTEM32\GLU32.dll
0x00007ff9fbf00000 - 0x00007ff9fbf85000 	C:\Program Files\STMicroelectronics\STM32Cube\STM32CubeMX\jre\bin\freetype.dll
0x00007ffa034e0000 - 0x00007ffa034f2000 	C:\Program Files\STMicroelectronics\STM32Cube\STM32CubeMX\jre\bin\fontmanager.dll
0x00007ff9def40000 - 0x00007ff9deffc000 	C:\Program Files\STMicroelectronics\STM32Cube\STM32CubeMX\jre\bin\harfbuzz.dll
0x0000000063560000 - 0x0000000063569000 	C:\Program Files\National Instruments\Shared\mDNS Responder\nimdnsNSP.dll
0x000000005ced0000 - 0x000000005cf73000 	C:\Windows\WinSxS\amd64_microsoft.vc90.crt_1fc8b3b9a1e18e3b_9.0.30729.9625_none_08e1c10da83fbc83\MSVCR90.dll
0x0000000063550000 - 0x000000006355e000 	C:\Windows\SYSTEM32\nimdnsResponder.dll
0x00007ffa031b0000 - 0x00007ffa031ba000 	C:\Windows\System32\rasadhlp.dll
0x00007ffa0b060000 - 0x00007ffa0b069000 	C:\Program Files\STMicroelectronics\STM32Cube\STM32CubeMX\jre\bin\management.dll
0x00007ffa08ae0000 - 0x00007ffa08aeb000 	C:\Program Files\STMicroelectronics\STM32Cube\STM32CubeMX\jre\bin\management_ext.dll
0x00007ffa08a60000 - 0x00007ffa08a69000 	C:\Program Files\STMicroelectronics\STM32Cube\STM32CubeMX\jre\bin\prefs.dll
0x00007ff9de4d0000 - 0x00007ff9de4e7000 	C:\Windows\system32\napinsp.dll
0x00007ff9de4b0000 - 0x00007ff9de4cb000 	C:\Windows\system32\pnrpnsp.dll
0x00007ff9f42f0000 - 0x00007ff9f4305000 	C:\Windows\system32\wshbth.dll
0x00007ffa0b4b0000 - 0x00007ffa0b4cd000 	C:\Windows\system32\NLAapi.dll
0x00007ff9de490000 - 0x00007ff9de4a2000 	C:\Windows\System32\winrnr.dll
0x00007ffa03070000 - 0x00007ffa030ef000 	C:\Windows\System32\fwpuclnt.dll
0x00007ffa08920000 - 0x00007ffa0892e000 	C:\Program Files\STMicroelectronics\STM32Cube\STM32CubeMX\jre\bin\sunmscapi.dll
0x00007ffa103f0000 - 0x00007ffa10546000 	C:\Windows\System32\CRYPT32.dll
0x00007ffa0f4e0000 - 0x00007ffa0f507000 	C:\Windows\SYSTEM32\ncrypt.dll
0x00007ffa0f4a0000 - 0x00007ffa0f4db000 	C:\Windows\SYSTEM32\NTASN1.dll
0x00007ffa031c0000 - 0x00007ffa031e5000 	C:\Program Files\STMicroelectronics\STM32Cube\STM32CubeMX\jre\bin\sunec.dll
0x00007ffa0f8b0000 - 0x00007ffa0f8c2000 	C:\Windows\SYSTEM32\MSASN1.dll
0x00007ffa0e390000 - 0x00007ffa0e3b3000 	C:\Windows\SYSTEM32\gpapi.dll
0x00007ff9fe370000 - 0x00007ff9fe39d000 	C:\Program Files\STMicroelectronics\STM32Cube\STM32CubeMX\jre\bin\javajpeg.dll
0x00007ffa116c0000 - 0x00007ffa11769000 	C:\Windows\System32\clbcatq.dll
0x00007ffa09fc0000 - 0x00007ffa0a174000 	C:\Windows\SYSTEM32\WindowsCodecs.dll
0x00007ff9f47c0000 - 0x00007ff9f47fe000 	C:\Windows\system32\dataexchange.dll
0x00007ffa0c7f0000 - 0x00007ffa0c9d5000 	C:\Windows\system32\dcomp.dll
0x00007ffa0bfc0000 - 0x00007ffa0c224000 	C:\Windows\system32\d3d11.dll
0x00007ffa0e3c0000 - 0x00007ffa0e4b3000 	C:\Windows\system32\dxgi.dll
0x00007ffa0a1a0000 - 0x00007ffa0a3a1000 	C:\Windows\system32\twinapi.appcore.dll
0x00007ffa07be0000 - 0x00007ffa07cd9000 	C:\Windows\SYSTEM32\textinputframework.dll
0x00007ffa0d0c0000 - 0x00007ffa0d1b2000 	C:\Windows\System32\CoreMessaging.dll
0x00007ffa0cd60000 - 0x00007ffa0d0be000 	C:\Windows\System32\CoreUIComponents.dll
0x00007ffa0fd60000 - 0x00007ffa0fd93000 	C:\Windows\SYSTEM32\ntmarta.dll
0x00007ffa0ba00000 - 0x00007ffa0bb54000 	C:\Windows\SYSTEM32\wintypes.dll
0x0000000067740000 - 0x0000000067818000 	C:\Users\MYDELL\AppData\Local\Temp\sqlite-3.34.0-f02f1b5e-ec62-440e-ba05-6afa86133939-sqlitejdbc.dll

dbghelp: loaded successfully - version: 4.0.5 - missing functions: none
symbol engine: initialized successfully - sym options: 0x614 - pdb path: .;C:\Program Files\STMicroelectronics\STM32Cube\STM32CubeMX\jre\bin;C:\Windows\SYSTEM32;C:\Windows\WinSxS\amd64_microsoft.windows.common-controls_6595b64144ccf1df_6.0.19041.1110_none_60b5254171f9507e;C:\Program Files\STMicroelectronics\STM32Cube\STM32CubeMX\jre\bin\server;C:\Program Files\National Instruments\Shared\mDNS Responder;C:\Windows\WinSxS\amd64_microsoft.vc90.crt_1fc8b3b9a1e18e3b_9.0.30729.9625_none_08e1c10da83fbc83;C:\Users\MYDELL\AppData\Local\Temp

VM Arguments:
jvm_args: -Djavax.net.ssl.trustStoreType=WINDOWS-ROOT 
java_command: com.st.microxplorer.maingui.STM32CubeMX C:\Users\MYDELL\Documents\code\cayvailol\cayvailol.ioc
java_class_path (initial): C:\Program Files\STMicroelectronics\STM32Cube\STM32CubeMX\STM32CubeMX.exe;anything
Launcher Type: SUN_STANDARD

[Global flags]
     intx CICompilerCount                          = 3                                         {product} {ergonomic}
     uint ConcGCThreads                            = 1                                         {product} {ergonomic}
     uint G1ConcRefinementThreads                  = 4                                         {product} {ergonomic}
   size_t G1HeapRegionSize                         = 1048576                                   {product} {ergonomic}
    uintx GCDrainStackTargetSize                   = 64                                        {product} {ergonomic}
   size_t InitialHeapSize                          = 268435456                                 {product} {ergonomic}
   size_t MarkStackSize                            = 4194304                                   {product} {ergonomic}
   size_t MaxHeapSize                              = 4273995776                                {product} {ergonomic}
   size_t MaxNewSize                               = 2563768320                                {product} {ergonomic}
   size_t MinHeapDeltaBytes                        = 1048576                                   {product} {ergonomic}
    uintx NonNMethodCodeHeapSize                   = 5830732                                {pd product} {ergonomic}
    uintx NonProfiledCodeHeapSize                  = 122913754                              {pd product} {ergonomic}
    uintx ProfiledCodeHeapSize                     = 122913754                              {pd product} {ergonomic}
    uintx ReservedCodeCacheSize                    = 251658240                              {pd product} {ergonomic}
     bool SegmentedCodeCache                       = true                                      {product} {ergonomic}
     bool UseCompressedClassPointers               = true                                 {lp64_product} {ergonomic}
     bool UseCompressedOops                        = true                                 {lp64_product} {ergonomic}
     bool UseG1GC                                  = true                                      {product} {ergonomic}
     bool UseLargePagesIndividualAllocation        = false                                  {pd product} {ergonomic}

Logging:
Log output configuration:
 #0: stdout all=warning uptime,level,tags
 #1: stderr all=off uptime,level,tags

Environment Variables:
PATH=C:\Program Files\STMicroelectronics\STM32Cube\STM32CubeMX\;C:\Program Files (x86)\Common Files\Oracle\Java\javapath;C:\Windows\system32;C:\Windows;C:\Windows\System32\Wbem;C:\Windows\System32\WindowsPowerShell\v1.0\;C:\Windows\System32\OpenSSH\;C:\Program Files\Git\cmd;C:\Program Files (x86)\IVI Foundation\VISA\WinNT\Bin\;C:\Program Files\IVI Foundation\VISA\Win64\Bin\;C:\Program Files (x86)\IVI Foundation\VISA\WinNT\Bin;C:\Users\MYDELL\AppData\Local\Programs\Python\Python38\Scripts\;C:\Users\MYDELL\AppData\Local\Programs\Python\Python38\;C:\Users\MYDELL\AppData\Local\Microsoft\WindowsApps;;C:\Users\MYDELL\AppData\Local\Programs\Microsoft VS Code\bin;C:\Program Files\STMicroelectronics\STM32Cube\STM32CubeMX\.\jre\\bin
USERNAME=MYDELL
OS=Windows_NT
PROCESSOR_IDENTIFIER=Intel64 Family 6 Model 60 Stepping 3, GenuineIntel



---------------  S Y S T E M  ---------------

OS: Windows 10 , 64 bit Build 19041 (10.0.19041.1645)
OS uptime: 0 days 0:21 hours

CPU:total 4 (initial active 4) (4 cores per cpu, 1 threads per core) family 6 model 60 stepping 3 microcode 0x27, cmov, cx8, fxsr, mmx, sse, sse2, sse3, ssse3, sse4.1, sse4.2, popcnt, avx, avx2, aes, clmul, erms, lzcnt, tsc, tscinvbit, bmi1, bmi2, fma

Memory: 4k page, system-wide physical 16302M (10748M free)
TotalPageFile size 18734M (AvailPageFile size 12942M)
current process WorkingSet (physical memory assigned to process): 570M, peak: 572M
current process commit charge ("private bytes"): 633M, peak: 634M

vm_info: OpenJDK 64-Bit Server VM (11.0.10+9) for windows-amd64 JRE (11.0.10+9), built on Jan 20 2021 06:07:07 by "" with MS VC++ 15.9 (VS2017)

END.
